{
  "stats": {
    "suites": 1,
    "tests": 3,
    "passes": 3,
    "pending": 0,
    "failures": 0,
    "start": "2023-11-21T09:55:37.282Z",
    "end": "2023-11-21T09:55:55.743Z",
    "duration": 18461,
    "testsRegistered": 3,
    "passPercent": 100,
    "pendingPercent": 0,
    "other": 0,
    "hasOther": false,
    "skipped": 0,
    "hasSkipped": false
  },
  "results": [
    {
      "uuid": "596c477c-88d2-4efd-9345-4c02839e7a81",
      "title": "",
      "fullFile": "cypress/e2e/2-saucedemo-app/loginPage.cy.js",
      "file": "cypress/e2e/2-saucedemo-app/loginPage.cy.js",
      "beforeHooks": [],
      "afterHooks": [],
      "tests": [],
      "suites": [
        {
          "uuid": "a45b6e61-42ec-4c10-9adf-2ad3ec92cd2b",
          "title": "Login and Logout",
          "fullFile": "",
          "file": "",
          "beforeHooks": [],
          "afterHooks": [],
          "tests": [
            {
              "title": "should login with valid credentials",
              "fullTitle": "Login and Logout should login with valid credentials",
              "timedOut": null,
              "duration": 6256,
              "state": "passed",
              "speed": "medium",
              "pass": true,
              "fail": false,
              "pending": false,
              "context": null,
              "code": "cy.xpath(\"//input[@id='user-name']\").type(username).should('have.value', username);\ncy.xpath(\"//input[@id='password']\").type(password).should('have.value', password);\ncy.xpath(\"//input[@id='login-button']\").click();\ncy.contains('Products').should('be.visible');\n// cy.screenshot();\ncy.wait(2000);",
              "err": {},
              "uuid": "5f572aed-b244-4b17-955d-9c5304e4c684",
              "parentUUID": "a45b6e61-42ec-4c10-9adf-2ad3ec92cd2b",
              "isHook": false,
              "skipped": false
            },
            {
              "title": "should show an error message for invalid credentials",
              "fullTitle": "Login and Logout should show an error message for invalid credentials",
              "timedOut": null,
              "duration": 4979,
              "state": "passed",
              "speed": "fast",
              "pass": true,
              "fail": false,
              "pending": false,
              "context": null,
              "code": "cy.xpath(\"//input[@id='user-name']\").type(username);\ncy.xpath(\"//input[@id='password']\").type(invalidPassword);\ncy.xpath(\"//input[@id='login-button']\").click();\ncy.wait(2000);\ncy.xpath(\"//h3[contains(text(),'Epic sadface: Username and password do not match a')]\").should('have.text', 'Epic sadface: Username and password do not match any user in this service');\n// cy.screenshot();",
              "err": {},
              "uuid": "07575649-d052-4a93-9990-081db09d4ea5",
              "parentUUID": "a45b6e61-42ec-4c10-9adf-2ad3ec92cd2b",
              "isHook": false,
              "skipped": false
            },
            {
              "title": "should logout after successful login",
              "fullTitle": "Login and Logout should logout after successful login",
              "timedOut": null,
              "duration": 7098,
              "state": "passed",
              "speed": "medium",
              "pass": true,
              "fail": false,
              "pending": false,
              "context": null,
              "code": "// Reuse login code from the first test\ncy.xpath(\"//input[@id='user-name']\").type(username);\ncy.xpath(\"//input[@id='password']\").type(password);\ncy.xpath(\"//input[@id='login-button']\").click();\ncy.wait(2000);\ncy.contains('Products').should('be.visible');\n// Logout\ncy.get('.bm-burger-button').click();\ncy.get('#logout_sidebar_link').click();\ncy.wait(2000);\n// Verify logout\ncy.url().should('include', '/');\ncy.contains('Swag Labs').should('be.visible');\n// cy.screenshot();",
              "err": {},
              "uuid": "0c3422ac-d70f-4c1b-9db0-f57a4c7d9fc8",
              "parentUUID": "a45b6e61-42ec-4c10-9adf-2ad3ec92cd2b",
              "isHook": false,
              "skipped": false
            }
          ],
          "suites": [],
          "passes": [
            "5f572aed-b244-4b17-955d-9c5304e4c684",
            "07575649-d052-4a93-9990-081db09d4ea5",
            "0c3422ac-d70f-4c1b-9db0-f57a4c7d9fc8"
          ],
          "failures": [],
          "pending": [],
          "skipped": [],
          "duration": 18333,
          "root": false,
          "rootEmpty": false,
          "_timeout": 2000
        }
      ],
      "passes": [],
      "failures": [],
      "pending": [],
      "skipped": [],
      "duration": 0,
      "root": true,
      "rootEmpty": true,
      "_timeout": 2000
    }
  ],
  "meta": {
    "mocha": {
      "version": "7.0.1"
    },
    "mochawesome": {
      "options": {
        "quiet": false,
        "reportFilename": "mochawesome",
        "saveHtml": false,
        "saveJson": true,
        "consoleReporter": "spec",
        "useInlineDiffs": false,
        "code": true
      },
      "version": "7.1.3"
    },
    "marge": {
      "options": {
        "charts": true,
        "overwrite": false,
        "html": false,
        "json": true,
        "reportDir": "cypress/reports/mocha"
      },
      "version": "6.2.0"
    }
  }
}