{
  "stats": {
    "suites": 2,
    "tests": 3,
    "passes": 2,
    "pending": 0,
    "failures": 1,
    "start": "2023-11-21T10:00:31.732Z",
    "end": "2023-11-21T10:01:22.644Z",
    "duration": 50912,
    "testsRegistered": 3,
    "passPercent": 66.66666666666666,
    "pendingPercent": 0,
    "other": 0,
    "hasOther": false,
    "skipped": 0,
    "hasSkipped": false
  },
  "results": [
    {
      "uuid": "894a5897-7e11-4843-b4ec-025c52bbb5fb",
      "title": "",
      "fullFile": "cypress/e2e/5-orange_app/loginTest.cy.js",
      "file": "cypress/e2e/5-orange_app/loginTest.cy.js",
      "beforeHooks": [],
      "afterHooks": [],
      "tests": [],
      "suites": [
        {
          "uuid": "01b584ea-15d3-4d06-a48a-49e2417f84ac",
          "title": "Login Functional",
          "fullFile": "",
          "file": "",
          "beforeHooks": [],
          "afterHooks": [],
          "tests": [
            {
              "title": "logs in with valid credentials",
              "fullTitle": "Login Functional logs in with valid credentials",
              "timedOut": null,
              "duration": 18168,
              "state": "passed",
              "speed": "slow",
              "pass": true,
              "fail": false,
              "pending": false,
              "context": null,
              "code": "cy.get('.orangehrm-login-slot').should('exist');\n// Type valid username and password\ncy.get(':nth-child(2) > .oxd-input-group > :nth-child(2) > .oxd-input').type(username);\ncy.get(':nth-child(3) > .oxd-input-group > :nth-child(2) > .oxd-input').type(validPassword);\n// Click login button\ncy.get('.oxd-button').click();\n// Assertion: Check if the layout context exists after login\ncy.get('.oxd-layout-context').should('exist');",
              "err": {},
              "uuid": "50498fb6-ae7a-4cc5-8a4f-ad2c9529ddf0",
              "parentUUID": "01b584ea-15d3-4d06-a48a-49e2417f84ac",
              "isHook": false,
              "skipped": false
            },
            {
              "title": "fails to log in with invalid credentials",
              "fullTitle": "Login Functional fails to log in with invalid credentials",
              "timedOut": null,
              "duration": 10542,
              "state": "failed",
              "speed": null,
              "pass": false,
              "fail": true,
              "pending": false,
              "context": null,
              "code": "cy.get('.orangehrm-login-slot').should('exist');\n// Type invalid username and password\ncy.get(':nth-child(2) > .oxd-input-group > :nth-child(2) > .oxd-input').type(username);\ncy.get(':nth-child(3) > .oxd-input-group > :nth-child(2) > .oxd-input').type(invalidPassword);\n// Click login button\ncy.get('.oxd-button').click();\n// Assertion: Check if the alert appears after unsuccessful login\ncy.get('.oxd-alert').should('exist');",
              "err": {
                "message": "CypressError: Timed out after waiting `10000ms` for your remote page to load.\n\nYour page did not fire its `load` event within `10000ms`.\n\nYou can try increasing the `pageLoadTimeout` value in `cypress.config.js` to wait longer.\n\nBrowsers will not fire the `load` event until all stylesheets and scripts are done downloading.\n\nWhen this `load` event occurs, Cypress will continue running commands.\n\nBecause this error occurred during a `before each` hook we are skipping the remaining tests in the current suite: `Login Functional`",
                "estack": "CypressError: Timed out after waiting `10000ms` for your remote page to load.\n\nYour page did not fire its `load` event within `10000ms`.\n\nYou can try increasing the `pageLoadTimeout` value in `cypress.config.js` to wait longer.\n\nBrowsers will not fire the `load` event until all stylesheets and scripts are done downloading.\n\nWhen this `load` event occurs, Cypress will continue running commands.\n\nBecause this error occurred during a `before each` hook we are skipping the remaining tests in the current suite: `Login Functional`\n    at timedOutWaitingForPageLoad (https://opensource-demo.orangehrmlive.com/__cypress/runner/cypress_runner.js:130376:64)\n    at <unknown> (https://opensource-demo.orangehrmlive.com/__cypress/runner/cypress_runner.js:131364:16)\n    at tryCatcher (https://opensource-demo.orangehrmlive.com/__cypress/runner/cypress_runner.js:1807:23)\n    at <unknown> (https://opensource-demo.orangehrmlive.com/__cypress/runner/cypress_runner.js:4186:41)\n    at tryCatcher (https://opensource-demo.orangehrmlive.com/__cypress/runner/cypress_runner.js:1807:23)\n    at Promise._settlePromiseFromHandler (https://opensource-demo.orangehrmlive.com/__cypress/runner/cypress_runner.js:1519:31)\n    at Promise._settlePromise (https://opensource-demo.orangehrmlive.com/__cypress/runner/cypress_runner.js:1576:18)\n    at Promise._settlePromise0 (https://opensource-demo.orangehrmlive.com/__cypress/runner/cypress_runner.js:1621:10)\n    at Promise._settlePromises (https://opensource-demo.orangehrmlive.com/__cypress/runner/cypress_runner.js:1697:18)\n    at _drainQueueStep (https://opensource-demo.orangehrmlive.com/__cypress/runner/cypress_runner.js:2407:12)\n    at _drainQueue (https://opensource-demo.orangehrmlive.com/__cypress/runner/cypress_runner.js:2400:9)\n    at Async._drainQueues (https://opensource-demo.orangehrmlive.com/__cypress/runner/cypress_runner.js:2416:5)\n    at Async.drainQueues (https://opensource-demo.orangehrmlive.com/__cypress/runner/cypress_runner.js:2286:14)\nFrom Your Spec Code:\n    at Context.eval (webpack://cypress_test/./cypress/e2e/5-orange_app/loginTest.cy.js:9:11)",
                "diff": null
              },
              "uuid": "e3a6b148-b6f5-4fd0-8e69-627214df3acd",
              "parentUUID": "01b584ea-15d3-4d06-a48a-49e2417f84ac",
              "isHook": false,
              "skipped": false
            }
          ],
          "suites": [],
          "passes": [
            "50498fb6-ae7a-4cc5-8a4f-ad2c9529ddf0"
          ],
          "failures": [
            "e3a6b148-b6f5-4fd0-8e69-627214df3acd"
          ],
          "pending": [],
          "skipped": [],
          "duration": 28710,
          "root": false,
          "rootEmpty": false,
          "_timeout": 2000
        },
        {
          "uuid": "84d84703-e08e-42d6-8bb5-89aca4bd3fea",
          "title": "Forgot Password",
          "fullFile": "",
          "file": "",
          "beforeHooks": [],
          "afterHooks": [],
          "tests": [
            {
              "title": "User can reset a password and receive an email",
              "fullTitle": "Forgot Password User can reset a password and receive an email",
              "timedOut": null,
              "duration": 19007,
              "state": "passed",
              "speed": "slow",
              "pass": true,
              "fail": false,
              "pending": false,
              "context": null,
              "code": "// Click on the \"Forgot Password\" link\ncy.get('.orangehrm-login-forgot > .oxd-text').click();\n// Assertion: Check if the URL includes the expected path\ncy.url().should('include', '/web/index.php/auth/requestPasswordResetCode');\n// Type username for password reset\ncy.get('.oxd-input').type('Admin');\n// Click on the Reset passoword button\ncy.get('.oxd-button--secondary').click();\n// Assertion: Check if the card container exists after password reset request\ncy.get('.orangehrm-card-container').should('exist');\n// Assertion: Check if the success message is displayed\ncy.get('.oxd-text--h6').should('have.text', 'Reset Password link sent successfully');",
              "err": {},
              "uuid": "46c8896c-c23c-4d5e-885b-e0aa4764a13b",
              "parentUUID": "84d84703-e08e-42d6-8bb5-89aca4bd3fea",
              "isHook": false,
              "skipped": false
            }
          ],
          "suites": [],
          "passes": [
            "46c8896c-c23c-4d5e-885b-e0aa4764a13b"
          ],
          "failures": [],
          "pending": [],
          "skipped": [],
          "duration": 19007,
          "root": false,
          "rootEmpty": false,
          "_timeout": 2000
        }
      ],
      "passes": [],
      "failures": [],
      "pending": [],
      "skipped": [],
      "duration": 0,
      "root": true,
      "rootEmpty": true,
      "_timeout": 2000
    }
  ],
  "meta": {
    "mocha": {
      "version": "7.0.1"
    },
    "mochawesome": {
      "options": {
        "quiet": false,
        "reportFilename": "mochawesome",
        "saveHtml": false,
        "saveJson": true,
        "consoleReporter": "spec",
        "useInlineDiffs": false,
        "code": true
      },
      "version": "7.1.3"
    },
    "marge": {
      "options": {
        "charts": true,
        "overwrite": false,
        "html": false,
        "json": true,
        "reportDir": "cypress/reports/mocha"
      },
      "version": "6.2.0"
    }
  }
}