{
  "stats": {
    "suites": 1,
    "tests": 1,
    "passes": 1,
    "pending": 0,
    "failures": 0,
    "start": "2023-11-21T09:58:12.247Z",
    "end": "2023-11-21T09:58:24.876Z",
    "duration": 12629,
    "testsRegistered": 1,
    "passPercent": 100,
    "pendingPercent": 0,
    "other": 0,
    "hasOther": false,
    "skipped": 0,
    "hasSkipped": false
  },
  "results": [
    {
      "uuid": "9d08a92e-08b3-4f43-85c6-04e15b3f770f",
      "title": "",
      "fullFile": "cypress/e2e/2-saucedemo-app/productCheckout.cy.js",
      "file": "cypress/e2e/2-saucedemo-app/productCheckout.cy.js",
      "beforeHooks": [],
      "afterHooks": [],
      "tests": [],
      "suites": [
        {
          "uuid": "65599861-3d04-4396-96fd-4ad330fd25d1",
          "title": "Product Checkout",
          "fullFile": "",
          "file": "",
          "beforeHooks": [],
          "afterHooks": [],
          "tests": [
            {
              "title": "should add items to the cart and proceed to checkout",
              "fullTitle": "Product Checkout should add items to the cart and proceed to checkout",
              "timedOut": null,
              "duration": 12567,
              "state": "passed",
              "speed": "slow",
              "pass": true,
              "fail": false,
              "pending": false,
              "context": null,
              "code": "// Login\ncy.xpath(\"//input[@id='user-name']\").type(username);\ncy.xpath(\"//input[@id='password']\").type(password);\ncy.xpath(\"//input[@id='login-button']\").click();\ncy.contains('Products').should('be.visible');\ncy.wait(2000);\n// Add items to the cart\ncy.get('.inventory_item').first().find('.btn_inventory').click();\ncy.get('.inventory_item').eq(2).find('.btn_inventory').click();\ncy.get('.shopping_cart_badge').should('be.visible').and('have.text', '2');\n// Go to the shopping cart\ncy.get('.shopping_cart_link').click();\n// Verify items in the cart\ncy.get('.cart_item').should('have.length', 2);\n// Proceed to checkout\ncy.get('[data-test=\"checkout\"]').click();\n// Verify navigation to the checkout page\ncy.url().should('include', '/checkout-step-one');\ncy.wait(2000);\ncy.contains('Checkout: Your Information').should('be.visible').and('have.text', 'Checkout: Your Information');\n// Fill in user information\ncy.get('[data-test=\"firstName\"]').type(firstName).should('have.value', firstName);\ncy.get('[data-test=\"lastName\"]').type(lastName).should('have.value', lastName);\ncy.get('[data-test=\"postalCode\"]').type(postalCode).should('have.value', postalCode);\ncy.get('[data-test=\"continue\"]').click();\ncy.wait(2000);\n// Verify checkout summary\ncy.get('#checkout_summary_container').should('be.visible');\ncy.get('.cart_list').should('contain', 'QTY').and('contain', 'Description');\ncy.get('.summary_info').should('contain', 'Payment Information').and('contain', 'Shipping Information').and('contain', 'Price Total');\ncy.get('.summary_total_label').should('contain', 'Total: $').and('contain', '49.66');\n// Complete the order\ncy.get('[data-test=\"finish\"]').click();\ncy.wait(2000);\n// Verify order completion message\ncy.get('#checkout_complete_container').should('be.visible').find('.complete-header').should('have.text', 'Thank you for your order!');\ncy.get('.complete-text').should('have.text', 'Your order has been dispatched, and will arrive just as fast as the pony can get there!');",
              "err": {},
              "uuid": "57d6702e-689f-4f43-963b-e5dfeddc7a18",
              "parentUUID": "65599861-3d04-4396-96fd-4ad330fd25d1",
              "isHook": false,
              "skipped": false
            }
          ],
          "suites": [],
          "passes": [
            "57d6702e-689f-4f43-963b-e5dfeddc7a18"
          ],
          "failures": [],
          "pending": [],
          "skipped": [],
          "duration": 12567,
          "root": false,
          "rootEmpty": false,
          "_timeout": 2000
        }
      ],
      "passes": [],
      "failures": [],
      "pending": [],
      "skipped": [],
      "duration": 0,
      "root": true,
      "rootEmpty": true,
      "_timeout": 2000
    }
  ],
  "meta": {
    "mocha": {
      "version": "7.0.1"
    },
    "mochawesome": {
      "options": {
        "quiet": false,
        "reportFilename": "mochawesome",
        "saveHtml": false,
        "saveJson": true,
        "consoleReporter": "spec",
        "useInlineDiffs": false,
        "code": true
      },
      "version": "7.1.3"
    },
    "marge": {
      "options": {
        "charts": true,
        "overwrite": false,
        "html": false,
        "json": true,
        "reportDir": "cypress/reports/mocha"
      },
      "version": "6.2.0"
    }
  }
}