{
  "stats": {
    "suites": 1,
    "tests": 1,
    "passes": 1,
    "pending": 0,
    "failures": 0,
    "start": "2023-11-19T17:14:59.408Z",
    "end": "2023-11-19T17:15:07.296Z",
    "duration": 7888,
    "testsRegistered": 1,
    "passPercent": 100,
    "pendingPercent": 0,
    "other": 0,
    "hasOther": false,
    "skipped": 0,
    "hasSkipped": false
  },
  "results": [
    {
      "uuid": "3c07f2d9-b451-46e0-972f-6ad6484b71a7",
      "title": "",
      "fullFile": "cypress/e2e/5-orange_hrm/dasboard.cy.js",
      "file": "cypress/e2e/5-orange_hrm/dasboard.cy.js",
      "beforeHooks": [],
      "afterHooks": [],
      "tests": [],
      "suites": [
        {
          "uuid": "5ae01485-2b54-4bba-bbb0-3b15bfa70b08",
          "title": "Dashboard Page",
          "fullFile": "",
          "file": "",
          "beforeHooks": [],
          "afterHooks": [],
          "tests": [
            {
              "title": "Verify all widgets on the dashboard are displayed",
              "fullTitle": "Dashboard Page Verify all widgets on the dashboard are displayed",
              "timedOut": null,
              "duration": 6737,
              "state": "passed",
              "speed": "medium",
              "pass": true,
              "fail": false,
              "pending": false,
              "context": null,
              "code": "// Time at Work widget\ncy.get('.orangehrm-dashboard-grid > :nth-child(1)').should('exist').find('.oxd-sheet').should('be.visible').and('have.text', 'Time at Work');\n// My Actions widget (uncomment if needed)\n// cy.get(':nth-child(2) > .oxd-sheet').should('be.visible');\n// Quick Launch widget\ncy.get(':nth-child(3) > .oxd-sheet').should('be.visible').and('have.text', 'Quick Launch');\n// Buzz Latest Posts widget\ncy.get(':nth-child(4) > .oxd-sheet').should('be.visible').and('have.text', 'Buzz Latest Posts');\n// Employees on Leave Today widget\ncy.get(':nth-child(5) > .oxd-sheet').should('be.visible').and('have.text', 'Employees on Leave Today');\n// Employee Distribution by Sub Unit widget\ncy.get(':nth-child(6) > .oxd-sheet').should('be.visible').and('have.text', 'Employee Distribution by Sub Unit');\n// Employee Distribution by Location widget\ncy.get(':nth-child(7) > .oxd-sheet').should('be.visible').and('have.text', 'Employee Distribution by Location');",
              "err": {},
              "uuid": "1385947b-9f99-469a-a3e6-f175e569a6fd",
              "parentUUID": "5ae01485-2b54-4bba-bbb0-3b15bfa70b08",
              "isHook": false,
              "skipped": false
            }
          ],
          "suites": [],
          "passes": [
            "1385947b-9f99-469a-a3e6-f175e569a6fd"
          ],
          "failures": [],
          "pending": [],
          "skipped": [],
          "duration": 6737,
          "root": false,
          "rootEmpty": false,
          "_timeout": 2000
        }
      ],
      "passes": [],
      "failures": [],
      "pending": [],
      "skipped": [],
      "duration": 0,
      "root": true,
      "rootEmpty": true,
      "_timeout": 2000
    }
  ],
  "meta": {
    "mocha": {
      "version": "7.0.1"
    },
    "mochawesome": {
      "options": {
        "quiet": false,
        "reportFilename": "mochawesome",
        "saveHtml": false,
        "saveJson": true,
        "consoleReporter": "spec",
        "useInlineDiffs": false,
        "code": true
      },
      "version": "7.1.3"
    },
    "marge": {
      "options": {
        "charts": true,
        "overwrite": false,
        "html": false,
        "json": true,
        "reportDir": "cypress/reports/mocha"
      },
      "version": "6.2.0"
    }
  }
}