{
  "stats": {
    "suites": 1,
    "tests": 4,
    "passes": 4,
    "pending": 0,
    "failures": 0,
    "start": "2023-11-21T09:53:36.227Z",
    "end": "2023-11-21T09:53:37.738Z",
    "duration": 1511,
    "testsRegistered": 4,
    "passPercent": 100,
    "pendingPercent": 0,
    "other": 0,
    "hasOther": false,
    "skipped": 0,
    "hasSkipped": false
  },
  "results": [
    {
      "uuid": "60d2bf95-8ba1-43a5-b70f-c6ebc02fd49a",
      "title": "",
      "fullFile": "cypress/e2e/4-api_testing/api_test.cy.js",
      "file": "cypress/e2e/4-api_testing/api_test.cy.js",
      "beforeHooks": [],
      "afterHooks": [],
      "tests": [],
      "suites": [
        {
          "uuid": "7d64dd00-351a-487a-8de2-a34cd56bce12",
          "title": "API Testing with Cypress",
          "fullFile": "",
          "file": "",
          "beforeHooks": [],
          "afterHooks": [],
          "tests": [
            {
              "title": "should retrieve a list of users",
              "fullTitle": "API Testing with Cypress should retrieve a list of users",
              "timedOut": null,
              "duration": 163,
              "state": "passed",
              "speed": "fast",
              "pass": true,
              "fail": false,
              "pending": false,
              "context": null,
              "code": "cy.request('GET', 'https://reqres.in/api/users?page=1').then(response => {\n  // Verifikasi bahwa responsenya memiliki status code 200\n  expect(response.status).to.eq(200);\n  // Verifikasi bahwa 'data' ada di dalam respons\n  expect(response.body).to.have.property('data');\n  // Verifikasi bahwa 'data' berupa array\n  expect(response.body.data).to.be.an('array');\n  // Verifikasi bahwa setidaknya ada satu pengguna dalam array\n  expect(response.body.data).to.have.length.greaterThan(0);\n  // Outputkan daftar pengguna dalam konsol\n  cy.log('List of Users:', response.body.data);\n});",
              "err": {},
              "uuid": "1d717e46-dcf2-47d3-a464-ae63f37d4a81",
              "parentUUID": "7d64dd00-351a-487a-8de2-a34cd56bce12",
              "isHook": false,
              "skipped": false
            },
            {
              "title": "should create a new user using POST request",
              "fullTitle": "API Testing with Cypress should create a new user using POST request",
              "timedOut": null,
              "duration": 430,
              "state": "passed",
              "speed": "fast",
              "pass": true,
              "fail": false,
              "pending": false,
              "context": null,
              "code": "// Data pengguna yang akan dibuat\nconst newUser = {\n  name: 'Naufal Azhar',\n  job: 'Tester'\n};\ncy.request({\n  method: 'POST',\n  url: 'https://reqres.in/api/users',\n  body: newUser\n}).then(response => {\n  // Verifikasi bahwa responsenya memiliki status code 201 (Created)\n  expect(response.status).to.eq(201);\n  // Verifikasi bahwa 'name' dan 'job' yang dikirimkan sesuai dengan yang diterima\n  expect(response.body.name).to.eq(newUser.name);\n  expect(response.body.job).to.eq(newUser.job);\n  // Outputkan informasi pengguna yang baru dibuat dalam konsol\n  cy.log('New User Created:', response.body);\n});",
              "err": {},
              "uuid": "65779129-a5e5-4c34-80b9-0a0c1857d385",
              "parentUUID": "7d64dd00-351a-487a-8de2-a34cd56bce12",
              "isHook": false,
              "skipped": false
            },
            {
              "title": "should update user information using PUT request",
              "fullTitle": "API Testing with Cypress should update user information using PUT request",
              "timedOut": null,
              "duration": 396,
              "state": "passed",
              "speed": "fast",
              "pass": true,
              "fail": false,
              "pending": false,
              "context": null,
              "code": "// ID pengguna yang akan diperbarui\nconst userIdToUpdate = 2;\n// Data pengguna yang baru\nconst updatedUserInfo = {\n  name: 'Naufal Azhar',\n  job: 'Dev'\n};\ncy.request({\n  method: 'PUT',\n  url: `https://reqres.in/api/users/${userIdToUpdate}`,\n  body: updatedUserInfo\n}).then(response => {\n  // Verifikasi bahwa responsenya memiliki status code 200 (OK)\n  expect(response.status).to.eq(200);\n  // Verifikasi bahwa 'name' dan 'job' yang diperbarui sesuai dengan yang diterima\n  expect(response.body.name).to.eq(updatedUserInfo.name);\n  expect(response.body.job).to.eq(updatedUserInfo.job);\n  // Outputkan informasi pengguna yang diperbarui dalam konsol\n  cy.log('User Updated:', response.body);\n});",
              "err": {},
              "uuid": "1d70a974-55a5-462f-a7d4-56cdcec668bd",
              "parentUUID": "7d64dd00-351a-487a-8de2-a34cd56bce12",
              "isHook": false,
              "skipped": false
            },
            {
              "title": "should delete a user using DELETE request",
              "fullTitle": "API Testing with Cypress should delete a user using DELETE request",
              "timedOut": null,
              "duration": 389,
              "state": "passed",
              "speed": "fast",
              "pass": true,
              "fail": false,
              "pending": false,
              "context": null,
              "code": "// ID pengguna yang akan dihapus\nconst userIdToDelete = 2;\ncy.request({\n  method: 'DELETE',\n  url: `https://reqres.in/api/users/${userIdToDelete}`\n}).then(response => {\n  // Verifikasi bahwa responsenya memiliki status code 204 (No Content)\n  expect(response.status).to.eq(204);\n  // Outputkan informasi bahwa pengguna telah dihapus dalam konsol\n  cy.log(`User with ID ${userIdToDelete} Deleted`);\n});",
              "err": {},
              "uuid": "4e1e1dca-e912-40d3-88a3-0734ddbdaba9",
              "parentUUID": "7d64dd00-351a-487a-8de2-a34cd56bce12",
              "isHook": false,
              "skipped": false
            }
          ],
          "suites": [],
          "passes": [
            "1d717e46-dcf2-47d3-a464-ae63f37d4a81",
            "65779129-a5e5-4c34-80b9-0a0c1857d385",
            "1d70a974-55a5-462f-a7d4-56cdcec668bd",
            "4e1e1dca-e912-40d3-88a3-0734ddbdaba9"
          ],
          "failures": [],
          "pending": [],
          "skipped": [],
          "duration": 1378,
          "root": false,
          "rootEmpty": false,
          "_timeout": 2000
        }
      ],
      "passes": [],
      "failures": [],
      "pending": [],
      "skipped": [],
      "duration": 0,
      "root": true,
      "rootEmpty": true,
      "_timeout": 2000
    }
  ],
  "meta": {
    "mocha": {
      "version": "7.0.1"
    },
    "mochawesome": {
      "options": {
        "quiet": false,
        "reportFilename": "mochawesome",
        "saveHtml": false,
        "saveJson": true,
        "consoleReporter": "spec",
        "useInlineDiffs": false,
        "code": true
      },
      "version": "7.1.3"
    },
    "marge": {
      "options": {
        "charts": true,
        "overwrite": false,
        "html": false,
        "json": true,
        "reportDir": "cypress/reports/mocha"
      },
      "version": "6.2.0"
    }
  }
}