{
  "stats": {
    "suites": 1,
    "tests": 6,
    "passes": 5,
    "pending": 0,
    "failures": 1,
    "start": "2023-11-19T16:33:50.580Z",
    "end": "2023-11-19T16:33:55.013Z",
    "duration": 4433,
    "testsRegistered": 6,
    "passPercent": 83.33333333333334,
    "pendingPercent": 0,
    "other": 0,
    "hasOther": false,
    "skipped": 0,
    "hasSkipped": false
  },
  "results": [
    {
      "uuid": "452fa959-bd2c-4a24-bc10-e03d6f06ac06",
      "title": "",
      "fullFile": "cypress/e2e/4-api_testing/pet_store.cy.js",
      "file": "cypress/e2e/4-api_testing/pet_store.cy.js",
      "beforeHooks": [],
      "afterHooks": [],
      "tests": [
        {
          "title": "should add a new pet",
          "fullTitle": "should add a new pet",
          "timedOut": null,
          "duration": 2091,
          "state": "passed",
          "speed": "fast",
          "pass": true,
          "fail": false,
          "pending": false,
          "context": null,
          "code": "const newPet = {\n  id: 12345,\n  name: 'CypressPet',\n  category: {\n    id: 1,\n    name: 'Dogs'\n  },\n  photoUrls: ['https://example.com/pet.jpg'],\n  tags: [{\n    id: 1,\n    name: 'tag1'\n  }],\n  status: 'available'\n};\ncy.request({\n  method: 'POST',\n  url: 'https://petstore.swagger.io/v2/pet',\n  body: newPet\n}).then(response => {\n  expect(response.status).to.eq(200);\n  expect(response.body.id).to.eq(newPet.id);\n  expect(response.body.name).to.eq(newPet.name);\n  cy.log('New Pet Added:', response.body);\n});",
          "err": {},
          "uuid": "75a4954d-07c1-4db8-8a69-f4c7c3e6a3c4",
          "parentUUID": "452fa959-bd2c-4a24-bc10-e03d6f06ac06",
          "isHook": false,
          "skipped": false
        },
        {
          "title": "should logout the user",
          "fullTitle": "should logout the user",
          "timedOut": null,
          "duration": 319,
          "state": "passed",
          "speed": "fast",
          "pass": true,
          "fail": false,
          "pending": false,
          "context": null,
          "code": "// Assuming you have a user already logged in, and you have the necessary authentication tokens\n// Perform the login before attempting to logout\n// Your login code goes here...\n// Now, call the custom Cypress command to logout the user\ncy.logoutUser();",
          "err": {},
          "uuid": "2e4c58b3-4648-464b-b8ce-2fe33288e32c",
          "parentUUID": "452fa959-bd2c-4a24-bc10-e03d6f06ac06",
          "isHook": false,
          "skipped": false
        }
      ],
      "suites": [
        {
          "uuid": "7186b4f3-1e4d-49ba-9f6e-63afadf527bb",
          "title": "Petstore User API Testing",
          "fullFile": "",
          "file": "",
          "beforeHooks": [],
          "afterHooks": [],
          "tests": [
            {
              "title": "should create a new user",
              "fullTitle": "Petstore User API Testing should create a new user",
              "timedOut": null,
              "duration": 412,
              "state": "failed",
              "speed": null,
              "pass": false,
              "fail": true,
              "pending": false,
              "context": null,
              "code": "const newUser = {\n  id: 123455,\n  username: 'cypressuser',\n  firstName: 'Cypress',\n  lastName: 'User',\n  email: 'cypressuser@example.com',\n  password: 'cypresspassword',\n  phone: '1234567890',\n  userStatus: 34534\n};\ncy.request({\n  method: 'POST',\n  url: 'https://petstore.swagger.io/v2/user',\n  body: newUser\n}).then(response => {\n  // Log the response to the console for debugging\n  console.log('Response:', response);\n  // Verify the response status is 200 OK\n  expect(response.status).to.eq(200);\n  // Verify that the response body contains the expected user data\n  expect(response.body.id).to.eq(newUser.id);\n  // expect(response.body.username).to.eq(newUser.username);\n  // expect(response.body.firstName).to.eq(newUser.firstName);\n  // expect(response.body.lastName).to.eq(newUser.lastName);\n  // expect(response.body.email).to.eq(newUser.email);\n  // expect(response.body.password).to.eq(newUser.password);\n  // expect(response.body.phone).to.eq(newUser.phone);\n  // expect(response.body.userStatus).to.eq(newUser.userStatus);\n});",
              "err": {
                "message": "AssertionError: expected undefined to equal 123455",
                "estack": "AssertionError: expected undefined to equal 123455\n    at Context.eval (webpack://cypress_test/./cypress/e2e/4-api_testing/pet_store.cy.js:180:34)",
                "diff": null
              },
              "uuid": "426e2dbf-8c4a-4e8d-95db-f7aa8f0ca606",
              "parentUUID": "7186b4f3-1e4d-49ba-9f6e-63afadf527bb",
              "isHook": false,
              "skipped": false
            },
            {
              "title": "should retrieve a user by username",
              "fullTitle": "Petstore User API Testing should retrieve a user by username",
              "timedOut": null,
              "duration": 936,
              "state": "passed",
              "speed": "fast",
              "pass": true,
              "fail": false,
              "pending": false,
              "context": null,
              "code": "const usernameToRetrieve = 'cypressuser';\ncy.request('GET', `https://petstore.swagger.io/v2/user/${usernameToRetrieve}`).then(response => {\n  expect(response.status).to.eq(200);\n  expect(response.body.username).to.eq(usernameToRetrieve);\n  cy.log('Retrieved User:', response.body);\n});",
              "err": {},
              "uuid": "95b5fe33-70d1-4487-970d-1c458f4d0cf6",
              "parentUUID": "7186b4f3-1e4d-49ba-9f6e-63afadf527bb",
              "isHook": false,
              "skipped": false
            },
            {
              "title": "should update user information",
              "fullTitle": "Petstore User API Testing should update user information",
              "timedOut": null,
              "duration": 288,
              "state": "passed",
              "speed": "fast",
              "pass": true,
              "fail": false,
              "pending": false,
              "context": null,
              "code": "const usernameToUpdate = 'cypressuser';\nconst updatedUserInfo = {\n  id: 11,\n  // Use the correct user ID you want to update\n  username: usernameToUpdate,\n  firstName: 'UpdatedCypress',\n  lastName: 'UpdatedUser',\n  email: 'updatedcypressuser@example.com',\n  password: 'updatedcypresspassword',\n  phone: '9876543210',\n  userStatus: 2\n};\ncy.request({\n  method: 'PUT',\n  url: `https://petstore.swagger.io/v2/user/${usernameToUpdate}`,\n  body: updatedUserInfo\n}).then(response => {\n  expect(response.status).to.eq(200);\n  // expect(response.body.id).to.eq(updatedUserInfo.id);\n  // expect(response.body.username).to.eq(updatedUserInfo.username);\n  // expect(response.body.firstName).to.eq(updatedUserInfo.firstName);\n  // expect(response.body.lastName).to.eq(updatedUserInfo.lastName);\n  // expect(response.body.email).to.eq(updatedUserInfo.email);\n  // expect(response.body.phone).to.eq(updatedUserInfo.phone);\n  // expect(response.body.userStatus).to.eq(updatedUserInfo.userStatus);\n  cy.log('User Information Updated:', response.body);\n});",
              "err": {},
              "uuid": "6c9fc3ae-40aa-47e6-b4fc-2bf806b35ca7",
              "parentUUID": "7186b4f3-1e4d-49ba-9f6e-63afadf527bb",
              "isHook": false,
              "skipped": false
            },
            {
              "title": "should delete a user by username",
              "fullTitle": "Petstore User API Testing should delete a user by username",
              "timedOut": null,
              "duration": 302,
              "state": "passed",
              "speed": "fast",
              "pass": true,
              "fail": false,
              "pending": false,
              "context": null,
              "code": "const usernameToDelete = 'cypressuser';\ncy.request({\n  method: 'DELETE',\n  url: `https://petstore.swagger.io/v2/user/${usernameToDelete}`\n}).then(response => {\n  expect(response.status).to.eq(200);\n  cy.log(`User with username ${usernameToDelete} Deleted`);\n});",
              "err": {},
              "uuid": "a63087b8-f6e9-472d-bfdd-06d82eaca6f8",
              "parentUUID": "7186b4f3-1e4d-49ba-9f6e-63afadf527bb",
              "isHook": false,
              "skipped": false
            }
          ],
          "suites": [],
          "passes": [
            "95b5fe33-70d1-4487-970d-1c458f4d0cf6",
            "6c9fc3ae-40aa-47e6-b4fc-2bf806b35ca7",
            "a63087b8-f6e9-472d-bfdd-06d82eaca6f8"
          ],
          "failures": [
            "426e2dbf-8c4a-4e8d-95db-f7aa8f0ca606"
          ],
          "pending": [],
          "skipped": [],
          "duration": 1938,
          "root": false,
          "rootEmpty": false,
          "_timeout": 2000
        }
      ],
      "passes": [
        "75a4954d-07c1-4db8-8a69-f4c7c3e6a3c4",
        "2e4c58b3-4648-464b-b8ce-2fe33288e32c"
      ],
      "failures": [],
      "pending": [],
      "skipped": [],
      "duration": 2410,
      "root": true,
      "rootEmpty": false,
      "_timeout": 2000
    }
  ],
  "meta": {
    "mocha": {
      "version": "7.0.1"
    },
    "mochawesome": {
      "options": {
        "quiet": false,
        "reportFilename": "mochawesome",
        "saveHtml": false,
        "saveJson": true,
        "consoleReporter": "spec",
        "useInlineDiffs": false,
        "code": true
      },
      "version": "7.1.3"
    },
    "marge": {
      "options": {
        "charts": true,
        "overwrite": false,
        "html": false,
        "json": true,
        "reportDir": "cypress/reports/mocha"
      },
      "version": "6.2.0"
    }
  }
}