{
  "stats": {
    "suites": 1,
    "tests": 1,
    "passes": 1,
    "pending": 0,
    "failures": 0,
    "start": "2023-11-18T08:11:06.702Z",
    "end": "2023-11-18T08:11:20.027Z",
    "duration": 13325,
    "testsRegistered": 1,
    "passPercent": 100,
    "pendingPercent": 0,
    "other": 0,
    "hasOther": false,
    "skipped": 0,
    "hasSkipped": false
  },
  "results": [
    {
      "uuid": "383992db-526c-44d3-9488-4e42a74242e9",
      "title": "",
      "fullFile": "cypress/e2e/5-orange_hrm/searchBar.cy.js",
      "file": "cypress/e2e/5-orange_hrm/searchBar.cy.js",
      "beforeHooks": [],
      "afterHooks": [],
      "tests": [],
      "suites": [
        {
          "uuid": "0d0b7142-4cb8-47a5-a6e2-968912014f9b",
          "title": "Dashboard Page",
          "fullFile": "",
          "file": "",
          "beforeHooks": [],
          "afterHooks": [],
          "tests": [
            {
              "title": "Verify search bar is working",
              "fullTitle": "Dashboard Page Verify search bar is working",
              "timedOut": null,
              "duration": 12114,
              "state": "passed",
              "speed": "slow",
              "pass": true,
              "fail": false,
              "pending": false,
              "context": null,
              "code": "// Type into the search bar and check the input value\ncy.get('.oxd-input').type('Admin').should('have.value', 'Admin');\n// Click on a main menu item\ncy.get('.oxd-main-menu-item > .oxd-text').click();\n// Assertion: Check if the top bar header breadcrumb module is visible and has the expected text\ncy.get('.oxd-topbar-header-breadcrumb-module').should('be.visible').and('have.text', 'Admin');",
              "err": {},
              "uuid": "7a57fb47-3e3b-45c3-b4d1-865c36cf27f7",
              "parentUUID": "0d0b7142-4cb8-47a5-a6e2-968912014f9b",
              "isHook": false,
              "skipped": false
            }
          ],
          "suites": [],
          "passes": [
            "7a57fb47-3e3b-45c3-b4d1-865c36cf27f7"
          ],
          "failures": [],
          "pending": [],
          "skipped": [],
          "duration": 12114,
          "root": false,
          "rootEmpty": false,
          "_timeout": 2000
        }
      ],
      "passes": [],
      "failures": [],
      "pending": [],
      "skipped": [],
      "duration": 0,
      "root": true,
      "rootEmpty": true,
      "_timeout": 2000
    }
  ],
  "meta": {
    "mocha": {
      "version": "7.0.1"
    },
    "mochawesome": {
      "options": {
        "quiet": false,
        "reportFilename": "mochawesome",
        "saveHtml": false,
        "saveJson": true,
        "consoleReporter": "spec",
        "useInlineDiffs": false,
        "code": true
      },
      "version": "7.1.3"
    },
    "marge": {
      "options": {
        "charts": true,
        "overwrite": false,
        "html": false,
        "json": true,
        "reportDir": "cypress/reports/mocha"
      },
      "version": "6.2.0"
    }
  }
}