{
  "stats": {
    "suites": 1,
    "tests": 1,
    "passes": 1,
    "pending": 0,
    "failures": 0,
    "start": "2023-11-18T18:28:56.854Z",
    "end": "2023-11-18T18:29:05.619Z",
    "duration": 8765,
    "testsRegistered": 1,
    "passPercent": 100,
    "pendingPercent": 0,
    "other": 0,
    "hasOther": false,
    "skipped": 0,
    "hasSkipped": false
  },
  "results": [
    {
      "uuid": "acf8e0a2-e736-46dd-ac9a-13a9afbc617f",
      "title": "",
      "fullFile": "cypress/e2e/3-demo/booking_app.cy.js",
      "file": "cypress/e2e/3-demo/booking_app.cy.js",
      "beforeHooks": [],
      "afterHooks": [],
      "tests": [],
      "suites": [
        {
          "uuid": "ebb0ee65-f028-428e-8d84-6bf1642037c3",
          "title": "Test 01",
          "fullFile": "",
          "file": "",
          "beforeHooks": [],
          "afterHooks": [],
          "tests": [
            {
              "title": "logs in, books an appointment, and verifies confirmation",
              "fullTitle": "Test 01 logs in, books an appointment, and verifies confirmation",
              "timedOut": null,
              "duration": 6577,
              "state": "passed",
              "speed": "medium",
              "pass": true,
              "fail": false,
              "pending": false,
              "context": null,
              "code": "// Login\nconst username = 'John Doe';\nconst password = 'ThisIsNotAPassword';\ncy.get('#txt-username').type(username);\ncy.get('#txt-password').type(password);\ncy.get('#btn-login').click();\ncy.wait(1000);\n// Pilih fasilitas\nconst selectedOption = 'Seoul CURA Healthcare Center';\ncy.get('#combo_facility').should('be.visible');\ncy.get('#combo_facility').select(selectedOption);\ncy.get('#combo_facility').should('have.value', selectedOption);\n// Checkbox\ncy.get('#chk_hospotal_readmission').should('not.be.checked').check().should('be.checked').uncheck().should('not.be.checked');\n// Tanggal kunjungan\nconst selectedDate = '1999-02-12';\ncy.get('#txt_visit_date').type(selectedDate);\ncy.get('#txt_visit_date').should('have.value', selectedDate);\n// Pilih program\ncy.get('#radio_program_medicaid').click();\n// Komentar\nconst comment = 'hallo world';\ncy.get('#txt_comment').type(comment);\n// Booking appointment\ncy.get('#btn-book-appointment').click();\n// Verifikasi halaman konfirmasi\ncy.get('#summary > .container > .row').should('exist');\ncy.get('.col-xs-12.text-center h2').should('have.text', 'Appointment Confirmation');\ncy.get('.col-xs-12.text-center p.lead').should('have.text', 'Please be informed that your appointment has been booked as following:');\ncy.get('.col-xs-12.text-center hr.small').should('exist');\ncy.get('.text-center > .btn').click();\ncy.get('.form-horizontal').should('exist');",
              "err": {},
              "uuid": "1a3347b2-8d52-42f1-a9fb-e95a54fe6bf3",
              "parentUUID": "ebb0ee65-f028-428e-8d84-6bf1642037c3",
              "isHook": false,
              "skipped": false
            }
          ],
          "suites": [],
          "passes": [
            "1a3347b2-8d52-42f1-a9fb-e95a54fe6bf3"
          ],
          "failures": [],
          "pending": [],
          "skipped": [],
          "duration": 6577,
          "root": false,
          "rootEmpty": false,
          "_timeout": 2000
        }
      ],
      "passes": [],
      "failures": [],
      "pending": [],
      "skipped": [],
      "duration": 0,
      "root": true,
      "rootEmpty": true,
      "_timeout": 2000
    }
  ],
  "meta": {
    "mocha": {
      "version": "7.0.1"
    },
    "mochawesome": {
      "options": {
        "quiet": false,
        "reportFilename": "mochawesome",
        "saveHtml": false,
        "saveJson": true,
        "consoleReporter": "spec",
        "useInlineDiffs": false,
        "code": true
      },
      "version": "7.1.3"
    },
    "marge": {
      "options": {
        "charts": true,
        "overwrite": false,
        "html": false,
        "json": true,
        "reportDir": "cypress/reports/mocha"
      },
      "version": "6.2.0"
    }
  }
}