{
  "stats": {
    "suites": 1,
    "tests": 1,
    "passes": 1,
    "pending": 0,
    "failures": 0,
    "start": "2023-11-19T17:15:09.210Z",
    "end": "2023-11-19T17:15:23.991Z",
    "duration": 14781,
    "testsRegistered": 1,
    "passPercent": 100,
    "pendingPercent": 0,
    "other": 0,
    "hasOther": false,
    "skipped": 0,
    "hasSkipped": false
  },
  "results": [
    {
      "uuid": "ea233a2a-609c-42d9-b5b0-1b70471addb4",
      "title": "",
      "fullFile": "cypress/e2e/5-orange_hrm/forgotPasswordTest.cy.js",
      "file": "cypress/e2e/5-orange_hrm/forgotPasswordTest.cy.js",
      "beforeHooks": [],
      "afterHooks": [],
      "tests": [],
      "suites": [
        {
          "uuid": "6c4ff809-f0f7-412c-99fc-3e3a476ba126",
          "title": "Forgot Password",
          "fullFile": "",
          "file": "",
          "beforeHooks": [],
          "afterHooks": [],
          "tests": [
            {
              "title": "User can reset a password and receive an email",
              "fullTitle": "Forgot Password User can reset a password and receive an email",
              "timedOut": null,
              "duration": 12271,
              "state": "passed",
              "speed": "slow",
              "pass": true,
              "fail": false,
              "pending": false,
              "context": null,
              "code": "// Click on the \"Forgot Password\" link\ncy.get('.orangehrm-login-forgot > .oxd-text').click();\n// Assertion: Check if the URL includes the expected path\ncy.url().should('include', '/web/index.php/auth/requestPasswordResetCode');\n// Type username for password reset\ncy.get('.oxd-input').type('Admin');\n// Click on the Reset passoword button\ncy.get('.oxd-button--secondary').click();\n// Assertion: Check if the card container exists after password reset request\ncy.get('.orangehrm-card-container').should('exist');\n// Assertion: Check if the success message is displayed\ncy.get('.oxd-text--h6').should('have.text', 'Reset Password link sent successfully');",
              "err": {},
              "uuid": "3aac0ee9-8d73-46cc-8ab2-673bd2dd8a4a",
              "parentUUID": "6c4ff809-f0f7-412c-99fc-3e3a476ba126",
              "isHook": false,
              "skipped": false
            }
          ],
          "suites": [],
          "passes": [
            "3aac0ee9-8d73-46cc-8ab2-673bd2dd8a4a"
          ],
          "failures": [],
          "pending": [],
          "skipped": [],
          "duration": 12271,
          "root": false,
          "rootEmpty": false,
          "_timeout": 2000
        }
      ],
      "passes": [],
      "failures": [],
      "pending": [],
      "skipped": [],
      "duration": 0,
      "root": true,
      "rootEmpty": true,
      "_timeout": 2000
    }
  ],
  "meta": {
    "mocha": {
      "version": "7.0.1"
    },
    "mochawesome": {
      "options": {
        "quiet": false,
        "reportFilename": "mochawesome",
        "saveHtml": false,
        "saveJson": true,
        "consoleReporter": "spec",
        "useInlineDiffs": false,
        "code": true
      },
      "version": "7.1.3"
    },
    "marge": {
      "options": {
        "charts": true,
        "overwrite": false,
        "html": false,
        "json": true,
        "reportDir": "cypress/reports/mocha"
      },
      "version": "6.2.0"
    }
  }
}