{
  "stats": {
    "suites": 1,
    "tests": 5,
    "passes": 4,
    "pending": 0,
    "failures": 1,
    "start": "2023-11-19T16:24:58.981Z",
    "end": "2023-11-19T16:25:01.819Z",
    "duration": 2838,
    "testsRegistered": 5,
    "passPercent": 80,
    "pendingPercent": 0,
    "other": 0,
    "hasOther": false,
    "skipped": 0,
    "hasSkipped": false
  },
  "results": [
    {
      "uuid": "238bf16e-30db-4d4e-bc2c-ebd4b68da5f6",
      "title": "",
      "fullFile": "cypress/e2e/4-api_testing/pet_store.cy.js",
      "file": "cypress/e2e/4-api_testing/pet_store.cy.js",
      "beforeHooks": [],
      "afterHooks": [],
      "tests": [
        {
          "title": "should logout the user",
          "fullTitle": "should logout the user",
          "timedOut": null,
          "duration": 1456,
          "state": "passed",
          "speed": "fast",
          "pass": true,
          "fail": false,
          "pending": false,
          "context": null,
          "code": "// Assuming you have a user already logged in, and you have the necessary authentication tokens\n// Perform the login before attempting to logout\n// Your login code goes here...\n// Now, call the custom Cypress command to logout the user\ncy.logoutUser();",
          "err": {},
          "uuid": "41f7a716-8553-444a-85c5-5ea727e49e45",
          "parentUUID": "238bf16e-30db-4d4e-bc2c-ebd4b68da5f6",
          "isHook": false,
          "skipped": false
        }
      ],
      "suites": [
        {
          "uuid": "88acd630-4ccf-4d5d-a6ef-e3bea7d29f7d",
          "title": "Petstore User API Testing",
          "fullFile": "",
          "file": "",
          "beforeHooks": [],
          "afterHooks": [],
          "tests": [
            {
              "title": "should create a new user",
              "fullTitle": "Petstore User API Testing should create a new user",
              "timedOut": null,
              "duration": 422,
              "state": "failed",
              "speed": null,
              "pass": false,
              "fail": true,
              "pending": false,
              "context": null,
              "code": "const newUser = {\n  id: 11,\n  username: 'cypressuser',\n  firstName: 'Cypress',\n  lastName: 'User',\n  email: 'cypressuser@example.com',\n  password: 'cypresspassword',\n  phone: '1234567890',\n  userStatus: 1\n};\ncy.request({\n  method: 'POST',\n  url: 'https://petstore.swagger.io/v2/user',\n  body: newUser\n}).then(response => {\n  // Log the response to the console for debugging\n  console.log('Response:', response);\n  // Verify the response status is 200 OK\n  expect(response.status).to.eq(200);\n  // Verify that the response body contains the expected user data\n  expect(response.body).to.eq(newUser.username);\n  // expect(response.body.username).to.eq(newUser.username);\n  // expect(response.body.firstName).to.eq(newUser.firstName);\n  // expect(response.body.lastName).to.eq(newUser.lastName);\n  // expect(response.body.email).to.eq(newUser.email);\n  // expect(response.body.password).to.eq(newUser.password);\n  // expect(response.body.phone).to.eq(newUser.phone);\n  // expect(response.body.userStatus).to.eq(newUser.userStatus);\n});",
              "err": {
                "message": "AssertionError: expected { Object (code, type, ...) } to equal 'cypressuser'",
                "estack": "AssertionError: expected { Object (code, type, ...) } to equal 'cypressuser'\n    at Context.eval (webpack://cypress_test/./cypress/e2e/4-api_testing/pet_store.cy.js:180:31)",
                "diff": "- { code: 200, type: 'unknown', message: '11' }\n+ 'cypressuser'\n"
              },
              "uuid": "9feb0e82-f660-4f6b-abd5-29b1dabb32c0",
              "parentUUID": "88acd630-4ccf-4d5d-a6ef-e3bea7d29f7d",
              "isHook": false,
              "skipped": false
            },
            {
              "title": "should retrieve a user by username",
              "fullTitle": "Petstore User API Testing should retrieve a user by username",
              "timedOut": null,
              "duration": 291,
              "state": "passed",
              "speed": "fast",
              "pass": true,
              "fail": false,
              "pending": false,
              "context": null,
              "code": "const usernameToRetrieve = 'cypressuser';\ncy.request('GET', `https://petstore.swagger.io/v2/user/${usernameToRetrieve}`).then(response => {\n  expect(response.status).to.eq(200);\n  expect(response.body.username).to.eq(usernameToRetrieve);\n  cy.log('Retrieved User:', response.body);\n});",
              "err": {},
              "uuid": "f4fbfbe8-c8be-4258-962d-8303bdf6bed5",
              "parentUUID": "88acd630-4ccf-4d5d-a6ef-e3bea7d29f7d",
              "isHook": false,
              "skipped": false
            },
            {
              "title": "should update user information",
              "fullTitle": "Petstore User API Testing should update user information",
              "timedOut": null,
              "duration": 295,
              "state": "passed",
              "speed": "fast",
              "pass": true,
              "fail": false,
              "pending": false,
              "context": null,
              "code": "const usernameToUpdate = 'cypressuser';\nconst updatedUserInfo = {\n  id: 11,\n  // Use the correct user ID you want to update\n  username: usernameToUpdate,\n  firstName: 'UpdatedCypress',\n  lastName: 'UpdatedUser',\n  email: 'updatedcypressuser@example.com',\n  password: 'updatedcypresspassword',\n  phone: '9876543210',\n  userStatus: 2\n};\ncy.request({\n  method: 'PUT',\n  url: `https://petstore.swagger.io/v2/user/${usernameToUpdate}`,\n  body: updatedUserInfo\n}).then(response => {\n  expect(response.status).to.eq(200);\n  // expect(response.body.id).to.eq(updatedUserInfo.id);\n  // expect(response.body.username).to.eq(updatedUserInfo.username);\n  // expect(response.body.firstName).to.eq(updatedUserInfo.firstName);\n  // expect(response.body.lastName).to.eq(updatedUserInfo.lastName);\n  // expect(response.body.email).to.eq(updatedUserInfo.email);\n  // expect(response.body.phone).to.eq(updatedUserInfo.phone);\n  // expect(response.body.userStatus).to.eq(updatedUserInfo.userStatus);\n  cy.log('User Information Updated:', response.body);\n});",
              "err": {},
              "uuid": "21dea4a8-28b8-4b1f-9b38-3696fdedc3cc",
              "parentUUID": "88acd630-4ccf-4d5d-a6ef-e3bea7d29f7d",
              "isHook": false,
              "skipped": false
            },
            {
              "title": "should delete a user by username",
              "fullTitle": "Petstore User API Testing should delete a user by username",
              "timedOut": null,
              "duration": 295,
              "state": "passed",
              "speed": "fast",
              "pass": true,
              "fail": false,
              "pending": false,
              "context": null,
              "code": "const usernameToDelete = 'cypressuser';\ncy.request({\n  method: 'DELETE',\n  url: `https://petstore.swagger.io/v2/user/${usernameToDelete}`\n}).then(response => {\n  expect(response.status).to.eq(200);\n  cy.log(`User with username ${usernameToDelete} Deleted`);\n});",
              "err": {},
              "uuid": "19f0747b-8dc4-46df-9041-5e0c9876adcc",
              "parentUUID": "88acd630-4ccf-4d5d-a6ef-e3bea7d29f7d",
              "isHook": false,
              "skipped": false
            }
          ],
          "suites": [],
          "passes": [
            "f4fbfbe8-c8be-4258-962d-8303bdf6bed5",
            "21dea4a8-28b8-4b1f-9b38-3696fdedc3cc",
            "19f0747b-8dc4-46df-9041-5e0c9876adcc"
          ],
          "failures": [
            "9feb0e82-f660-4f6b-abd5-29b1dabb32c0"
          ],
          "pending": [],
          "skipped": [],
          "duration": 1303,
          "root": false,
          "rootEmpty": false,
          "_timeout": 2000
        }
      ],
      "passes": [
        "41f7a716-8553-444a-85c5-5ea727e49e45"
      ],
      "failures": [],
      "pending": [],
      "skipped": [],
      "duration": 1456,
      "root": true,
      "rootEmpty": false,
      "_timeout": 2000
    }
  ],
  "meta": {
    "mocha": {
      "version": "7.0.1"
    },
    "mochawesome": {
      "options": {
        "quiet": false,
        "reportFilename": "mochawesome",
        "saveHtml": false,
        "saveJson": true,
        "consoleReporter": "spec",
        "useInlineDiffs": false,
        "code": true
      },
      "version": "7.1.3"
    },
    "marge": {
      "options": {
        "charts": true,
        "overwrite": false,
        "html": false,
        "json": true,
        "reportDir": "cypress/reports/mocha"
      },
      "version": "6.2.0"
    }
  }
}