{
  "stats": {
    "suites": 1,
    "tests": 1,
    "passes": 1,
    "pending": 0,
    "failures": 0,
    "start": "2023-11-21T09:56:28.006Z",
    "end": "2023-11-21T09:56:39.098Z",
    "duration": 11092,
    "testsRegistered": 1,
    "passPercent": 100,
    "pendingPercent": 0,
    "other": 0,
    "hasOther": false,
    "skipped": 0,
    "hasSkipped": false
  },
  "results": [
    {
      "uuid": "bfa5a45c-3b91-4716-b7b5-16a68d7eb9f5",
      "title": "",
      "fullFile": "cypress/e2e/3-booking-app/booking_app.cy.js",
      "file": "cypress/e2e/3-booking-app/booking_app.cy.js",
      "beforeHooks": [],
      "afterHooks": [],
      "tests": [],
      "suites": [
        {
          "uuid": "9179652e-af1d-480a-9730-27ec877c5589",
          "title": "Booking App",
          "fullFile": "",
          "file": "",
          "beforeHooks": [],
          "afterHooks": [],
          "tests": [
            {
              "title": "logs in, books an appointment, and verifies confirmation",
              "fullTitle": "Booking App logs in, books an appointment, and verifies confirmation",
              "timedOut": null,
              "duration": 8847,
              "state": "passed",
              "speed": "medium",
              "pass": true,
              "fail": false,
              "pending": false,
              "context": null,
              "code": "// Login\ncy.get('#txt-username').type(username).should('have.value', username);\ncy.get('#txt-password').type(password).should('have.value', password);\n// Submit login form\ncy.get('.form-horizontal').submit();\n// Verify HTTP response code after login\ncy.request({\n  url: 'https://katalon-demo-cura.herokuapp.com/profile.php#login',\n  // update with the actual URL\n  method: 'POST',\n  form: true,\n  body: {\n    username: username,\n    password: password\n  }\n}).should(response => {\n  expect(response.status).to.eq(200);\n});\ncy.wait(1000);\n// Select facility\nconst selectedOption = 'Seoul CURA Healthcare Center';\ncy.get('#combo_facility').should('be.visible').select(selectedOption).should('have.value', selectedOption);\n// Checkbox\ncy.get('#chk_hospotal_readmission').should('not.be.checked').check().should('be.checked');\n// Visit date\nconst selectedDate = '1999-02-12';\ncy.get('#txt_visit_date').type(selectedDate).should('have.value', selectedDate);\n// Select program\ncy.get('.col-sm-4 [type=\"radio\"]').check('None', {\n  force: true\n}).should('be.checked');\n// Comment\nconst comment = 'hallo world';\ncy.get('#txt_comment').type(comment).should('have.value', comment);\n// Booking appointment\ncy.get('.form-horizontal').submit();\n// Verify confirmation page\ncy.get('#summary > .container > .row').should('be.visible');\ncy.get('.col-xs-12.text-center h2').should('have.text', 'Appointment Confirmation');\ncy.get('.col-xs-12.text-center p.lead').should('have.text', 'Please be informed that your appointment has been booked as following:');\ncy.get('.col-xs-12.text-center hr.small').should('be.visible');\n// Click button on the confirmation page\ncy.get('.text-center').find('.btn').click();\n// Verify returning to the form page after clicking the button\ncy.get('.form-horizontal').should('be.visible');",
              "err": {},
              "uuid": "46b5d65c-9b68-4b6d-a733-3b931406bf7b",
              "parentUUID": "9179652e-af1d-480a-9730-27ec877c5589",
              "isHook": false,
              "skipped": false
            }
          ],
          "suites": [],
          "passes": [
            "46b5d65c-9b68-4b6d-a733-3b931406bf7b"
          ],
          "failures": [],
          "pending": [],
          "skipped": [],
          "duration": 8847,
          "root": false,
          "rootEmpty": false,
          "_timeout": 2000
        }
      ],
      "passes": [],
      "failures": [],
      "pending": [],
      "skipped": [],
      "duration": 0,
      "root": true,
      "rootEmpty": true,
      "_timeout": 2000
    }
  ],
  "meta": {
    "mocha": {
      "version": "7.0.1"
    },
    "mochawesome": {
      "options": {
        "quiet": false,
        "reportFilename": "mochawesome",
        "saveHtml": false,
        "saveJson": true,
        "consoleReporter": "spec",
        "useInlineDiffs": false,
        "code": true
      },
      "version": "7.1.3"
    },
    "marge": {
      "options": {
        "charts": true,
        "overwrite": false,
        "html": false,
        "json": true,
        "reportDir": "cypress/reports/mocha"
      },
      "version": "6.2.0"
    }
  }
}