{
  "stats": {
    "suites": 1,
    "tests": 1,
    "passes": 0,
    "pending": 0,
    "failures": 1,
    "start": "2023-11-21T10:01:35.579Z",
    "end": "2023-11-21T10:01:47.724Z",
    "duration": 12145,
    "testsRegistered": 1,
    "passPercent": 0,
    "pendingPercent": 0,
    "other": 0,
    "hasOther": false,
    "skipped": 0,
    "hasSkipped": false
  },
  "results": [
    {
      "uuid": "809b0ac0-5a82-428a-93fd-7b77457832e9",
      "title": "",
      "fullFile": "cypress/e2e/5-orange_app/searchBar.cy.js",
      "file": "cypress/e2e/5-orange_app/searchBar.cy.js",
      "beforeHooks": [],
      "afterHooks": [],
      "tests": [],
      "suites": [
        {
          "uuid": "92ab4dbe-9e44-49fc-b780-5a3d6e9c462b",
          "title": "Search Bar",
          "fullFile": "",
          "file": "",
          "beforeHooks": [],
          "afterHooks": [],
          "tests": [
            {
              "title": "Verify search bar is working",
              "fullTitle": "Search Bar Verify search bar is working",
              "timedOut": null,
              "duration": 10528,
              "state": "failed",
              "speed": null,
              "pass": false,
              "fail": true,
              "pending": false,
              "context": null,
              "code": "cy.get('.orangehrm-login-slot').should('exist');\n// Type valid username and password\ncy.get(':nth-child(2) > .oxd-input-group > :nth-child(2) > .oxd-input').type(username);\ncy.get(':nth-child(3) > .oxd-input-group > :nth-child(2) > .oxd-input').type(validPassword);\n// Click login button\ncy.get('.oxd-button').click();\n// Assertion: Check if the layout context exists after login\ncy.get('.oxd-layout-context').should('exist');\n// Type into the search bar and check the input value\ncy.get('.oxd-input').type('Admin').should('have.value', 'Admin');\n// Click on a main menu item\ncy.get('.oxd-main-menu-item > .oxd-text').click();\n// Assertion: Check if the top bar header breadcrumb module is visible and has the expected text\ncy.get('.oxd-topbar-header-breadcrumb-module').should('be.visible').and('have.text', 'Admin');",
              "err": {
                "message": "CypressError: Timed out after waiting `10000ms` for your remote page to load.\n\nYour page did not fire its `load` event within `10000ms`.\n\nYou can try increasing the `pageLoadTimeout` value in `cypress.config.js` to wait longer.\n\nBrowsers will not fire the `load` event until all stylesheets and scripts are done downloading.\n\nWhen this `load` event occurs, Cypress will continue running commands.\n\nBecause this error occurred during a `before each` hook we are skipping the remaining tests in the current suite: `Search Bar`",
                "estack": "CypressError: Timed out after waiting `10000ms` for your remote page to load.\n\nYour page did not fire its `load` event within `10000ms`.\n\nYou can try increasing the `pageLoadTimeout` value in `cypress.config.js` to wait longer.\n\nBrowsers will not fire the `load` event until all stylesheets and scripts are done downloading.\n\nWhen this `load` event occurs, Cypress will continue running commands.\n\nBecause this error occurred during a `before each` hook we are skipping the remaining tests in the current suite: `Search Bar`\n    at timedOutWaitingForPageLoad (https://opensource-demo.orangehrmlive.com/__cypress/runner/cypress_runner.js:130376:64)\n    at <unknown> (https://opensource-demo.orangehrmlive.com/__cypress/runner/cypress_runner.js:131364:16)\n    at tryCatcher (https://opensource-demo.orangehrmlive.com/__cypress/runner/cypress_runner.js:1807:23)\n    at <unknown> (https://opensource-demo.orangehrmlive.com/__cypress/runner/cypress_runner.js:4186:41)\n    at tryCatcher (https://opensource-demo.orangehrmlive.com/__cypress/runner/cypress_runner.js:1807:23)\n    at Promise._settlePromiseFromHandler (https://opensource-demo.orangehrmlive.com/__cypress/runner/cypress_runner.js:1519:31)\n    at Promise._settlePromise (https://opensource-demo.orangehrmlive.com/__cypress/runner/cypress_runner.js:1576:18)\n    at Promise._settlePromise0 (https://opensource-demo.orangehrmlive.com/__cypress/runner/cypress_runner.js:1621:10)\n    at Promise._settlePromises (https://opensource-demo.orangehrmlive.com/__cypress/runner/cypress_runner.js:1697:18)\n    at _drainQueueStep (https://opensource-demo.orangehrmlive.com/__cypress/runner/cypress_runner.js:2407:12)\n    at _drainQueue (https://opensource-demo.orangehrmlive.com/__cypress/runner/cypress_runner.js:2400:9)\n    at Async._drainQueues (https://opensource-demo.orangehrmlive.com/__cypress/runner/cypress_runner.js:2416:5)\n    at Async.drainQueues (https://opensource-demo.orangehrmlive.com/__cypress/runner/cypress_runner.js:2286:14)\nFrom Your Spec Code:\n    at Context.eval (webpack://cypress_test/./cypress/e2e/5-orange_app/searchBar.cy.js:8:11)",
                "diff": null
              },
              "uuid": "abef3d75-9f80-4e5c-83b3-61d669100595",
              "parentUUID": "92ab4dbe-9e44-49fc-b780-5a3d6e9c462b",
              "isHook": false,
              "skipped": false
            }
          ],
          "suites": [],
          "passes": [],
          "failures": [
            "abef3d75-9f80-4e5c-83b3-61d669100595"
          ],
          "pending": [],
          "skipped": [],
          "duration": 10528,
          "root": false,
          "rootEmpty": false,
          "_timeout": 2000
        }
      ],
      "passes": [],
      "failures": [],
      "pending": [],
      "skipped": [],
      "duration": 0,
      "root": true,
      "rootEmpty": true,
      "_timeout": 2000
    }
  ],
  "meta": {
    "mocha": {
      "version": "7.0.1"
    },
    "mochawesome": {
      "options": {
        "quiet": false,
        "reportFilename": "mochawesome",
        "saveHtml": false,
        "saveJson": true,
        "consoleReporter": "spec",
        "useInlineDiffs": false,
        "code": true
      },
      "version": "7.1.3"
    },
    "marge": {
      "options": {
        "charts": true,
        "overwrite": false,
        "html": false,
        "json": true,
        "reportDir": "cypress/reports/mocha"
      },
      "version": "6.2.0"
    }
  }
}