{
  "stats": {
    "suites": 1,
    "tests": 1,
    "passes": 1,
    "pending": 0,
    "failures": 0,
    "start": "2023-11-19T17:14:41.406Z",
    "end": "2023-11-19T17:14:57.536Z",
    "duration": 16130,
    "testsRegistered": 1,
    "passPercent": 100,
    "pendingPercent": 0,
    "other": 0,
    "hasOther": false,
    "skipped": 0,
    "hasSkipped": false
  },
  "results": [
    {
      "uuid": "2431b029-82d0-4115-a4dd-b8f3dcb3041b",
      "title": "",
      "fullFile": "cypress/e2e/5-orange_hrm/addUser.cy.js",
      "file": "cypress/e2e/5-orange_hrm/addUser.cy.js",
      "beforeHooks": [],
      "afterHooks": [],
      "tests": [],
      "suites": [
        {
          "uuid": "20df5b1d-d42c-4062-b269-c0211d412c01",
          "title": "Dashboard Page",
          "fullFile": "",
          "file": "",
          "beforeHooks": [],
          "afterHooks": [],
          "tests": [
            {
              "title": "Verify User can add user",
              "fullTitle": "Dashboard Page Verify User can add user",
              "timedOut": null,
              "duration": 13866,
              "state": "passed",
              "speed": "slow",
              "pass": true,
              "fail": false,
              "pending": false,
              "context": null,
              "code": "// Navigate to the user creation page\ncy.visit('https://opensource-demo.orangehrmlive.com/web/index.php/admin/saveSystemUser');\ncy.url().should('include', '/web/index.php/admin/saveSystemUser');\n// Select user role\ncy.get(':nth-child(1) > .oxd-input-group > :nth-child(2) > .oxd-select-wrapper > .oxd-select-text > .oxd-select-text-input').click();\ncy.get('.oxd-select-dropdown > :nth-child(2) > span').click();\ncy.get(':nth-child(1) > .oxd-input-group > :nth-child(2) > .oxd-select-wrapper > .oxd-select-text > .oxd-select-text-input').should('have.text', 'Admin');\n// Select status\ncy.get(':nth-child(3) > .oxd-input-group > :nth-child(2) > .oxd-select-wrapper > .oxd-select-text > .oxd-select-text-input').click();\ncy.get('.oxd-select-dropdown > :nth-child(2) > span').click();\ncy.get(':nth-child(3) > .oxd-input-group > :nth-child(2) > .oxd-select-wrapper > .oxd-select-text > .oxd-select-text-input').should('have.text', 'Enabled');\n// Input username\ncy.get(':nth-child(4) > .oxd-input-group').type('naufalazhar65');\n// Select Employee Name (assuming it's an autocomplete input)\ncy.get('.oxd-autocomplete-text-input > input').type('a');\n// Input password\ncy.get('.user-password-cell > .oxd-input-group > :nth-child(2) > .oxd-input').type('Naufalazhar354');\ncy.get(':nth-child(2) > .oxd-input-group > :nth-child(2) > .oxd-input').type('Naufalazhar354');\n// Click save button\ncy.get('.oxd-button--secondary').should('contain', 'Save').click();",
              "err": {},
              "uuid": "3731b1ad-a151-425c-8d55-41f242eca136",
              "parentUUID": "20df5b1d-d42c-4062-b269-c0211d412c01",
              "isHook": false,
              "skipped": false
            }
          ],
          "suites": [],
          "passes": [
            "3731b1ad-a151-425c-8d55-41f242eca136"
          ],
          "failures": [],
          "pending": [],
          "skipped": [],
          "duration": 13866,
          "root": false,
          "rootEmpty": false,
          "_timeout": 2000
        }
      ],
      "passes": [],
      "failures": [],
      "pending": [],
      "skipped": [],
      "duration": 0,
      "root": true,
      "rootEmpty": true,
      "_timeout": 2000
    }
  ],
  "meta": {
    "mocha": {
      "version": "7.0.1"
    },
    "mochawesome": {
      "options": {
        "quiet": false,
        "reportFilename": "mochawesome",
        "saveHtml": false,
        "saveJson": true,
        "consoleReporter": "spec",
        "useInlineDiffs": false,
        "code": true
      },
      "version": "7.1.3"
    },
    "marge": {
      "options": {
        "charts": true,
        "overwrite": false,
        "html": false,
        "json": true,
        "reportDir": "cypress/reports/mocha"
      },
      "version": "6.2.0"
    }
  }
}