{
  "stats": {
    "suites": 1,
    "tests": 1,
    "passes": 1,
    "pending": 0,
    "failures": 0,
    "start": "2023-11-18T18:54:55.779Z",
    "end": "2023-11-18T18:55:00.082Z",
    "duration": 4303,
    "testsRegistered": 1,
    "passPercent": 100,
    "pendingPercent": 0,
    "other": 0,
    "hasOther": false,
    "skipped": 0,
    "hasSkipped": false
  },
  "results": [
    {
      "uuid": "aac1cce2-efb3-44b8-89e8-5828c664d9cc",
      "title": "",
      "fullFile": "cypress/e2e/3-demo/example2.cy.js",
      "file": "cypress/e2e/3-demo/example2.cy.js",
      "beforeHooks": [],
      "afterHooks": [],
      "tests": [],
      "suites": [
        {
          "uuid": "8d059568-ae7e-4308-9e3f-8f184f2f02ee",
          "title": "google",
          "fullFile": "",
          "file": "",
          "beforeHooks": [],
          "afterHooks": [],
          "tests": [
            {
              "title": "tests google",
              "fullTitle": "google tests google",
              "timedOut": null,
              "duration": 3295,
              "state": "passed",
              "speed": "fast",
              "pass": true,
              "fail": false,
              "pending": false,
              "context": null,
              "code": "cy.visit(\"https://www.google.com/\");\ncy.get(\"#APjFqb\").click();\ncy.get(\"#APjFqb\").type(\"instagram\");\ncy.get(\"#APjFqb\").type(\"{enter}\");\ncy.get('#APjFqb').should('have.value', 'instagram');\ncy.contains('Instagram').click();",
              "err": {},
              "uuid": "32ece032-1c2c-489d-8ba3-dfb9594a57fc",
              "parentUUID": "8d059568-ae7e-4308-9e3f-8f184f2f02ee",
              "isHook": false,
              "skipped": false
            }
          ],
          "suites": [],
          "passes": [
            "32ece032-1c2c-489d-8ba3-dfb9594a57fc"
          ],
          "failures": [],
          "pending": [],
          "skipped": [],
          "duration": 3295,
          "root": false,
          "rootEmpty": false,
          "_timeout": 2000
        }
      ],
      "passes": [],
      "failures": [],
      "pending": [],
      "skipped": [],
      "duration": 0,
      "root": true,
      "rootEmpty": true,
      "_timeout": 2000
    }
  ],
  "meta": {
    "mocha": {
      "version": "7.0.1"
    },
    "mochawesome": {
      "options": {
        "quiet": false,
        "reportFilename": "mochawesome",
        "saveHtml": false,
        "saveJson": true,
        "consoleReporter": "spec",
        "useInlineDiffs": false,
        "code": true
      },
      "version": "7.1.3"
    },
    "marge": {
      "options": {
        "charts": true,
        "overwrite": false,
        "html": false,
        "json": true,
        "reportDir": "cypress/reports/mocha"
      },
      "version": "6.2.0"
    }
  }
}