{
  "stats": {
    "suites": 1,
    "tests": 1,
    "passes": 0,
    "pending": 0,
    "failures": 1,
    "start": "2023-11-21T09:59:57.135Z",
    "end": "2023-11-21T10:00:24.449Z",
    "duration": 27314,
    "testsRegistered": 1,
    "passPercent": 0,
    "pendingPercent": 0,
    "other": 0,
    "hasOther": false,
    "skipped": 0,
    "hasSkipped": false
  },
  "results": [
    {
      "uuid": "a028978b-c340-42d9-93c8-7c2bd51772e2",
      "title": "",
      "fullFile": "cypress/e2e/5-orange_app/forgotPasswordTest.cy.js",
      "file": "cypress/e2e/5-orange_app/forgotPasswordTest.cy.js",
      "beforeHooks": [],
      "afterHooks": [],
      "tests": [],
      "suites": [
        {
          "uuid": "4487a90b-b1a7-4500-8f22-b335807cfc8e",
          "title": "Forgot Password",
          "fullFile": "",
          "file": "",
          "beforeHooks": [],
          "afterHooks": [],
          "tests": [
            {
              "title": "User can reset a password and receive an email",
              "fullTitle": "Forgot Password User can reset a password and receive an email",
              "timedOut": null,
              "duration": 25506,
              "state": "failed",
              "speed": null,
              "pass": false,
              "fail": true,
              "pending": false,
              "context": null,
              "code": "// Click on the \"Forgot Password\" link\ncy.get('.orangehrm-login-forgot > .oxd-text').click();\n// Assertion: Check if the URL includes the expected path\ncy.url().should('include', '/web/index.php/auth/requestPasswordResetCode');\n// Type username for password reset\ncy.get('.oxd-input').type('Admin');\n// Click on the Reset passoword button\ncy.get('.oxd-button--secondary').click();\n// Assertion: Check if the card container exists after password reset request\ncy.get('.orangehrm-card-container').should('exist');\n// Assertion: Check if the success message is displayed\ncy.get('.oxd-text--h6').should('have.text', 'Reset Password link sent successfully');",
              "err": {
                "message": "AssertionError: Timed out retrying after 10000ms: Expected to find element: `.orangehrm-card-container`, but never found it.",
                "estack": "AssertionError: Timed out retrying after 10000ms: Expected to find element: `.orangehrm-card-container`, but never found it.\n    at Context.eval (webpack://cypress_test/./cypress/e2e/5-orange_app/forgotPasswordTest.cy.js:23:44)",
                "diff": null
              },
              "uuid": "01930940-31e1-4ed0-b3ba-7be51f4b7446",
              "parentUUID": "4487a90b-b1a7-4500-8f22-b335807cfc8e",
              "isHook": false,
              "skipped": false
            }
          ],
          "suites": [],
          "passes": [],
          "failures": [
            "01930940-31e1-4ed0-b3ba-7be51f4b7446"
          ],
          "pending": [],
          "skipped": [],
          "duration": 25506,
          "root": false,
          "rootEmpty": false,
          "_timeout": 2000
        }
      ],
      "passes": [],
      "failures": [],
      "pending": [],
      "skipped": [],
      "duration": 0,
      "root": true,
      "rootEmpty": true,
      "_timeout": 2000
    }
  ],
  "meta": {
    "mocha": {
      "version": "7.0.1"
    },
    "mochawesome": {
      "options": {
        "quiet": false,
        "reportFilename": "mochawesome",
        "saveHtml": false,
        "saveJson": true,
        "consoleReporter": "spec",
        "useInlineDiffs": false,
        "code": true
      },
      "version": "7.1.3"
    },
    "marge": {
      "options": {
        "charts": true,
        "overwrite": false,
        "html": false,
        "json": true,
        "reportDir": "cypress/reports/mocha"
      },
      "version": "6.2.0"
    }
  }
}