{
  "stats": {
    "suites": 1,
    "tests": 1,
    "passes": 1,
    "pending": 0,
    "failures": 0,
    "start": "2023-11-21T09:59:03.781Z",
    "end": "2023-11-21T09:59:28.076Z",
    "duration": 24295,
    "testsRegistered": 1,
    "passPercent": 100,
    "pendingPercent": 0,
    "other": 0,
    "hasOther": false,
    "skipped": 0,
    "hasSkipped": false
  },
  "results": [
    {
      "uuid": "be3bc63e-9f27-4ecc-986a-dab4e4725aa0",
      "title": "",
      "fullFile": "cypress/e2e/5-orange_app/addUser.cy.js",
      "file": "cypress/e2e/5-orange_app/addUser.cy.js",
      "beforeHooks": [],
      "afterHooks": [],
      "tests": [],
      "suites": [
        {
          "uuid": "21b9b5f2-82a8-4687-8719-38c402fa1a8b",
          "title": "Add User",
          "fullFile": "",
          "file": "",
          "beforeHooks": [],
          "afterHooks": [],
          "tests": [
            {
              "title": "Verify User can add user",
              "fullTitle": "Add User Verify User can add user",
              "timedOut": null,
              "duration": 21721,
              "state": "passed",
              "speed": "slow",
              "pass": true,
              "fail": false,
              "pending": false,
              "context": null,
              "code": "cy.get('.orangehrm-login-slot').should('exist');\n// Type valid username and password\ncy.get(':nth-child(2) > .oxd-input-group > :nth-child(2) > .oxd-input').type(username);\ncy.get(':nth-child(3) > .oxd-input-group > :nth-child(2) > .oxd-input').type(validPassword);\n// Click login button\ncy.get('.oxd-button').click();\n// Assertion: Check if the layout context exists after login\ncy.get('.oxd-layout-context').should('exist');\n// Navigate to the user creation page\ncy.visit('https://opensource-demo.orangehrmlive.com/web/index.php/admin/saveSystemUser');\ncy.url().should('include', '/web/index.php/admin/saveSystemUser');\n// Select user role\ncy.get(':nth-child(1) > .oxd-input-group > :nth-child(2) > .oxd-select-wrapper > .oxd-select-text > .oxd-select-text-input').click();\ncy.get('.oxd-select-dropdown > :nth-child(2) > span').click();\ncy.get(':nth-child(1) > .oxd-input-group > :nth-child(2) > .oxd-select-wrapper > .oxd-select-text > .oxd-select-text-input').should('have.text', 'Admin');\n// Select status\ncy.get(':nth-child(3) > .oxd-input-group > :nth-child(2) > .oxd-select-wrapper > .oxd-select-text > .oxd-select-text-input').click();\ncy.get('.oxd-select-dropdown > :nth-child(2) > span').click();\ncy.get(':nth-child(3) > .oxd-input-group > :nth-child(2) > .oxd-select-wrapper > .oxd-select-text > .oxd-select-text-input').should('have.text', 'Enabled');\n// Input username\ncy.get(':nth-child(4) > .oxd-input-group').type('naufalazhar65');\n// Select Employee Name (assuming it's an autocomplete input)\ncy.get('.oxd-autocomplete-text-input > input').type('a');\n// Input password\ncy.get('.user-password-cell > .oxd-input-group > :nth-child(2) > .oxd-input').type('Naufalazhar354');\ncy.get(':nth-child(2) > .oxd-input-group > :nth-child(2) > .oxd-input').type('Naufalazhar354');\n// Click save button\ncy.get('.oxd-button--secondary').should('contain', 'Save').click();",
              "err": {},
              "uuid": "742ca432-ed3c-479d-943b-49a18c43deeb",
              "parentUUID": "21b9b5f2-82a8-4687-8719-38c402fa1a8b",
              "isHook": false,
              "skipped": false
            }
          ],
          "suites": [],
          "passes": [
            "742ca432-ed3c-479d-943b-49a18c43deeb"
          ],
          "failures": [],
          "pending": [],
          "skipped": [],
          "duration": 21721,
          "root": false,
          "rootEmpty": false,
          "_timeout": 2000
        }
      ],
      "passes": [],
      "failures": [],
      "pending": [],
      "skipped": [],
      "duration": 0,
      "root": true,
      "rootEmpty": true,
      "_timeout": 2000
    }
  ],
  "meta": {
    "mocha": {
      "version": "7.0.1"
    },
    "mochawesome": {
      "options": {
        "quiet": false,
        "reportFilename": "mochawesome",
        "saveHtml": false,
        "saveJson": true,
        "consoleReporter": "spec",
        "useInlineDiffs": false,
        "code": true
      },
      "version": "7.1.3"
    },
    "marge": {
      "options": {
        "charts": true,
        "overwrite": false,
        "html": false,
        "json": true,
        "reportDir": "cypress/reports/mocha"
      },
      "version": "6.2.0"
    }
  }
}