{
  "stats": {
    "suites": 2,
    "tests": 3,
    "passes": 2,
    "pending": 0,
    "failures": 1,
    "start": "2023-11-18T08:10:21.200Z",
    "end": "2023-11-18T08:11:05.832Z",
    "duration": 44632,
    "testsRegistered": 3,
    "passPercent": 66.66666666666666,
    "pendingPercent": 0,
    "other": 0,
    "hasOther": false,
    "skipped": 0,
    "hasSkipped": false
  },
  "results": [
    {
      "uuid": "3e6ffd17-23dd-4d1c-aa5b-6adca9de177b",
      "title": "",
      "fullFile": "cypress/e2e/5-orange_hrm/loginTest.cy.js",
      "file": "cypress/e2e/5-orange_hrm/loginTest.cy.js",
      "beforeHooks": [],
      "afterHooks": [],
      "tests": [],
      "suites": [
        {
          "uuid": "914ac45f-5b79-44ba-b4b1-350912a2b156",
          "title": "Login Functional",
          "fullFile": "",
          "file": "",
          "beforeHooks": [],
          "afterHooks": [],
          "tests": [
            {
              "title": "logs in with valid credentials",
              "fullTitle": "Login Functional logs in with valid credentials",
              "timedOut": null,
              "duration": 20924,
              "state": "failed",
              "speed": null,
              "pass": false,
              "fail": true,
              "pending": false,
              "context": null,
              "code": "cy.get('.orangehrm-login-slot').should('exist');\n// Type valid username and password\ncy.get(':nth-child(2) > .oxd-input-group > :nth-child(2) > .oxd-input').type(username);\ncy.get(':nth-child(3) > .oxd-input-group > :nth-child(2) > .oxd-input').type(validPassword);\n// Click login button\ncy.get('.oxd-button').click();\n// Assertion: Check if the layout context exists after login\ncy.get('.oxd-layout-context').should('exist');",
              "err": {
                "message": "AssertionError: Timed out retrying after 4000ms: Expected to find element: `.oxd-layout-context`, but never found it.",
                "estack": "AssertionError: Timed out retrying after 4000ms: Expected to find element: `.oxd-layout-context`, but never found it.\n    at Context.eval (webpack://cypress_test/./cypress/e2e/5-orange_hrm/loginTest.cy.js:24:38)",
                "diff": null
              },
              "uuid": "2570a864-bfce-4873-b785-4b81cee7302f",
              "parentUUID": "914ac45f-5b79-44ba-b4b1-350912a2b156",
              "isHook": false,
              "skipped": false
            },
            {
              "title": "fails to log in with invalid credentials",
              "fullTitle": "Login Functional fails to log in with invalid credentials",
              "timedOut": null,
              "duration": 13627,
              "state": "passed",
              "speed": "slow",
              "pass": true,
              "fail": false,
              "pending": false,
              "context": null,
              "code": "cy.get('.orangehrm-login-slot').should('exist');\n// Type invalid username and password\ncy.get(':nth-child(2) > .oxd-input-group > :nth-child(2) > .oxd-input').type(username);\ncy.get(':nth-child(3) > .oxd-input-group > :nth-child(2) > .oxd-input').type(invalidPassword);\n// Click login button\ncy.get('.oxd-button').click();\n// Assertion: Check if the alert appears after unsuccessful login\ncy.get('.oxd-alert').should('exist');",
              "err": {},
              "uuid": "0cf183ae-b9c9-4ba8-948b-ec037a98d7ea",
              "parentUUID": "914ac45f-5b79-44ba-b4b1-350912a2b156",
              "isHook": false,
              "skipped": false
            }
          ],
          "suites": [],
          "passes": [
            "0cf183ae-b9c9-4ba8-948b-ec037a98d7ea"
          ],
          "failures": [
            "2570a864-bfce-4873-b785-4b81cee7302f"
          ],
          "pending": [],
          "skipped": [],
          "duration": 34551,
          "root": false,
          "rootEmpty": false,
          "_timeout": 2000
        },
        {
          "uuid": "21e041cb-4bba-4e7a-8d3b-eb7dd8f9d517",
          "title": "Forgot Password",
          "fullFile": "",
          "file": "",
          "beforeHooks": [],
          "afterHooks": [],
          "tests": [
            {
              "title": "User can reset a password and receive an email",
              "fullTitle": "Forgot Password User can reset a password and receive an email",
              "timedOut": null,
              "duration": 8770,
              "state": "passed",
              "speed": "medium",
              "pass": true,
              "fail": false,
              "pending": false,
              "context": null,
              "code": "// Click on the \"Forgot Password\" link\ncy.get('.orangehrm-login-forgot > .oxd-text').click();\n// Assertion: Check if the URL includes the expected path\ncy.url().should('include', '/web/index.php/auth/requestPasswordResetCode');\n// Type username for password reset\ncy.get('.oxd-input').type('Admin');\n// Click on the Reset passoword button\ncy.get('.oxd-button--secondary').click();\n// Assertion: Check if the card container exists after password reset request\ncy.get('.orangehrm-card-container').should('exist');\n// Assertion: Check if the success message is displayed\ncy.get('.oxd-text--h6').should('have.text', 'Reset Password link sent successfully');",
              "err": {},
              "uuid": "a997d8e2-097c-43ee-b041-35ed4ba15412",
              "parentUUID": "21e041cb-4bba-4e7a-8d3b-eb7dd8f9d517",
              "isHook": false,
              "skipped": false
            }
          ],
          "suites": [],
          "passes": [
            "a997d8e2-097c-43ee-b041-35ed4ba15412"
          ],
          "failures": [],
          "pending": [],
          "skipped": [],
          "duration": 8770,
          "root": false,
          "rootEmpty": false,
          "_timeout": 2000
        }
      ],
      "passes": [],
      "failures": [],
      "pending": [],
      "skipped": [],
      "duration": 0,
      "root": true,
      "rootEmpty": true,
      "_timeout": 2000
    }
  ],
  "meta": {
    "mocha": {
      "version": "7.0.1"
    },
    "mochawesome": {
      "options": {
        "quiet": false,
        "reportFilename": "mochawesome",
        "saveHtml": false,
        "saveJson": true,
        "consoleReporter": "spec",
        "useInlineDiffs": false,
        "code": true
      },
      "version": "7.1.3"
    },
    "marge": {
      "options": {
        "charts": true,
        "overwrite": false,
        "html": false,
        "json": true,
        "reportDir": "cypress/reports/mocha"
      },
      "version": "6.2.0"
    }
  }
}