{
  "stats": {
    "suites": 1,
    "tests": 1,
    "passes": 0,
    "pending": 0,
    "failures": 1,
    "start": "2023-11-19T17:15:51.348Z",
    "end": "2023-11-19T17:16:10.406Z",
    "duration": 19058,
    "testsRegistered": 1,
    "passPercent": 0,
    "pendingPercent": 0,
    "other": 0,
    "hasOther": false,
    "skipped": 0,
    "hasSkipped": false
  },
  "results": [
    {
      "uuid": "6bac4147-2670-46ed-aabe-89a500cec792",
      "title": "",
      "fullFile": "cypress/e2e/5-orange_hrm/searchBar.cy.js",
      "file": "cypress/e2e/5-orange_hrm/searchBar.cy.js",
      "beforeHooks": [],
      "afterHooks": [],
      "tests": [],
      "suites": [
        {
          "uuid": "5c7ce668-f23e-47ae-b68c-779683909759",
          "title": "Dashboard Page",
          "fullFile": "",
          "file": "",
          "beforeHooks": [],
          "afterHooks": [],
          "tests": [
            {
              "title": "Verify search bar is working",
              "fullTitle": "Dashboard Page Verify search bar is working",
              "timedOut": null,
              "duration": 17924,
              "state": "failed",
              "speed": null,
              "pass": false,
              "fail": true,
              "pending": false,
              "context": null,
              "code": "// Type into the search bar and check the input value\ncy.get('.oxd-input').type('Admin').should('have.value', 'Admin');\n// Click on a main menu item\ncy.get('.oxd-main-menu-item > .oxd-text').click();\n// Assertion: Check if the top bar header breadcrumb module is visible and has the expected text\ncy.get('.oxd-topbar-header-breadcrumb-module').should('be.visible').and('have.text', 'Admin');",
              "err": {
                "message": "AssertionError: Timed out retrying after 10000ms: Expected to find element: `.oxd-topbar-header-breadcrumb-module`, but never found it.",
                "estack": "AssertionError: Timed out retrying after 10000ms: Expected to find element: `.oxd-topbar-header-breadcrumb-module`, but never found it.\n    at Context.eval (webpack://cypress_test/./cypress/e2e/5-orange_hrm/searchBar.cy.js:33:13)",
                "diff": null
              },
              "uuid": "66dccabb-7fb9-4332-a52d-6e7c7eae620f",
              "parentUUID": "5c7ce668-f23e-47ae-b68c-779683909759",
              "isHook": false,
              "skipped": false
            }
          ],
          "suites": [],
          "passes": [],
          "failures": [
            "66dccabb-7fb9-4332-a52d-6e7c7eae620f"
          ],
          "pending": [],
          "skipped": [],
          "duration": 17924,
          "root": false,
          "rootEmpty": false,
          "_timeout": 2000
        }
      ],
      "passes": [],
      "failures": [],
      "pending": [],
      "skipped": [],
      "duration": 0,
      "root": true,
      "rootEmpty": true,
      "_timeout": 2000
    }
  ],
  "meta": {
    "mocha": {
      "version": "7.0.1"
    },
    "mochawesome": {
      "options": {
        "quiet": false,
        "reportFilename": "mochawesome",
        "saveHtml": false,
        "saveJson": true,
        "consoleReporter": "spec",
        "useInlineDiffs": false,
        "code": true
      },
      "version": "7.1.3"
    },
    "marge": {
      "options": {
        "charts": true,
        "overwrite": false,
        "html": false,
        "json": true,
        "reportDir": "cypress/reports/mocha"
      },
      "version": "6.2.0"
    }
  }
}