{
  "stats": {
    "suites": 1,
    "tests": 3,
    "passes": 3,
    "pending": 0,
    "failures": 0,
    "start": "2023-11-21T08:52:58.359Z",
    "end": "2023-11-21T08:53:22.650Z",
    "duration": 24291,
    "testsRegistered": 3,
    "passPercent": 100,
    "pendingPercent": 0,
    "other": 0,
    "hasOther": false,
    "skipped": 0,
    "hasSkipped": false
  },
  "results": [
    {
      "uuid": "5ecb8126-41ac-4d36-9a67-f8ad52833e2a",
      "title": "",
      "fullFile": "cypress/e2e/2-saucedemo-app/loginPage.cy.js",
      "file": "cypress/e2e/2-saucedemo-app/loginPage.cy.js",
      "beforeHooks": [],
      "afterHooks": [],
      "tests": [],
      "suites": [
        {
          "uuid": "feb5403c-971b-46e9-8ce8-2a6c9e46b4f6",
          "title": "Login and Logout",
          "fullFile": "",
          "file": "",
          "beforeHooks": [],
          "afterHooks": [],
          "tests": [
            {
              "title": "should login with valid credentials",
              "fullTitle": "Login and Logout should login with valid credentials",
              "timedOut": null,
              "duration": 9207,
              "state": "passed",
              "speed": "medium",
              "pass": true,
              "fail": false,
              "pending": false,
              "context": null,
              "code": "cy.xpath(\"//input[@id='user-name']\").type(username).should('have.value', username);\ncy.wait(1000);\ncy.xpath(\"//input[@id='password']\").type(password).should('have.value', password);\ncy.wait(1000);\ncy.xpath(\"//input[@id='login-button']\").click();\ncy.contains('Products').should('be.visible');\n// cy.screenshot();\ncy.wait(2000);",
              "err": {},
              "uuid": "af22e1f6-5818-444e-b9a9-9bf0c9029b8e",
              "parentUUID": "feb5403c-971b-46e9-8ce8-2a6c9e46b4f6",
              "isHook": false,
              "skipped": false
            },
            {
              "title": "should show an error message for invalid credentials",
              "fullTitle": "Login and Logout should show an error message for invalid credentials",
              "timedOut": null,
              "duration": 7975,
              "state": "passed",
              "speed": "medium",
              "pass": true,
              "fail": false,
              "pending": false,
              "context": null,
              "code": "cy.xpath(\"//input[@id='user-name']\").type(username);\ncy.wait(1000);\ncy.xpath(\"//input[@id='password']\").type(invalidPassword);\ncy.wait(1000);\ncy.xpath(\"//input[@id='login-button']\").click();\ncy.xpath(\"//h3[contains(text(),'Epic sadface: Username and password do not match a')]\").should('have.text', 'Epic sadface: Username and password do not match any user in this service');\n// cy.screenshot();\ncy.wait(3000);",
              "err": {},
              "uuid": "98234ead-0ed0-4f58-aee3-62c953e494c5",
              "parentUUID": "feb5403c-971b-46e9-8ce8-2a6c9e46b4f6",
              "isHook": false,
              "skipped": false
            },
            {
              "title": "should logout after successful login",
              "fullTitle": "Login and Logout should logout after successful login",
              "timedOut": null,
              "duration": 7020,
              "state": "passed",
              "speed": "medium",
              "pass": true,
              "fail": false,
              "pending": false,
              "context": null,
              "code": "// Reuse login code from the first test\ncy.xpath(\"//input[@id='user-name']\").type(username);\ncy.wait(1000);\ncy.xpath(\"//input[@id='password']\").type(password);\ncy.wait(1000);\ncy.xpath(\"//input[@id='login-button']\").click();\ncy.contains('Products').should('be.visible');\ncy.wait(2000);\n// Logout\ncy.get('.bm-burger-button').click();\ncy.get('#logout_sidebar_link').click();\n// Verify logout\ncy.url().should('include', '/');\ncy.contains('Swag Labs').should('be.visible');\n// cy.screenshot();",
              "err": {},
              "uuid": "e29eb01b-76c2-4c9c-87de-2b533bcf2ed1",
              "parentUUID": "feb5403c-971b-46e9-8ce8-2a6c9e46b4f6",
              "isHook": false,
              "skipped": false
            }
          ],
          "suites": [],
          "passes": [
            "af22e1f6-5818-444e-b9a9-9bf0c9029b8e",
            "98234ead-0ed0-4f58-aee3-62c953e494c5",
            "e29eb01b-76c2-4c9c-87de-2b533bcf2ed1"
          ],
          "failures": [],
          "pending": [],
          "skipped": [],
          "duration": 24202,
          "root": false,
          "rootEmpty": false,
          "_timeout": 2000
        }
      ],
      "passes": [],
      "failures": [],
      "pending": [],
      "skipped": [],
      "duration": 0,
      "root": true,
      "rootEmpty": true,
      "_timeout": 2000
    }
  ],
  "meta": {
    "mocha": {
      "version": "7.0.1"
    },
    "mochawesome": {
      "options": {
        "quiet": false,
        "reportFilename": "mochawesome",
        "saveHtml": false,
        "saveJson": true,
        "consoleReporter": "spec",
        "useInlineDiffs": false,
        "code": true
      },
      "version": "7.1.3"
    },
    "marge": {
      "options": {
        "charts": true,
        "overwrite": false,
        "html": false,
        "json": true,
        "reportDir": "cypress/reports/mocha"
      },
      "version": "6.2.0"
    }
  }
}