{
  "stats": {
    "suites": 3,
    "tests": 12,
    "passes": 11,
    "pending": 0,
    "failures": 1,
    "start": "2023-11-19T16:23:33.395Z",
    "end": "2023-11-19T16:23:39.000Z",
    "duration": 5605,
    "testsRegistered": 12,
    "passPercent": 91.66666666666666,
    "pendingPercent": 0,
    "other": 0,
    "hasOther": false,
    "skipped": 0,
    "hasSkipped": false
  },
  "results": [
    {
      "uuid": "e80f9e10-d652-478e-9837-f3f9fd06c5ea",
      "title": "",
      "fullFile": "cypress/e2e/4-api_testing/pet_store.cy.js",
      "file": "cypress/e2e/4-api_testing/pet_store.cy.js",
      "beforeHooks": [],
      "afterHooks": [],
      "tests": [
        {
          "title": "should logout the user",
          "fullTitle": "should logout the user",
          "timedOut": null,
          "duration": 1469,
          "state": "passed",
          "speed": "fast",
          "pass": true,
          "fail": false,
          "pending": false,
          "context": null,
          "code": "// Assuming you have a user already logged in, and you have the necessary authentication tokens\n// Perform the login before attempting to logout\n// Your login code goes here...\n// Now, call the custom Cypress command to logout the user\ncy.logoutUser();",
          "err": {},
          "uuid": "37624ed9-e52d-4dae-babd-5bf216ad74f2",
          "parentUUID": "e80f9e10-d652-478e-9837-f3f9fd06c5ea",
          "isHook": false,
          "skipped": false
        }
      ],
      "suites": [
        {
          "uuid": "d35e0ca3-e9c0-4e6a-a9a6-38cd57dad173",
          "title": "Petstore API Testing",
          "fullFile": "",
          "file": "",
          "beforeHooks": [],
          "afterHooks": [],
          "tests": [
            {
              "title": "should retrieve a list of pets",
              "fullTitle": "Petstore API Testing should retrieve a list of pets",
              "timedOut": null,
              "duration": 695,
              "state": "passed",
              "speed": "fast",
              "pass": true,
              "fail": false,
              "pending": false,
              "context": null,
              "code": "cy.request('GET', 'https://petstore.swagger.io/v2/pet/findByStatus?status=available').then(response => {\n  expect(response.status).to.eq(200);\n  expect(response.body).to.be.an('array').and.not.be.empty;\n  cy.log('List of Available Pets:', response.body);\n});",
              "err": {},
              "uuid": "69723290-1d83-49ed-af12-ebb665f82f72",
              "parentUUID": "d35e0ca3-e9c0-4e6a-a9a6-38cd57dad173",
              "isHook": false,
              "skipped": false
            },
            {
              "title": "should add a new pet",
              "fullTitle": "Petstore API Testing should add a new pet",
              "timedOut": null,
              "duration": 321,
              "state": "passed",
              "speed": "fast",
              "pass": true,
              "fail": false,
              "pending": false,
              "context": null,
              "code": "const newPet = {\n  id: 12345,\n  name: 'CypressPet',\n  category: {\n    id: 1,\n    name: 'Dogs'\n  },\n  photoUrls: ['https://example.com/pet.jpg'],\n  tags: [{\n    id: 1,\n    name: 'tag1'\n  }],\n  status: 'available'\n};\ncy.request({\n  method: 'POST',\n  url: 'https://petstore.swagger.io/v2/pet',\n  body: newPet\n}).then(response => {\n  expect(response.status).to.eq(200);\n  expect(response.body.id).to.eq(newPet.id);\n  expect(response.body.name).to.eq(newPet.name);\n  cy.log('New Pet Added:', response.body);\n});",
              "err": {},
              "uuid": "f26edf4e-4f59-4aff-a2eb-0ca039c4f357",
              "parentUUID": "d35e0ca3-e9c0-4e6a-a9a6-38cd57dad173",
              "isHook": false,
              "skipped": false
            },
            {
              "title": "should update a pet's information",
              "fullTitle": "Petstore API Testing should update a pet's information",
              "timedOut": null,
              "duration": 293,
              "state": "passed",
              "speed": "fast",
              "pass": true,
              "fail": false,
              "pending": false,
              "context": null,
              "code": "const petIdToUpdate = 12345;\nconst updatedPetInfo = {\n  id: petIdToUpdate,\n  name: 'UpdatedCypressPet',\n  status: 'sold'\n};\ncy.request({\n  method: 'PUT',\n  url: `https://petstore.swagger.io/v2/pet`,\n  body: updatedPetInfo\n}).then(response => {\n  expect(response.status).to.eq(200);\n  expect(response.body.id).to.eq(updatedPetInfo.id);\n  expect(response.body.name).to.eq(updatedPetInfo.name);\n  expect(response.body.status).to.eq(updatedPetInfo.status);\n  cy.log('Pet Information Updated:', response.body);\n});",
              "err": {},
              "uuid": "771a30e4-a4b2-4736-bbe5-70072f65a1af",
              "parentUUID": "d35e0ca3-e9c0-4e6a-a9a6-38cd57dad173",
              "isHook": false,
              "skipped": false
            },
            {
              "title": "should delete a pet",
              "fullTitle": "Petstore API Testing should delete a pet",
              "timedOut": null,
              "duration": 291,
              "state": "passed",
              "speed": "fast",
              "pass": true,
              "fail": false,
              "pending": false,
              "context": null,
              "code": "const petIdToDelete = 12345;\ncy.request({\n  method: 'DELETE',\n  url: `https://petstore.swagger.io/v2/pet/${petIdToDelete}`\n}).then(response => {\n  expect(response.status).to.eq(200);\n  cy.log(`Pet with ID ${petIdToDelete} Deleted`);\n});",
              "err": {},
              "uuid": "d5f782dc-efe0-43b4-992e-04ea3d33e468",
              "parentUUID": "d35e0ca3-e9c0-4e6a-a9a6-38cd57dad173",
              "isHook": false,
              "skipped": false
            }
          ],
          "suites": [],
          "passes": [
            "69723290-1d83-49ed-af12-ebb665f82f72",
            "f26edf4e-4f59-4aff-a2eb-0ca039c4f357",
            "771a30e4-a4b2-4736-bbe5-70072f65a1af",
            "d5f782dc-efe0-43b4-992e-04ea3d33e468"
          ],
          "failures": [],
          "pending": [],
          "skipped": [],
          "duration": 1600,
          "root": false,
          "rootEmpty": false,
          "_timeout": 2000
        },
        {
          "uuid": "6c83a1d7-e4e0-4744-a581-7c9b936ec53a",
          "title": "Petstore Store API Testing",
          "fullFile": "",
          "file": "",
          "beforeHooks": [],
          "afterHooks": [],
          "tests": [
            {
              "title": "should place a new order",
              "fullTitle": "Petstore Store API Testing should place a new order",
              "timedOut": null,
              "duration": 294,
              "state": "passed",
              "speed": "fast",
              "pass": true,
              "fail": false,
              "pending": false,
              "context": null,
              "code": "const newOrder = {\n  id: 1,\n  petId: 12345,\n  // Assuming pet with ID 12345 exists\n  quantity: 1,\n  shipDate: '2023-12-01T12:00:00.000Z',\n  status: 'placed',\n  complete: true\n};\ncy.request({\n  method: 'POST',\n  url: 'https://petstore.swagger.io/v2/store/order',\n  body: newOrder\n}).then(response => {\n  expect(response.status).to.eq(200);\n  expect(response.body.id).to.eq(newOrder.id);\n  expect(response.body.petId).to.eq(newOrder.petId);\n  expect(response.body.quantity).to.eq(newOrder.quantity);\n  expect(response.body.status).to.eq(newOrder.status);\n  expect(response.body.complete).to.eq(newOrder.complete);\n  cy.log('New Order Placed:', response.body);\n});",
              "err": {},
              "uuid": "4a7e5922-617e-4d6f-b6a7-18f93ce2a7af",
              "parentUUID": "6c83a1d7-e4e0-4744-a581-7c9b936ec53a",
              "isHook": false,
              "skipped": false
            },
            {
              "title": "should retrieve an order by ID",
              "fullTitle": "Petstore Store API Testing should retrieve an order by ID",
              "timedOut": null,
              "duration": 293,
              "state": "passed",
              "speed": "fast",
              "pass": true,
              "fail": false,
              "pending": false,
              "context": null,
              "code": "const orderIdToRetrieve = 1;\ncy.request('GET', `https://petstore.swagger.io/v2/store/order/${orderIdToRetrieve}`).then(response => {\n  expect(response.status).to.eq(200);\n  expect(response.body.id).to.eq(orderIdToRetrieve);\n  cy.log('Retrieved Order:', response.body);\n});",
              "err": {},
              "uuid": "c63600c7-b595-4e84-9895-a49d4fd2f15c",
              "parentUUID": "6c83a1d7-e4e0-4744-a581-7c9b936ec53a",
              "isHook": false,
              "skipped": false
            },
            {
              "title": "should delete an order by ID",
              "fullTitle": "Petstore Store API Testing should delete an order by ID",
              "timedOut": null,
              "duration": 487,
              "state": "passed",
              "speed": "fast",
              "pass": true,
              "fail": false,
              "pending": false,
              "context": null,
              "code": "const orderIdToDelete = 1;\ncy.request({\n  method: 'DELETE',\n  url: `https://petstore.swagger.io/v2/store/order/${orderIdToDelete}`\n}).then(response => {\n  expect(response.status).to.eq(200);\n  cy.log(`Order with ID ${orderIdToDelete} Deleted`);\n});",
              "err": {},
              "uuid": "50d1eea5-4f78-4367-b5d4-8f2299e2f266",
              "parentUUID": "6c83a1d7-e4e0-4744-a581-7c9b936ec53a",
              "isHook": false,
              "skipped": false
            }
          ],
          "suites": [],
          "passes": [
            "4a7e5922-617e-4d6f-b6a7-18f93ce2a7af",
            "c63600c7-b595-4e84-9895-a49d4fd2f15c",
            "50d1eea5-4f78-4367-b5d4-8f2299e2f266"
          ],
          "failures": [],
          "pending": [],
          "skipped": [],
          "duration": 1074,
          "root": false,
          "rootEmpty": false,
          "_timeout": 2000
        },
        {
          "uuid": "e88e62c5-51a0-476d-b713-454ebd3a2e5d",
          "title": "Petstore User API Testing",
          "fullFile": "",
          "file": "",
          "beforeHooks": [],
          "afterHooks": [],
          "tests": [
            {
              "title": "should create a new user",
              "fullTitle": "Petstore User API Testing should create a new user",
              "timedOut": null,
              "duration": 418,
              "state": "failed",
              "speed": null,
              "pass": false,
              "fail": true,
              "pending": false,
              "context": null,
              "code": "const newUser = {\n  id: 11,\n  username: 'cypressuser',\n  firstName: 'Cypress',\n  lastName: 'User',\n  email: 'cypressuser@example.com',\n  password: 'cypresspassword',\n  phone: '1234567890',\n  userStatus: 1\n};\ncy.request({\n  method: 'POST',\n  url: 'https://petstore.swagger.io/v2/user',\n  body: newUser\n}).then(response => {\n  // Log the response to the console for debugging\n  console.log('Response:', response);\n  // Verify the response status is 200 OK\n  expect(response.status).to.eq(200);\n  // Verify that the response body contains the expected user data\n  expect(response.body).to.eq(newUser.id);\n  // expect(response.body.username).to.eq(newUser.username);\n  // expect(response.body.firstName).to.eq(newUser.firstName);\n  // expect(response.body.lastName).to.eq(newUser.lastName);\n  // expect(response.body.email).to.eq(newUser.email);\n  // expect(response.body.password).to.eq(newUser.password);\n  // expect(response.body.phone).to.eq(newUser.phone);\n  // expect(response.body.userStatus).to.eq(newUser.userStatus);\n});",
              "err": {
                "message": "AssertionError: expected { Object (code, type, ...) } to equal 11",
                "estack": "AssertionError: expected { Object (code, type, ...) } to equal 11\n    at Context.eval (webpack://cypress_test/./cypress/e2e/4-api_testing/pet_store.cy.js:180:31)",
                "diff": "- { code: 200, type: 'unknown', message: '11' }\n+ 11\n"
              },
              "uuid": "b1a0ce6a-2bd2-487e-a3d2-6b248ea4546a",
              "parentUUID": "e88e62c5-51a0-476d-b713-454ebd3a2e5d",
              "isHook": false,
              "skipped": false
            },
            {
              "title": "should retrieve a user by username",
              "fullTitle": "Petstore User API Testing should retrieve a user by username",
              "timedOut": null,
              "duration": 290,
              "state": "passed",
              "speed": "fast",
              "pass": true,
              "fail": false,
              "pending": false,
              "context": null,
              "code": "const usernameToRetrieve = 'cypressuser';\ncy.request('GET', `https://petstore.swagger.io/v2/user/${usernameToRetrieve}`).then(response => {\n  expect(response.status).to.eq(200);\n  expect(response.body.username).to.eq(usernameToRetrieve);\n  cy.log('Retrieved User:', response.body);\n});",
              "err": {},
              "uuid": "175774d5-34fe-4eea-9eb3-b30185e2289e",
              "parentUUID": "e88e62c5-51a0-476d-b713-454ebd3a2e5d",
              "isHook": false,
              "skipped": false
            },
            {
              "title": "should update user information",
              "fullTitle": "Petstore User API Testing should update user information",
              "timedOut": null,
              "duration": 319,
              "state": "passed",
              "speed": "fast",
              "pass": true,
              "fail": false,
              "pending": false,
              "context": null,
              "code": "const usernameToUpdate = 'cypressuser';\nconst updatedUserInfo = {\n  id: 11,\n  // Use the correct user ID you want to update\n  username: usernameToUpdate,\n  firstName: 'UpdatedCypress',\n  lastName: 'UpdatedUser',\n  email: 'updatedcypressuser@example.com',\n  password: 'updatedcypresspassword',\n  phone: '9876543210',\n  userStatus: 2\n};\ncy.request({\n  method: 'PUT',\n  url: `https://petstore.swagger.io/v2/user/${usernameToUpdate}`,\n  body: updatedUserInfo\n}).then(response => {\n  expect(response.status).to.eq(200);\n  // expect(response.body.id).to.eq(updatedUserInfo.id);\n  // expect(response.body.username).to.eq(updatedUserInfo.username);\n  // expect(response.body.firstName).to.eq(updatedUserInfo.firstName);\n  // expect(response.body.lastName).to.eq(updatedUserInfo.lastName);\n  // expect(response.body.email).to.eq(updatedUserInfo.email);\n  // expect(response.body.phone).to.eq(updatedUserInfo.phone);\n  // expect(response.body.userStatus).to.eq(updatedUserInfo.userStatus);\n  cy.log('User Information Updated:', response.body);\n});",
              "err": {},
              "uuid": "8ccdd291-51e8-4304-ba42-faa72b8f1238",
              "parentUUID": "e88e62c5-51a0-476d-b713-454ebd3a2e5d",
              "isHook": false,
              "skipped": false
            },
            {
              "title": "should delete a user by username",
              "fullTitle": "Petstore User API Testing should delete a user by username",
              "timedOut": null,
              "duration": 293,
              "state": "passed",
              "speed": "fast",
              "pass": true,
              "fail": false,
              "pending": false,
              "context": null,
              "code": "const usernameToDelete = 'cypressuser';\ncy.request({\n  method: 'DELETE',\n  url: `https://petstore.swagger.io/v2/user/${usernameToDelete}`\n}).then(response => {\n  expect(response.status).to.eq(200);\n  cy.log(`User with username ${usernameToDelete} Deleted`);\n});",
              "err": {},
              "uuid": "bf1ef06a-6191-4828-87f6-969c8e89feba",
              "parentUUID": "e88e62c5-51a0-476d-b713-454ebd3a2e5d",
              "isHook": false,
              "skipped": false
            }
          ],
          "suites": [],
          "passes": [
            "175774d5-34fe-4eea-9eb3-b30185e2289e",
            "8ccdd291-51e8-4304-ba42-faa72b8f1238",
            "bf1ef06a-6191-4828-87f6-969c8e89feba"
          ],
          "failures": [
            "b1a0ce6a-2bd2-487e-a3d2-6b248ea4546a"
          ],
          "pending": [],
          "skipped": [],
          "duration": 1320,
          "root": false,
          "rootEmpty": false,
          "_timeout": 2000
        }
      ],
      "passes": [
        "37624ed9-e52d-4dae-babd-5bf216ad74f2"
      ],
      "failures": [],
      "pending": [],
      "skipped": [],
      "duration": 1469,
      "root": true,
      "rootEmpty": false,
      "_timeout": 2000
    }
  ],
  "meta": {
    "mocha": {
      "version": "7.0.1"
    },
    "mochawesome": {
      "options": {
        "quiet": false,
        "reportFilename": "mochawesome",
        "saveHtml": false,
        "saveJson": true,
        "consoleReporter": "spec",
        "useInlineDiffs": false,
        "code": true
      },
      "version": "7.1.3"
    },
    "marge": {
      "options": {
        "charts": true,
        "overwrite": false,
        "html": false,
        "json": true,
        "reportDir": "cypress/reports/mocha"
      },
      "version": "6.2.0"
    }
  }
}