{
  "stats": {
    "suites": 1,
    "tests": 1,
    "passes": 1,
    "pending": 0,
    "failures": 0,
    "start": "2023-11-18T19:17:45.296Z",
    "end": "2023-11-18T19:17:53.159Z",
    "duration": 7863,
    "testsRegistered": 1,
    "passPercent": 100,
    "pendingPercent": 0,
    "other": 0,
    "hasOther": false,
    "skipped": 0,
    "hasSkipped": false
  },
  "results": [
    {
      "uuid": "98fa2d64-3fa0-447c-afbe-5863d3e98158",
      "title": "",
      "fullFile": "cypress/e2e/3-demo/example2.cy.js",
      "file": "cypress/e2e/3-demo/example2.cy.js",
      "beforeHooks": [],
      "afterHooks": [],
      "tests": [],
      "suites": [
        {
          "uuid": "5adddb2c-85f3-420d-847a-17f54302f646",
          "title": "google",
          "fullFile": "",
          "file": "",
          "beforeHooks": [],
          "afterHooks": [],
          "tests": [
            {
              "title": "tests google",
              "fullTitle": "google tests google",
              "timedOut": null,
              "duration": 6690,
              "state": "passed",
              "speed": "medium",
              "pass": true,
              "fail": false,
              "pending": false,
              "context": null,
              "code": "cy.visit(\"https://www.google.com/\");\ncy.get(\"#APjFqb\").click();\ncy.get(\"#APjFqb\").type(\"instagram\");\ncy.get(\"#APjFqb\").type(\"{enter}\");\ncy.get('#APjFqb').should('have.value', 'instagram');\ncy.contains('Instagram').click();",
              "err": {},
              "uuid": "27b5948b-515f-4ae0-99af-e7412a0292b9",
              "parentUUID": "5adddb2c-85f3-420d-847a-17f54302f646",
              "isHook": false,
              "skipped": false
            }
          ],
          "suites": [],
          "passes": [
            "27b5948b-515f-4ae0-99af-e7412a0292b9"
          ],
          "failures": [],
          "pending": [],
          "skipped": [],
          "duration": 6690,
          "root": false,
          "rootEmpty": false,
          "_timeout": 2000
        }
      ],
      "passes": [],
      "failures": [],
      "pending": [],
      "skipped": [],
      "duration": 0,
      "root": true,
      "rootEmpty": true,
      "_timeout": 2000
    }
  ],
  "meta": {
    "mocha": {
      "version": "7.0.1"
    },
    "mochawesome": {
      "options": {
        "quiet": false,
        "reportFilename": "mochawesome",
        "saveHtml": false,
        "saveJson": true,
        "consoleReporter": "spec",
        "useInlineDiffs": false,
        "code": true
      },
      "version": "7.1.3"
    },
    "marge": {
      "options": {
        "charts": true,
        "overwrite": false,
        "html": false,
        "json": true,
        "reportDir": "cypress/reports/mocha"
      },
      "version": "6.2.0"
    }
  }
}