{
  "stats": {
    "suites": 1,
    "tests": 5,
    "passes": 4,
    "pending": 0,
    "failures": 1,
    "start": "2023-11-19T16:26:09.383Z",
    "end": "2023-11-19T16:26:12.738Z",
    "duration": 3355,
    "testsRegistered": 5,
    "passPercent": 80,
    "pendingPercent": 0,
    "other": 0,
    "hasOther": false,
    "skipped": 0,
    "hasSkipped": false
  },
  "results": [
    {
      "uuid": "bd746f88-cd6f-4b8b-b915-ad11c2a3cb1d",
      "title": "",
      "fullFile": "cypress/e2e/4-api_testing/pet_store.cy.js",
      "file": "cypress/e2e/4-api_testing/pet_store.cy.js",
      "beforeHooks": [],
      "afterHooks": [],
      "tests": [
        {
          "title": "should logout the user",
          "fullTitle": "should logout the user",
          "timedOut": null,
          "duration": 1385,
          "state": "passed",
          "speed": "fast",
          "pass": true,
          "fail": false,
          "pending": false,
          "context": null,
          "code": "// Assuming you have a user already logged in, and you have the necessary authentication tokens\n// Perform the login before attempting to logout\n// Your login code goes here...\n// Now, call the custom Cypress command to logout the user\ncy.logoutUser();",
          "err": {},
          "uuid": "0e18a23e-2649-4eb3-ac6c-784d42e4dc54",
          "parentUUID": "bd746f88-cd6f-4b8b-b915-ad11c2a3cb1d",
          "isHook": false,
          "skipped": false
        }
      ],
      "suites": [
        {
          "uuid": "da931c6c-f542-48ff-9de4-95256feee89e",
          "title": "Petstore User API Testing",
          "fullFile": "",
          "file": "",
          "beforeHooks": [],
          "afterHooks": [],
          "tests": [
            {
              "title": "should create a new user",
              "fullTitle": "Petstore User API Testing should create a new user",
              "timedOut": null,
              "duration": 1032,
              "state": "failed",
              "speed": null,
              "pass": false,
              "fail": true,
              "pending": false,
              "context": null,
              "code": "const newUser = {\n  id: 11,\n  username: 'cypressuser',\n  firstName: 'Cypress',\n  lastName: 'User',\n  email: 'cypressuser@example.com',\n  password: 'cypresspassword',\n  phone: '1234567890',\n  userStatus: 1\n};\ncy.request({\n  method: 'POST',\n  url: 'https://petstore.swagger.io/v2/user',\n  body: newUser\n}).then(response => {\n  // Log the response to the console for debugging\n  console.log('Response:', response);\n  // Verify the response status is 200 OK\n  expect(response.status).to.eq(200);\n  // Verify that the response body contains the expected user data\n  // expect(response.body.id).to.eq(newUser.id);\n  // expect(response.body.username).to.eq(newUser.username);\n  expect(response.body.firstName).to.eq(newUser.firstName);\n  // expect(response.body.lastName).to.eq(newUser.lastName);\n  // expect(response.body.email).to.eq(newUser.email);\n  // expect(response.body.password).to.eq(newUser.password);\n  // expect(response.body.phone).to.eq(newUser.phone);\n  // expect(response.body.userStatus).to.eq(newUser.userStatus);\n});",
              "err": {
                "message": "AssertionError: expected undefined to equal 'Cypress'",
                "estack": "AssertionError: expected undefined to equal 'Cypress'\n    at Context.eval (webpack://cypress_test/./cypress/e2e/4-api_testing/pet_store.cy.js:182:41)",
                "diff": null
              },
              "uuid": "54177577-e13c-4dd7-a165-6392edb137e7",
              "parentUUID": "da931c6c-f542-48ff-9de4-95256feee89e",
              "isHook": false,
              "skipped": false
            },
            {
              "title": "should retrieve a user by username",
              "fullTitle": "Petstore User API Testing should retrieve a user by username",
              "timedOut": null,
              "duration": 283,
              "state": "passed",
              "speed": "fast",
              "pass": true,
              "fail": false,
              "pending": false,
              "context": null,
              "code": "const usernameToRetrieve = 'cypressuser';\ncy.request('GET', `https://petstore.swagger.io/v2/user/${usernameToRetrieve}`).then(response => {\n  expect(response.status).to.eq(200);\n  expect(response.body.username).to.eq(usernameToRetrieve);\n  cy.log('Retrieved User:', response.body);\n});",
              "err": {},
              "uuid": "865fe54a-1564-4072-b44a-0a0056704f89",
              "parentUUID": "da931c6c-f542-48ff-9de4-95256feee89e",
              "isHook": false,
              "skipped": false
            },
            {
              "title": "should update user information",
              "fullTitle": "Petstore User API Testing should update user information",
              "timedOut": null,
              "duration": 298,
              "state": "passed",
              "speed": "fast",
              "pass": true,
              "fail": false,
              "pending": false,
              "context": null,
              "code": "const usernameToUpdate = 'cypressuser';\nconst updatedUserInfo = {\n  id: 11,\n  // Use the correct user ID you want to update\n  username: usernameToUpdate,\n  firstName: 'UpdatedCypress',\n  lastName: 'UpdatedUser',\n  email: 'updatedcypressuser@example.com',\n  password: 'updatedcypresspassword',\n  phone: '9876543210',\n  userStatus: 2\n};\ncy.request({\n  method: 'PUT',\n  url: `https://petstore.swagger.io/v2/user/${usernameToUpdate}`,\n  body: updatedUserInfo\n}).then(response => {\n  expect(response.status).to.eq(200);\n  // expect(response.body.id).to.eq(updatedUserInfo.id);\n  // expect(response.body.username).to.eq(updatedUserInfo.username);\n  // expect(response.body.firstName).to.eq(updatedUserInfo.firstName);\n  // expect(response.body.lastName).to.eq(updatedUserInfo.lastName);\n  // expect(response.body.email).to.eq(updatedUserInfo.email);\n  // expect(response.body.phone).to.eq(updatedUserInfo.phone);\n  // expect(response.body.userStatus).to.eq(updatedUserInfo.userStatus);\n  cy.log('User Information Updated:', response.body);\n});",
              "err": {},
              "uuid": "ab803385-dee2-454c-829b-e1293dc49a2e",
              "parentUUID": "da931c6c-f542-48ff-9de4-95256feee89e",
              "isHook": false,
              "skipped": false
            },
            {
              "title": "should delete a user by username",
              "fullTitle": "Petstore User API Testing should delete a user by username",
              "timedOut": null,
              "duration": 282,
              "state": "passed",
              "speed": "fast",
              "pass": true,
              "fail": false,
              "pending": false,
              "context": null,
              "code": "const usernameToDelete = 'cypressuser';\ncy.request({\n  method: 'DELETE',\n  url: `https://petstore.swagger.io/v2/user/${usernameToDelete}`\n}).then(response => {\n  expect(response.status).to.eq(200);\n  cy.log(`User with username ${usernameToDelete} Deleted`);\n});",
              "err": {},
              "uuid": "8e9f4064-a99b-4a45-9850-d70ec90d09bd",
              "parentUUID": "da931c6c-f542-48ff-9de4-95256feee89e",
              "isHook": false,
              "skipped": false
            }
          ],
          "suites": [],
          "passes": [
            "865fe54a-1564-4072-b44a-0a0056704f89",
            "ab803385-dee2-454c-829b-e1293dc49a2e",
            "8e9f4064-a99b-4a45-9850-d70ec90d09bd"
          ],
          "failures": [
            "54177577-e13c-4dd7-a165-6392edb137e7"
          ],
          "pending": [],
          "skipped": [],
          "duration": 1895,
          "root": false,
          "rootEmpty": false,
          "_timeout": 2000
        }
      ],
      "passes": [
        "0e18a23e-2649-4eb3-ac6c-784d42e4dc54"
      ],
      "failures": [],
      "pending": [],
      "skipped": [],
      "duration": 1385,
      "root": true,
      "rootEmpty": false,
      "_timeout": 2000
    }
  ],
  "meta": {
    "mocha": {
      "version": "7.0.1"
    },
    "mochawesome": {
      "options": {
        "quiet": false,
        "reportFilename": "mochawesome",
        "saveHtml": false,
        "saveJson": true,
        "consoleReporter": "spec",
        "useInlineDiffs": false,
        "code": true
      },
      "version": "7.1.3"
    },
    "marge": {
      "options": {
        "charts": true,
        "overwrite": false,
        "html": false,
        "json": true,
        "reportDir": "cypress/reports/mocha"
      },
      "version": "6.2.0"
    }
  }
}