{
  "stats": {
    "suites": 1,
    "tests": 1,
    "passes": 1,
    "pending": 0,
    "failures": 0,
    "start": "2023-11-19T17:14:27.894Z",
    "end": "2023-11-19T17:14:39.477Z",
    "duration": 11583,
    "testsRegistered": 1,
    "passPercent": 100,
    "pendingPercent": 0,
    "other": 0,
    "hasOther": false,
    "skipped": 0,
    "hasSkipped": false
  },
  "results": [
    {
      "uuid": "232ff00c-677c-4cfb-96cc-57f509ff515c",
      "title": "",
      "fullFile": "cypress/e2e/3-demo/booking_app.cy.js",
      "file": "cypress/e2e/3-demo/booking_app.cy.js",
      "beforeHooks": [],
      "afterHooks": [],
      "tests": [],
      "suites": [
        {
          "uuid": "3cd3bd65-5dba-4fd6-8c72-9df33917416f",
          "title": "Booking App",
          "fullFile": "",
          "file": "",
          "beforeHooks": [],
          "afterHooks": [],
          "tests": [
            {
              "title": "logs in, books an appointment, and verifies confirmation",
              "fullTitle": "Booking App logs in, books an appointment, and verifies confirmation",
              "timedOut": null,
              "duration": 9237,
              "state": "passed",
              "speed": "medium",
              "pass": true,
              "fail": false,
              "pending": false,
              "context": null,
              "code": "// Login\nconst username = 'John Doe';\nconst password = 'ThisIsNotAPassword';\ncy.get('#txt-username').type(username).should('have.value', username);\ncy.get('#txt-password').type(password).should('have.value', password);\n// Submit login form\ncy.get('.form-horizontal').submit();\n// Verify HTTP response code after login\ncy.request({\n  url: 'https://katalon-demo-cura.herokuapp.com/profile.php#login',\n  // update with the actual URL\n  method: 'POST',\n  form: true,\n  body: {\n    username: username,\n    password: password\n  }\n}).should(response => {\n  expect(response.status).to.eq(200);\n});\ncy.wait(1000);\n// Pilih fasilitas\nconst selectedOption = 'Seoul CURA Healthcare Center';\ncy.get('#combo_facility').should('be.visible').select(selectedOption).should('have.value', selectedOption);\n// Checkbox\ncy.get('#chk_hospotal_readmission').should('not.be.checked').check().should('be.checked');\n// Tanggal kunjungan\nconst selectedDate = '1999-02-12';\ncy.get('#txt_visit_date').type(selectedDate).should('have.value', selectedDate);\n// Pilih program\ncy.get('.col-sm-4 [type=\"radio\"]').check('None', {\n  force: true\n}).should('be.checked');\n// Komentar\nconst comment = 'hallo world';\ncy.get('#txt_comment').type(comment).should('have.value', comment);\n// Booking appointment\ncy.get('.form-horizontal').submit();\n// Verifikasi halaman konfirmasi\ncy.get('#summary > .container > .row').should('be.visible');\ncy.get('.col-xs-12.text-center h2').should('have.text', 'Appointment Confirmation');\ncy.get('.col-xs-12.text-center p.lead').should('have.text', 'Please be informed that your appointment has been booked as following:');\ncy.get('.col-xs-12.text-center hr.small').should('be.visible');\n// Klik tombol di halaman konfirmasi\ncy.get('.text-center').find('.btn').click();\n// Verifikasi kembali halaman formulir setelah mengklik tombol\ncy.get('.form-horizontal').should('be.visible');",
              "err": {},
              "uuid": "83d57520-d230-4f24-8755-3e4a67918db6",
              "parentUUID": "3cd3bd65-5dba-4fd6-8c72-9df33917416f",
              "isHook": false,
              "skipped": false
            }
          ],
          "suites": [],
          "passes": [
            "83d57520-d230-4f24-8755-3e4a67918db6"
          ],
          "failures": [],
          "pending": [],
          "skipped": [],
          "duration": 9237,
          "root": false,
          "rootEmpty": false,
          "_timeout": 2000
        }
      ],
      "passes": [],
      "failures": [],
      "pending": [],
      "skipped": [],
      "duration": 0,
      "root": true,
      "rootEmpty": true,
      "_timeout": 2000
    }
  ],
  "meta": {
    "mocha": {
      "version": "7.0.1"
    },
    "mochawesome": {
      "options": {
        "quiet": false,
        "reportFilename": "mochawesome",
        "saveHtml": false,
        "saveJson": true,
        "consoleReporter": "spec",
        "useInlineDiffs": false,
        "code": true
      },
      "version": "7.1.3"
    },
    "marge": {
      "options": {
        "charts": true,
        "overwrite": false,
        "html": false,
        "json": true,
        "reportDir": "cypress/reports/mocha"
      },
      "version": "6.2.0"
    }
  }
}