{
  "stats": {
    "suites": 1,
    "tests": 5,
    "passes": 5,
    "pending": 0,
    "failures": 0,
    "start": "2023-11-19T16:27:25.717Z",
    "end": "2023-11-19T16:27:28.908Z",
    "duration": 3191,
    "testsRegistered": 5,
    "passPercent": 100,
    "pendingPercent": 0,
    "other": 0,
    "hasOther": false,
    "skipped": 0,
    "hasSkipped": false
  },
  "results": [
    {
      "uuid": "e6658e36-a392-4529-a030-bf0e62e778b4",
      "title": "",
      "fullFile": "cypress/e2e/4-api_testing/pet_store.cy.js",
      "file": "cypress/e2e/4-api_testing/pet_store.cy.js",
      "beforeHooks": [],
      "afterHooks": [],
      "tests": [
        {
          "title": "should logout the user",
          "fullTitle": "should logout the user",
          "timedOut": null,
          "duration": 1783,
          "state": "passed",
          "speed": "fast",
          "pass": true,
          "fail": false,
          "pending": false,
          "context": null,
          "code": "// Assuming you have a user already logged in, and you have the necessary authentication tokens\n// Perform the login before attempting to logout\n// Your login code goes here...\n// Now, call the custom Cypress command to logout the user\ncy.logoutUser();",
          "err": {},
          "uuid": "b551fbea-5019-43dc-a68b-e4e1870b3d58",
          "parentUUID": "e6658e36-a392-4529-a030-bf0e62e778b4",
          "isHook": false,
          "skipped": false
        }
      ],
      "suites": [
        {
          "uuid": "36c8284a-2dfb-4553-8841-4ec60855a2f0",
          "title": "Petstore User API Testing",
          "fullFile": "",
          "file": "",
          "beforeHooks": [],
          "afterHooks": [],
          "tests": [
            {
              "title": "should create a new user",
              "fullTitle": "Petstore User API Testing should create a new user",
              "timedOut": null,
              "duration": 275,
              "state": "passed",
              "speed": "fast",
              "pass": true,
              "fail": false,
              "pending": false,
              "context": null,
              "code": "const newUser = {\n  id: 11,\n  username: 'cypressuser',\n  firstName: 'Cypress',\n  lastName: 'User',\n  email: 'cypressuser@example.com',\n  password: 'cypresspassword',\n  phone: '1234567890',\n  userStatus: 34534\n};\ncy.request({\n  method: 'POST',\n  url: 'https://petstore.swagger.io/v2/user',\n  body: newUser\n}).then(response => {\n  // Log the response to the console for debugging\n  console.log('Response:', response);\n  // Verify the response status is 200 OK\n  expect(response.status).to.eq(200);\n  // Verify that the response body contains the expected user data\n  // expect(response.body.id).to.eq(newUser.id);\n  // expect(response.body.username).to.eq(newUser.username);\n  // expect(response.body.firstName).to.eq(newUser.firstName);\n  // expect(response.body.lastName).to.eq(newUser.lastName);\n  // expect(response.body.email).to.eq(newUser.email);\n  // expect(response.body.password).to.eq(newUser.password);\n  // expect(response.body.phone).to.eq(newUser.phone);\n  // expect(response.body.userStatus).to.eq(newUser.userStatus);\n});",
              "err": {},
              "uuid": "298cf851-f05d-4d0d-8bbc-7f7a4249b031",
              "parentUUID": "36c8284a-2dfb-4553-8841-4ec60855a2f0",
              "isHook": false,
              "skipped": false
            },
            {
              "title": "should retrieve a user by username",
              "fullTitle": "Petstore User API Testing should retrieve a user by username",
              "timedOut": null,
              "duration": 503,
              "state": "passed",
              "speed": "fast",
              "pass": true,
              "fail": false,
              "pending": false,
              "context": null,
              "code": "const usernameToRetrieve = 'cypressuser';\ncy.request('GET', `https://petstore.swagger.io/v2/user/${usernameToRetrieve}`).then(response => {\n  expect(response.status).to.eq(200);\n  expect(response.body.username).to.eq(usernameToRetrieve);\n  cy.log('Retrieved User:', response.body);\n});",
              "err": {},
              "uuid": "112b47c6-0fc8-4d88-9fce-311a15040162",
              "parentUUID": "36c8284a-2dfb-4553-8841-4ec60855a2f0",
              "isHook": false,
              "skipped": false
            },
            {
              "title": "should update user information",
              "fullTitle": "Petstore User API Testing should update user information",
              "timedOut": null,
              "duration": 279,
              "state": "passed",
              "speed": "fast",
              "pass": true,
              "fail": false,
              "pending": false,
              "context": null,
              "code": "const usernameToUpdate = 'cypressuser';\nconst updatedUserInfo = {\n  id: 11,\n  // Use the correct user ID you want to update\n  username: usernameToUpdate,\n  firstName: 'UpdatedCypress',\n  lastName: 'UpdatedUser',\n  email: 'updatedcypressuser@example.com',\n  password: 'updatedcypresspassword',\n  phone: '9876543210',\n  userStatus: 2\n};\ncy.request({\n  method: 'PUT',\n  url: `https://petstore.swagger.io/v2/user/${usernameToUpdate}`,\n  body: updatedUserInfo\n}).then(response => {\n  expect(response.status).to.eq(200);\n  // expect(response.body.id).to.eq(updatedUserInfo.id);\n  // expect(response.body.username).to.eq(updatedUserInfo.username);\n  // expect(response.body.firstName).to.eq(updatedUserInfo.firstName);\n  // expect(response.body.lastName).to.eq(updatedUserInfo.lastName);\n  // expect(response.body.email).to.eq(updatedUserInfo.email);\n  // expect(response.body.phone).to.eq(updatedUserInfo.phone);\n  // expect(response.body.userStatus).to.eq(updatedUserInfo.userStatus);\n  cy.log('User Information Updated:', response.body);\n});",
              "err": {},
              "uuid": "a4dfd2e4-7391-455d-83df-f9073806aebe",
              "parentUUID": "36c8284a-2dfb-4553-8841-4ec60855a2f0",
              "isHook": false,
              "skipped": false
            },
            {
              "title": "should delete a user by username",
              "fullTitle": "Petstore User API Testing should delete a user by username",
              "timedOut": null,
              "duration": 278,
              "state": "passed",
              "speed": "fast",
              "pass": true,
              "fail": false,
              "pending": false,
              "context": null,
              "code": "const usernameToDelete = 'cypressuser';\ncy.request({\n  method: 'DELETE',\n  url: `https://petstore.swagger.io/v2/user/${usernameToDelete}`\n}).then(response => {\n  expect(response.status).to.eq(200);\n  cy.log(`User with username ${usernameToDelete} Deleted`);\n});",
              "err": {},
              "uuid": "f3ba2c97-1a46-4370-98a5-3715afba4f7d",
              "parentUUID": "36c8284a-2dfb-4553-8841-4ec60855a2f0",
              "isHook": false,
              "skipped": false
            }
          ],
          "suites": [],
          "passes": [
            "298cf851-f05d-4d0d-8bbc-7f7a4249b031",
            "112b47c6-0fc8-4d88-9fce-311a15040162",
            "a4dfd2e4-7391-455d-83df-f9073806aebe",
            "f3ba2c97-1a46-4370-98a5-3715afba4f7d"
          ],
          "failures": [],
          "pending": [],
          "skipped": [],
          "duration": 1335,
          "root": false,
          "rootEmpty": false,
          "_timeout": 2000
        }
      ],
      "passes": [
        "b551fbea-5019-43dc-a68b-e4e1870b3d58"
      ],
      "failures": [],
      "pending": [],
      "skipped": [],
      "duration": 1783,
      "root": true,
      "rootEmpty": false,
      "_timeout": 2000
    }
  ],
  "meta": {
    "mocha": {
      "version": "7.0.1"
    },
    "mochawesome": {
      "options": {
        "quiet": false,
        "reportFilename": "mochawesome",
        "saveHtml": false,
        "saveJson": true,
        "consoleReporter": "spec",
        "useInlineDiffs": false,
        "code": true
      },
      "version": "7.1.3"
    },
    "marge": {
      "options": {
        "charts": true,
        "overwrite": false,
        "html": false,
        "json": true,
        "reportDir": "cypress/reports/mocha"
      },
      "version": "6.2.0"
    }
  }
}