{
  "stats": {
    "suites": 1,
    "tests": 1,
    "passes": 0,
    "pending": 0,
    "failures": 1,
    "start": "2023-11-18T19:20:30.415Z",
    "end": "2023-11-18T19:20:46.984Z",
    "duration": 16569,
    "testsRegistered": 1,
    "passPercent": 0,
    "pendingPercent": 0,
    "other": 0,
    "hasOther": false,
    "skipped": 0,
    "hasSkipped": false
  },
  "results": [
    {
      "uuid": "c53f295c-fd31-4c97-af82-d04a97517b1b",
      "title": "",
      "fullFile": "cypress/e2e/3-demo/booking_app.cy.js",
      "file": "cypress/e2e/3-demo/booking_app.cy.js",
      "beforeHooks": [],
      "afterHooks": [],
      "tests": [],
      "suites": [
        {
          "uuid": "64931582-f1fc-414a-ada2-2f471b1c704d",
          "title": "Test 01",
          "fullFile": "",
          "file": "",
          "beforeHooks": [],
          "afterHooks": [],
          "tests": [
            {
              "title": "logs in, books an appointment, and verifies confirmation",
              "fullTitle": "Test 01 logs in, books an appointment, and verifies confirmation",
              "timedOut": null,
              "duration": 14431,
              "state": "failed",
              "speed": null,
              "pass": false,
              "fail": true,
              "pending": false,
              "context": null,
              "code": "// Login\nconst username = 'John Doe';\nconst password = 'ThisIsNotAPasword';\ncy.get('#txt-username').type(username);\ncy.get('#txt-password').type(password);\ncy.get('#btn-login').click();\ncy.wait(1000);\n// Pilih fasilitas\nconst selectedOption = 'Seoul CURA Healthcare Center';\ncy.get('#combo_facility').should('be.visible');\ncy.get('#combo_facility').select(selectedOption);\ncy.get('#combo_facility').should('have.value', selectedOption);\n// Checkbox\ncy.get('#chk_hospotal_readmission').should('not.be.checked').check().should('be.checked').uncheck().should('not.be.checked');\n// Tanggal kunjungan\nconst selectedDate = '1999-02-12';\ncy.get('#txt_visit_date').type(selectedDate);\ncy.get('#txt_visit_date').should('have.value', selectedDate);\n// Pilih program\ncy.get('#radio_program_medicaid').click();\n// Komentar\nconst comment = 'hallo world';\ncy.get('#txt_comment').type(comment);\n// Booking appointment\ncy.get('#btn-book-appointment').click();\n// Verifikasi halaman konfirmasi\ncy.get('#summary > .container > .row').should('exist');\ncy.get('.col-xs-12.text-center h2').should('have.text', 'Appointment Confirmation');\ncy.get('.col-xs-12.text-center p.lead').should('have.text', 'Please be informed that your appointment has been booked as following:');\ncy.get('.col-xs-12.text-center hr.small').should('exist');\ncy.get('.text-center > .btn').click();\ncy.get('.form-horizontal').should('exist');",
              "err": {
                "message": "AssertionError: Timed out retrying after 10000ms: Expected to find element: `#combo_facility`, but never found it.",
                "estack": "AssertionError: Timed out retrying after 10000ms: Expected to find element: `#combo_facility`, but never found it.\n    at Context.eval (webpack://cypress_test/./cypress/e2e/3-demo/booking_app.cy.js:20:32)",
                "diff": null
              },
              "uuid": "e9cecccd-c4d7-4af6-ba1f-9d9a503bab1c",
              "parentUUID": "64931582-f1fc-414a-ada2-2f471b1c704d",
              "isHook": false,
              "skipped": false
            }
          ],
          "suites": [],
          "passes": [],
          "failures": [
            "e9cecccd-c4d7-4af6-ba1f-9d9a503bab1c"
          ],
          "pending": [],
          "skipped": [],
          "duration": 14431,
          "root": false,
          "rootEmpty": false,
          "_timeout": 2000
        }
      ],
      "passes": [],
      "failures": [],
      "pending": [],
      "skipped": [],
      "duration": 0,
      "root": true,
      "rootEmpty": true,
      "_timeout": 2000
    }
  ],
  "meta": {
    "mocha": {
      "version": "7.0.1"
    },
    "mochawesome": {
      "options": {
        "quiet": false,
        "reportFilename": "mochawesome",
        "saveHtml": false,
        "saveJson": true,
        "consoleReporter": "spec",
        "useInlineDiffs": false,
        "code": true
      },
      "version": "7.1.3"
    },
    "marge": {
      "options": {
        "charts": true,
        "overwrite": false,
        "html": false,
        "json": true,
        "reportDir": "cypress/reports/mocha"
      },
      "version": "6.2.0"
    }
  }
}