{
  "stats": {
    "suites": 1,
    "tests": 5,
    "passes": 4,
    "pending": 0,
    "failures": 1,
    "start": "2023-11-19T16:27:40.330Z",
    "end": "2023-11-19T16:27:43.078Z",
    "duration": 2748,
    "testsRegistered": 5,
    "passPercent": 80,
    "pendingPercent": 0,
    "other": 0,
    "hasOther": false,
    "skipped": 0,
    "hasSkipped": false
  },
  "results": [
    {
      "uuid": "b0ce1fc2-9ca9-43b5-8314-d2ab213220f3",
      "title": "",
      "fullFile": "cypress/e2e/4-api_testing/pet_store.cy.js",
      "file": "cypress/e2e/4-api_testing/pet_store.cy.js",
      "beforeHooks": [],
      "afterHooks": [],
      "tests": [
        {
          "title": "should logout the user",
          "fullTitle": "should logout the user",
          "timedOut": null,
          "duration": 1404,
          "state": "passed",
          "speed": "fast",
          "pass": true,
          "fail": false,
          "pending": false,
          "context": null,
          "code": "// Assuming you have a user already logged in, and you have the necessary authentication tokens\n// Perform the login before attempting to logout\n// Your login code goes here...\n// Now, call the custom Cypress command to logout the user\ncy.logoutUser();",
          "err": {},
          "uuid": "ffbd982c-c290-430e-be71-a2ec07ee927e",
          "parentUUID": "b0ce1fc2-9ca9-43b5-8314-d2ab213220f3",
          "isHook": false,
          "skipped": false
        }
      ],
      "suites": [
        {
          "uuid": "2dfec763-7b38-4134-8631-42cd5ce9ec17",
          "title": "Petstore User API Testing",
          "fullFile": "",
          "file": "",
          "beforeHooks": [],
          "afterHooks": [],
          "tests": [
            {
              "title": "should create a new user",
              "fullTitle": "Petstore User API Testing should create a new user",
              "timedOut": null,
              "duration": 394,
              "state": "failed",
              "speed": null,
              "pass": false,
              "fail": true,
              "pending": false,
              "context": null,
              "code": "const newUser = {\n  id: 11,\n  username: 'cypressuser',\n  firstName: 'Cypress',\n  lastName: 'User',\n  email: 'cypressuser@example.com',\n  password: 'cypresspassword',\n  phone: '1234567890',\n  userStatus: 34534\n};\ncy.request({\n  method: 'POST',\n  url: 'https://petstore.swagger.io/v2/user',\n  body: newUser\n}).then(response => {\n  // Log the response to the console for debugging\n  console.log('Response:', response);\n  // Verify the response status is 200 OK\n  expect(response.status).to.eq(200);\n  // Verify that the response body contains the expected user data\n  expect(response.body.id).to.eq(newUser.id);\n  // expect(response.body.username).to.eq(newUser.username);\n  // expect(response.body.firstName).to.eq(newUser.firstName);\n  // expect(response.body.lastName).to.eq(newUser.lastName);\n  // expect(response.body.email).to.eq(newUser.email);\n  // expect(response.body.password).to.eq(newUser.password);\n  // expect(response.body.phone).to.eq(newUser.phone);\n  // expect(response.body.userStatus).to.eq(newUser.userStatus);\n});",
              "err": {
                "message": "AssertionError: expected undefined to equal 11",
                "estack": "AssertionError: expected undefined to equal 11\n    at Context.eval (webpack://cypress_test/./cypress/e2e/4-api_testing/pet_store.cy.js:180:34)",
                "diff": null
              },
              "uuid": "a06657cc-dcb7-4ce0-bf74-496c5010507e",
              "parentUUID": "2dfec763-7b38-4134-8631-42cd5ce9ec17",
              "isHook": false,
              "skipped": false
            },
            {
              "title": "should retrieve a user by username",
              "fullTitle": "Petstore User API Testing should retrieve a user by username",
              "timedOut": null,
              "duration": 285,
              "state": "passed",
              "speed": "fast",
              "pass": true,
              "fail": false,
              "pending": false,
              "context": null,
              "code": "const usernameToRetrieve = 'cypressuser';\ncy.request('GET', `https://petstore.swagger.io/v2/user/${usernameToRetrieve}`).then(response => {\n  expect(response.status).to.eq(200);\n  expect(response.body.username).to.eq(usernameToRetrieve);\n  cy.log('Retrieved User:', response.body);\n});",
              "err": {},
              "uuid": "d906f5f9-ce92-46b1-89a9-d58837c76276",
              "parentUUID": "2dfec763-7b38-4134-8631-42cd5ce9ec17",
              "isHook": false,
              "skipped": false
            },
            {
              "title": "should update user information",
              "fullTitle": "Petstore User API Testing should update user information",
              "timedOut": null,
              "duration": 285,
              "state": "passed",
              "speed": "fast",
              "pass": true,
              "fail": false,
              "pending": false,
              "context": null,
              "code": "const usernameToUpdate = 'cypressuser';\nconst updatedUserInfo = {\n  id: 11,\n  // Use the correct user ID you want to update\n  username: usernameToUpdate,\n  firstName: 'UpdatedCypress',\n  lastName: 'UpdatedUser',\n  email: 'updatedcypressuser@example.com',\n  password: 'updatedcypresspassword',\n  phone: '9876543210',\n  userStatus: 2\n};\ncy.request({\n  method: 'PUT',\n  url: `https://petstore.swagger.io/v2/user/${usernameToUpdate}`,\n  body: updatedUserInfo\n}).then(response => {\n  expect(response.status).to.eq(200);\n  // expect(response.body.id).to.eq(updatedUserInfo.id);\n  // expect(response.body.username).to.eq(updatedUserInfo.username);\n  // expect(response.body.firstName).to.eq(updatedUserInfo.firstName);\n  // expect(response.body.lastName).to.eq(updatedUserInfo.lastName);\n  // expect(response.body.email).to.eq(updatedUserInfo.email);\n  // expect(response.body.phone).to.eq(updatedUserInfo.phone);\n  // expect(response.body.userStatus).to.eq(updatedUserInfo.userStatus);\n  cy.log('User Information Updated:', response.body);\n});",
              "err": {},
              "uuid": "2f0fa087-7020-4be8-b817-fa3333b13c61",
              "parentUUID": "2dfec763-7b38-4134-8631-42cd5ce9ec17",
              "isHook": false,
              "skipped": false
            },
            {
              "title": "should delete a user by username",
              "fullTitle": "Petstore User API Testing should delete a user by username",
              "timedOut": null,
              "duration": 304,
              "state": "passed",
              "speed": "fast",
              "pass": true,
              "fail": false,
              "pending": false,
              "context": null,
              "code": "const usernameToDelete = 'cypressuser';\ncy.request({\n  method: 'DELETE',\n  url: `https://petstore.swagger.io/v2/user/${usernameToDelete}`\n}).then(response => {\n  expect(response.status).to.eq(200);\n  cy.log(`User with username ${usernameToDelete} Deleted`);\n});",
              "err": {},
              "uuid": "91ec2570-1aca-48a9-b496-2a10f1e97925",
              "parentUUID": "2dfec763-7b38-4134-8631-42cd5ce9ec17",
              "isHook": false,
              "skipped": false
            }
          ],
          "suites": [],
          "passes": [
            "d906f5f9-ce92-46b1-89a9-d58837c76276",
            "2f0fa087-7020-4be8-b817-fa3333b13c61",
            "91ec2570-1aca-48a9-b496-2a10f1e97925"
          ],
          "failures": [
            "a06657cc-dcb7-4ce0-bf74-496c5010507e"
          ],
          "pending": [],
          "skipped": [],
          "duration": 1268,
          "root": false,
          "rootEmpty": false,
          "_timeout": 2000
        }
      ],
      "passes": [
        "ffbd982c-c290-430e-be71-a2ec07ee927e"
      ],
      "failures": [],
      "pending": [],
      "skipped": [],
      "duration": 1404,
      "root": true,
      "rootEmpty": false,
      "_timeout": 2000
    }
  ],
  "meta": {
    "mocha": {
      "version": "7.0.1"
    },
    "mochawesome": {
      "options": {
        "quiet": false,
        "reportFilename": "mochawesome",
        "saveHtml": false,
        "saveJson": true,
        "consoleReporter": "spec",
        "useInlineDiffs": false,
        "code": true
      },
      "version": "7.1.3"
    },
    "marge": {
      "options": {
        "charts": true,
        "overwrite": false,
        "html": false,
        "json": true,
        "reportDir": "cypress/reports/mocha"
      },
      "version": "6.2.0"
    }
  }
}