{
  "stats": {
    "suites": 63,
    "tests": 63,
    "passes": 63,
    "pending": 0,
    "failures": 0,
    "testsRegistered": 63,
    "passPercent": 100,
    "pendingPercent": 0,
    "other": 0,
    "hasOther": false,
    "skipped": 0,
    "hasSkipped": false,
    "start": "2023-11-18T18:03:59.951Z",
    "end": "2023-11-18T19:20:00.498Z",
    "duration": 4560547
  },
  "results": [
    {
      "uuid": "d1e7c561-11dc-4e95-8e63-8d245b7720d8",
      "title": "",
      "fullFile": "cypress/e2e/3-demo/booking_app.cy.js",
      "file": "cypress/e2e/3-demo/booking_app.cy.js",
      "beforeHooks": [],
      "afterHooks": [],
      "tests": [],
      "suites": [
        {
          "uuid": "be6a5931-8c08-46de-9e1b-650c0fd31d3a",
          "title": "Test 01",
          "fullFile": "",
          "file": "",
          "beforeHooks": [],
          "afterHooks": [],
          "tests": [
            {
              "title": "logs in, books an appointment, and verifies confirmation",
              "fullTitle": "Test 01 logs in, books an appointment, and verifies confirmation",
              "timedOut": null,
              "duration": 7201,
              "state": "passed",
              "speed": "medium",
              "pass": true,
              "fail": false,
              "pending": false,
              "context": null,
              "code": "// Login\nconst username = 'John Doe';\nconst password = 'ThisIsNotAPassword';\ncy.get('#txt-username').type(username);\ncy.get('#txt-password').type(password);\ncy.get('#btn-login').click();\ncy.wait(1000);\n// Pilih fasilitas\nconst selectedOption = 'Seoul CURA Healthcare Center';\ncy.get('#combo_facility').should('be.visible');\ncy.get('#combo_facility').select(selectedOption);\ncy.get('#combo_facility').should('have.value', selectedOption);\n// Checkbox\ncy.get('#chk_hospotal_readmission').should('not.be.checked').check().should('be.checked').uncheck().should('not.be.checked');\n// Tanggal kunjungan\nconst selectedDate = '1999-02-12';\ncy.get('#txt_visit_date').type(selectedDate);\ncy.get('#txt_visit_date').should('have.value', selectedDate);\n// Pilih program\ncy.get('#radio_program_medicaid').click();\n// Komentar\nconst comment = 'hallo world';\ncy.get('#txt_comment').type(comment);\n// Booking appointment\ncy.get('#btn-book-appointment').click();\n// Verifikasi halaman konfirmasi\ncy.get('#summary > .container > .row').should('exist');\ncy.get('.col-xs-12.text-center h2').should('have.text', 'Appointment Confirmation');\ncy.get('.col-xs-12.text-center p.lead').should('have.text', 'Please be informed that your appointment has been booked as following:');\ncy.get('.col-xs-12.text-center hr.small').should('exist');\ncy.get('.text-center > .btn').click();\ncy.get('.form-horizontal').should('exist');",
              "err": {},
              "uuid": "b9787bc3-19c8-43f8-8148-3f19383656c4",
              "parentUUID": "be6a5931-8c08-46de-9e1b-650c0fd31d3a",
              "isHook": false,
              "skipped": false
            }
          ],
          "suites": [],
          "passes": [
            "b9787bc3-19c8-43f8-8148-3f19383656c4"
          ],
          "failures": [],
          "pending": [],
          "skipped": [],
          "duration": 7201,
          "root": false,
          "rootEmpty": false,
          "_timeout": 2000
        }
      ],
      "passes": [],
      "failures": [],
      "pending": [],
      "skipped": [],
      "duration": 0,
      "root": true,
      "rootEmpty": true,
      "_timeout": 2000
    },
    {
      "uuid": "84af0113-92f3-49cd-9c4d-7dab534a8836",
      "title": "",
      "fullFile": "cypress/e2e/3-demo/example2.cy.js",
      "file": "cypress/e2e/3-demo/example2.cy.js",
      "beforeHooks": [],
      "afterHooks": [],
      "tests": [],
      "suites": [
        {
          "uuid": "18f8a9ba-1c83-4cb2-b879-5c21ffed6bb6",
          "title": "google",
          "fullFile": "",
          "file": "",
          "beforeHooks": [],
          "afterHooks": [],
          "tests": [
            {
              "title": "tests google",
              "fullTitle": "google tests google",
              "timedOut": null,
              "duration": 6408,
              "state": "passed",
              "speed": "medium",
              "pass": true,
              "fail": false,
              "pending": false,
              "context": null,
              "code": "cy.visit(\"https://www.google.com/\");\ncy.get(\"#APjFqb\").click();\ncy.get(\"#APjFqb\").type(\"instagram\");\ncy.get(\"#APjFqb\").type(\"{enter}\");\ncy.get('#APjFqb').should('have.value', 'instagram');\ncy.contains('Instagram').click();",
              "err": {},
              "uuid": "4d5adc65-3afb-4dd4-8564-50bd3505c896",
              "parentUUID": "18f8a9ba-1c83-4cb2-b879-5c21ffed6bb6",
              "isHook": false,
              "skipped": false
            }
          ],
          "suites": [],
          "passes": [
            "4d5adc65-3afb-4dd4-8564-50bd3505c896"
          ],
          "failures": [],
          "pending": [],
          "skipped": [],
          "duration": 6408,
          "root": false,
          "rootEmpty": false,
          "_timeout": 2000
        }
      ],
      "passes": [],
      "failures": [],
      "pending": [],
      "skipped": [],
      "duration": 0,
      "root": true,
      "rootEmpty": true,
      "_timeout": 2000
    },
    {
      "uuid": "5571faa3-7f1a-46a7-993b-91887f0f44b8",
      "title": "",
      "fullFile": "cypress/e2e/3-demo/booking_app.cy.js",
      "file": "cypress/e2e/3-demo/booking_app.cy.js",
      "beforeHooks": [],
      "afterHooks": [],
      "tests": [],
      "suites": [
        {
          "uuid": "48be4917-4751-4e96-b049-2eaed7b52498",
          "title": "Test 01",
          "fullFile": "",
          "file": "",
          "beforeHooks": [],
          "afterHooks": [],
          "tests": [
            {
              "title": "logs in, books an appointment, and verifies confirmation",
              "fullTitle": "Test 01 logs in, books an appointment, and verifies confirmation",
              "timedOut": null,
              "duration": 6029,
              "state": "passed",
              "speed": "medium",
              "pass": true,
              "fail": false,
              "pending": false,
              "context": null,
              "code": "// Login\nconst username = 'John Doe';\nconst password = 'ThisIsNotAPassword';\ncy.get('#txt-username').type(username);\ncy.get('#txt-password').type(password);\ncy.get('#btn-login').click();\ncy.wait(1000);\n// Pilih fasilitas\nconst selectedOption = 'Seoul CURA Healthcare Center';\ncy.get('#combo_facility').should('be.visible');\ncy.get('#combo_facility').select(selectedOption);\ncy.get('#combo_facility').should('have.value', selectedOption);\n// Checkbox\ncy.get('#chk_hospotal_readmission').should('not.be.checked').check().should('be.checked').uncheck().should('not.be.checked');\n// Tanggal kunjungan\nconst selectedDate = '1999-02-12';\ncy.get('#txt_visit_date').type(selectedDate);\ncy.get('#txt_visit_date').should('have.value', selectedDate);\n// Pilih program\ncy.get('#radio_program_medicaid').click();\n// Komentar\nconst comment = 'hallo world';\ncy.get('#txt_comment').type(comment);\n// Booking appointment\ncy.get('#btn-book-appointment').click();\n// Verifikasi halaman konfirmasi\ncy.get('#summary > .container > .row').should('exist');\ncy.get('.col-xs-12.text-center h2').should('have.text', 'Appointment Confirmation');\ncy.get('.col-xs-12.text-center p.lead').should('have.text', 'Please be informed that your appointment has been booked as following:');\ncy.get('.col-xs-12.text-center hr.small').should('exist');\ncy.get('.text-center > .btn').click();\ncy.get('.form-horizontal').should('exist');",
              "err": {},
              "uuid": "9447e2cc-713d-468f-93d0-4b1202186386",
              "parentUUID": "48be4917-4751-4e96-b049-2eaed7b52498",
              "isHook": false,
              "skipped": false
            }
          ],
          "suites": [],
          "passes": [
            "9447e2cc-713d-468f-93d0-4b1202186386"
          ],
          "failures": [],
          "pending": [],
          "skipped": [],
          "duration": 6029,
          "root": false,
          "rootEmpty": false,
          "_timeout": 2000
        }
      ],
      "passes": [],
      "failures": [],
      "pending": [],
      "skipped": [],
      "duration": 0,
      "root": true,
      "rootEmpty": true,
      "_timeout": 2000
    },
    {
      "uuid": "de898bce-411b-4f43-9933-67738bf51303",
      "title": "",
      "fullFile": "cypress/e2e/3-demo/example2.cy.js",
      "file": "cypress/e2e/3-demo/example2.cy.js",
      "beforeHooks": [],
      "afterHooks": [],
      "tests": [],
      "suites": [
        {
          "uuid": "ecad836a-07cc-48ee-9e3a-85d1b2f241f9",
          "title": "google",
          "fullFile": "",
          "file": "",
          "beforeHooks": [],
          "afterHooks": [],
          "tests": [
            {
              "title": "tests google",
              "fullTitle": "google tests google",
              "timedOut": null,
              "duration": 5374,
              "state": "passed",
              "speed": "medium",
              "pass": true,
              "fail": false,
              "pending": false,
              "context": null,
              "code": "cy.visit(\"https://www.google.com/\");\ncy.get(\"#APjFqb\").click();\ncy.get(\"#APjFqb\").type(\"instagram\");\ncy.get(\"#APjFqb\").type(\"{enter}\");\ncy.get('#APjFqb').should('have.value', 'instagram');\ncy.contains('Instagram').click();",
              "err": {},
              "uuid": "120bd487-6451-4126-a3ef-7937f067c89b",
              "parentUUID": "ecad836a-07cc-48ee-9e3a-85d1b2f241f9",
              "isHook": false,
              "skipped": false
            }
          ],
          "suites": [],
          "passes": [
            "120bd487-6451-4126-a3ef-7937f067c89b"
          ],
          "failures": [],
          "pending": [],
          "skipped": [],
          "duration": 5374,
          "root": false,
          "rootEmpty": false,
          "_timeout": 2000
        }
      ],
      "passes": [],
      "failures": [],
      "pending": [],
      "skipped": [],
      "duration": 0,
      "root": true,
      "rootEmpty": true,
      "_timeout": 2000
    },
    {
      "uuid": "a3ee9cf5-9a0e-4e98-af49-a5d477358360",
      "title": "",
      "fullFile": "cypress/e2e/3-demo/booking_app.cy.js",
      "file": "cypress/e2e/3-demo/booking_app.cy.js",
      "beforeHooks": [],
      "afterHooks": [],
      "tests": [],
      "suites": [
        {
          "uuid": "3622cf01-b658-4294-910d-087e41b78f54",
          "title": "Test 01",
          "fullFile": "",
          "file": "",
          "beforeHooks": [],
          "afterHooks": [],
          "tests": [
            {
              "title": "logs in, books an appointment, and verifies confirmation",
              "fullTitle": "Test 01 logs in, books an appointment, and verifies confirmation",
              "timedOut": null,
              "duration": 6188,
              "state": "passed",
              "speed": "medium",
              "pass": true,
              "fail": false,
              "pending": false,
              "context": null,
              "code": "// Login\nconst username = 'John Doe';\nconst password = 'ThisIsNotAPassword';\ncy.get('#txt-username').type(username);\ncy.get('#txt-password').type(password);\ncy.get('#btn-login').click();\ncy.wait(1000);\n// Pilih fasilitas\nconst selectedOption = 'Seoul CURA Healthcare Center';\ncy.get('#combo_facility').should('be.visible');\ncy.get('#combo_facility').select(selectedOption);\ncy.get('#combo_facility').should('have.value', selectedOption);\n// Checkbox\ncy.get('#chk_hospotal_readmission').should('not.be.checked').check().should('be.checked').uncheck().should('not.be.checked');\n// Tanggal kunjungan\nconst selectedDate = '1999-02-12';\ncy.get('#txt_visit_date').type(selectedDate);\ncy.get('#txt_visit_date').should('have.value', selectedDate);\n// Pilih program\ncy.get('#radio_program_medicaid').click();\n// Komentar\nconst comment = 'hallo world';\ncy.get('#txt_comment').type(comment);\n// Booking appointment\ncy.get('#btn-book-appointment').click();\n// Verifikasi halaman konfirmasi\ncy.get('#summary > .container > .row').should('exist');\ncy.get('.col-xs-12.text-center h2').should('have.text', 'Appointment Confirmation');\ncy.get('.col-xs-12.text-center p.lead').should('have.text', 'Please be informed that your appointment has been booked as following:');\ncy.get('.col-xs-12.text-center hr.small').should('exist');\ncy.get('.text-center > .btn').click();\ncy.get('.form-horizontal').should('exist');",
              "err": {},
              "uuid": "8011b3cc-a2cf-46e8-a940-548ccfdc89ce",
              "parentUUID": "3622cf01-b658-4294-910d-087e41b78f54",
              "isHook": false,
              "skipped": false
            }
          ],
          "suites": [],
          "passes": [
            "8011b3cc-a2cf-46e8-a940-548ccfdc89ce"
          ],
          "failures": [],
          "pending": [],
          "skipped": [],
          "duration": 6188,
          "root": false,
          "rootEmpty": false,
          "_timeout": 2000
        }
      ],
      "passes": [],
      "failures": [],
      "pending": [],
      "skipped": [],
      "duration": 0,
      "root": true,
      "rootEmpty": true,
      "_timeout": 2000
    },
    {
      "uuid": "35338323-b229-44a2-a81e-3aebbd451a4c",
      "title": "",
      "fullFile": "cypress/e2e/3-demo/example2.cy.js",
      "file": "cypress/e2e/3-demo/example2.cy.js",
      "beforeHooks": [],
      "afterHooks": [],
      "tests": [],
      "suites": [
        {
          "uuid": "aaed7b46-1bc5-4cf7-850c-d35b502cb746",
          "title": "google",
          "fullFile": "",
          "file": "",
          "beforeHooks": [],
          "afterHooks": [],
          "tests": [
            {
              "title": "tests google",
              "fullTitle": "google tests google",
              "timedOut": null,
              "duration": 5238,
              "state": "passed",
              "speed": "medium",
              "pass": true,
              "fail": false,
              "pending": false,
              "context": null,
              "code": "cy.visit(\"https://www.google.com/\");\ncy.get(\"#APjFqb\").click();\ncy.get(\"#APjFqb\").type(\"instagram\");\ncy.get(\"#APjFqb\").type(\"{enter}\");\ncy.get('#APjFqb').should('have.value', 'instagram');\ncy.contains('Instagram').click();",
              "err": {},
              "uuid": "f366e511-f849-4f10-a98b-8c56aaf16744",
              "parentUUID": "aaed7b46-1bc5-4cf7-850c-d35b502cb746",
              "isHook": false,
              "skipped": false
            }
          ],
          "suites": [],
          "passes": [
            "f366e511-f849-4f10-a98b-8c56aaf16744"
          ],
          "failures": [],
          "pending": [],
          "skipped": [],
          "duration": 5238,
          "root": false,
          "rootEmpty": false,
          "_timeout": 2000
        }
      ],
      "passes": [],
      "failures": [],
      "pending": [],
      "skipped": [],
      "duration": 0,
      "root": true,
      "rootEmpty": true,
      "_timeout": 2000
    },
    {
      "uuid": "b8c0ab30-9705-4532-94ef-ce7eea4f3685",
      "title": "",
      "fullFile": "cypress/e2e/3-demo/booking_app.cy.js",
      "file": "cypress/e2e/3-demo/booking_app.cy.js",
      "beforeHooks": [],
      "afterHooks": [],
      "tests": [],
      "suites": [
        {
          "uuid": "f067cac9-27e4-40be-a12f-1e67624dbe93",
          "title": "Test 01",
          "fullFile": "",
          "file": "",
          "beforeHooks": [],
          "afterHooks": [],
          "tests": [
            {
              "title": "logs in, books an appointment, and verifies confirmation",
              "fullTitle": "Test 01 logs in, books an appointment, and verifies confirmation",
              "timedOut": null,
              "duration": 5830,
              "state": "passed",
              "speed": "medium",
              "pass": true,
              "fail": false,
              "pending": false,
              "context": null,
              "code": "// Login\nconst username = 'John Doe';\nconst password = 'ThisIsNotAPassword';\ncy.get('#txt-username').type(username);\ncy.get('#txt-password').type(password);\ncy.get('#btn-login').click();\ncy.wait(1000);\n// Pilih fasilitas\nconst selectedOption = 'Seoul CURA Healthcare Center';\ncy.get('#combo_facility').should('be.visible');\ncy.get('#combo_facility').select(selectedOption);\ncy.get('#combo_facility').should('have.value', selectedOption);\n// Checkbox\ncy.get('#chk_hospotal_readmission').should('not.be.checked').check().should('be.checked').uncheck().should('not.be.checked');\n// Tanggal kunjungan\nconst selectedDate = '1999-02-12';\ncy.get('#txt_visit_date').type(selectedDate);\ncy.get('#txt_visit_date').should('have.value', selectedDate);\n// Pilih program\ncy.get('#radio_program_medicaid').click();\n// Komentar\nconst comment = 'hallo world';\ncy.get('#txt_comment').type(comment);\n// Booking appointment\ncy.get('#btn-book-appointment').click();\n// Verifikasi halaman konfirmasi\ncy.get('#summary > .container > .row').should('exist');\ncy.get('.col-xs-12.text-center h2').should('have.text', 'Appointment Confirmation');\ncy.get('.col-xs-12.text-center p.lead').should('have.text', 'Please be informed that your appointment has been booked as following:');\ncy.get('.col-xs-12.text-center hr.small').should('exist');\ncy.get('.text-center > .btn').click();\ncy.get('.form-horizontal').should('exist');",
              "err": {},
              "uuid": "521bf1c1-0f0a-4121-a9f6-9b736309f879",
              "parentUUID": "f067cac9-27e4-40be-a12f-1e67624dbe93",
              "isHook": false,
              "skipped": false
            }
          ],
          "suites": [],
          "passes": [
            "521bf1c1-0f0a-4121-a9f6-9b736309f879"
          ],
          "failures": [],
          "pending": [],
          "skipped": [],
          "duration": 5830,
          "root": false,
          "rootEmpty": false,
          "_timeout": 2000
        }
      ],
      "passes": [],
      "failures": [],
      "pending": [],
      "skipped": [],
      "duration": 0,
      "root": true,
      "rootEmpty": true,
      "_timeout": 2000
    },
    {
      "uuid": "01fede8d-d1f9-4062-9a8c-866b3f7e5443",
      "title": "",
      "fullFile": "cypress/e2e/3-demo/example2.cy.js",
      "file": "cypress/e2e/3-demo/example2.cy.js",
      "beforeHooks": [],
      "afterHooks": [],
      "tests": [],
      "suites": [
        {
          "uuid": "049dd1fa-4ae4-4e45-a3a0-857b9586ce2a",
          "title": "google",
          "fullFile": "",
          "file": "",
          "beforeHooks": [],
          "afterHooks": [],
          "tests": [
            {
              "title": "tests google",
              "fullTitle": "google tests google",
              "timedOut": null,
              "duration": 5888,
              "state": "passed",
              "speed": "medium",
              "pass": true,
              "fail": false,
              "pending": false,
              "context": null,
              "code": "cy.visit(\"https://www.google.com/\");\ncy.get(\"#APjFqb\").click();\ncy.get(\"#APjFqb\").type(\"instagram\");\ncy.get(\"#APjFqb\").type(\"{enter}\");\ncy.get('#APjFqb').should('have.value', 'instagram');\ncy.contains('Instagram').click();",
              "err": {},
              "uuid": "7348bc32-3332-41f5-9b0c-67ce6af00da8",
              "parentUUID": "049dd1fa-4ae4-4e45-a3a0-857b9586ce2a",
              "isHook": false,
              "skipped": false
            }
          ],
          "suites": [],
          "passes": [
            "7348bc32-3332-41f5-9b0c-67ce6af00da8"
          ],
          "failures": [],
          "pending": [],
          "skipped": [],
          "duration": 5888,
          "root": false,
          "rootEmpty": false,
          "_timeout": 2000
        }
      ],
      "passes": [],
      "failures": [],
      "pending": [],
      "skipped": [],
      "duration": 0,
      "root": true,
      "rootEmpty": true,
      "_timeout": 2000
    },
    {
      "uuid": "5c26d7c4-37cf-4c59-9afc-4242ac4d282c",
      "title": "",
      "fullFile": "cypress/e2e/3-demo/booking_app.cy.js",
      "file": "cypress/e2e/3-demo/booking_app.cy.js",
      "beforeHooks": [],
      "afterHooks": [],
      "tests": [],
      "suites": [
        {
          "uuid": "24eff1e0-cf4e-4ca9-8abd-f08bf8945822",
          "title": "Test 01",
          "fullFile": "",
          "file": "",
          "beforeHooks": [],
          "afterHooks": [],
          "tests": [
            {
              "title": "logs in, books an appointment, and verifies confirmation",
              "fullTitle": "Test 01 logs in, books an appointment, and verifies confirmation",
              "timedOut": null,
              "duration": 6175,
              "state": "passed",
              "speed": "medium",
              "pass": true,
              "fail": false,
              "pending": false,
              "context": null,
              "code": "// Login\nconst username = 'John Doe';\nconst password = 'ThisIsNotAPassword';\ncy.get('#txt-username').type(username);\ncy.get('#txt-password').type(password);\ncy.get('#btn-login').click();\ncy.wait(1000);\n// Pilih fasilitas\nconst selectedOption = 'Seoul CURA Healthcare Center';\ncy.get('#combo_facility').should('be.visible');\ncy.get('#combo_facility').select(selectedOption);\ncy.get('#combo_facility').should('have.value', selectedOption);\n// Checkbox\ncy.get('#chk_hospotal_readmission').should('not.be.checked').check().should('be.checked').uncheck().should('not.be.checked');\n// Tanggal kunjungan\nconst selectedDate = '1999-02-12';\ncy.get('#txt_visit_date').type(selectedDate);\ncy.get('#txt_visit_date').should('have.value', selectedDate);\n// Pilih program\ncy.get('#radio_program_medicaid').click();\n// Komentar\nconst comment = 'hallo world';\ncy.get('#txt_comment').type(comment);\n// Booking appointment\ncy.get('#btn-book-appointment').click();\n// Verifikasi halaman konfirmasi\ncy.get('#summary > .container > .row').should('exist');\ncy.get('.col-xs-12.text-center h2').should('have.text', 'Appointment Confirmation');\ncy.get('.col-xs-12.text-center p.lead').should('have.text', 'Please be informed that your appointment has been booked as following:');\ncy.get('.col-xs-12.text-center hr.small').should('exist');\ncy.get('.text-center > .btn').click();\ncy.get('.form-horizontal').should('exist');",
              "err": {},
              "uuid": "bc7ad7f9-01dc-417f-b6f2-121828b6c5c1",
              "parentUUID": "24eff1e0-cf4e-4ca9-8abd-f08bf8945822",
              "isHook": false,
              "skipped": false
            }
          ],
          "suites": [],
          "passes": [
            "bc7ad7f9-01dc-417f-b6f2-121828b6c5c1"
          ],
          "failures": [],
          "pending": [],
          "skipped": [],
          "duration": 6175,
          "root": false,
          "rootEmpty": false,
          "_timeout": 2000
        }
      ],
      "passes": [],
      "failures": [],
      "pending": [],
      "skipped": [],
      "duration": 0,
      "root": true,
      "rootEmpty": true,
      "_timeout": 2000
    },
    {
      "uuid": "17609274-2138-47df-bcdd-f662f53456ca",
      "title": "",
      "fullFile": "cypress/e2e/3-demo/example2.cy.js",
      "file": "cypress/e2e/3-demo/example2.cy.js",
      "beforeHooks": [],
      "afterHooks": [],
      "tests": [],
      "suites": [
        {
          "uuid": "f893e949-1e44-40fb-be4f-9712a6b1ae6a",
          "title": "google",
          "fullFile": "",
          "file": "",
          "beforeHooks": [],
          "afterHooks": [],
          "tests": [
            {
              "title": "tests google",
              "fullTitle": "google tests google",
              "timedOut": null,
              "duration": 5830,
              "state": "passed",
              "speed": "medium",
              "pass": true,
              "fail": false,
              "pending": false,
              "context": null,
              "code": "cy.visit(\"https://www.google.com/\");\ncy.get(\"#APjFqb\").click();\ncy.get(\"#APjFqb\").type(\"instagram\");\ncy.get(\"#APjFqb\").type(\"{enter}\");\ncy.get('#APjFqb').should('have.value', 'instagram');\ncy.contains('Instagram').click();",
              "err": {},
              "uuid": "60a5e75b-4931-4949-9327-8b45f30af15a",
              "parentUUID": "f893e949-1e44-40fb-be4f-9712a6b1ae6a",
              "isHook": false,
              "skipped": false
            }
          ],
          "suites": [],
          "passes": [
            "60a5e75b-4931-4949-9327-8b45f30af15a"
          ],
          "failures": [],
          "pending": [],
          "skipped": [],
          "duration": 5830,
          "root": false,
          "rootEmpty": false,
          "_timeout": 2000
        }
      ],
      "passes": [],
      "failures": [],
      "pending": [],
      "skipped": [],
      "duration": 0,
      "root": true,
      "rootEmpty": true,
      "_timeout": 2000
    },
    {
      "uuid": "bd2fe3bd-7bbc-4f45-880d-61cbce5ecbce",
      "title": "",
      "fullFile": "cypress/e2e/3-demo/booking_app.cy.js",
      "file": "cypress/e2e/3-demo/booking_app.cy.js",
      "beforeHooks": [],
      "afterHooks": [],
      "tests": [],
      "suites": [
        {
          "uuid": "42dc4064-dd98-4a20-8cf8-06a55fecff66",
          "title": "Test 01",
          "fullFile": "",
          "file": "",
          "beforeHooks": [],
          "afterHooks": [],
          "tests": [
            {
              "title": "logs in, books an appointment, and verifies confirmation",
              "fullTitle": "Test 01 logs in, books an appointment, and verifies confirmation",
              "timedOut": null,
              "duration": 6495,
              "state": "passed",
              "speed": "medium",
              "pass": true,
              "fail": false,
              "pending": false,
              "context": null,
              "code": "// Login\nconst username = 'John Doe';\nconst password = 'ThisIsNotAPassword';\ncy.get('#txt-username').type(username);\ncy.get('#txt-password').type(password);\ncy.get('#btn-login').click();\ncy.wait(1000);\n// Pilih fasilitas\nconst selectedOption = 'Seoul CURA Healthcare Center';\ncy.get('#combo_facility').should('be.visible');\ncy.get('#combo_facility').select(selectedOption);\ncy.get('#combo_facility').should('have.value', selectedOption);\n// Checkbox\ncy.get('#chk_hospotal_readmission').should('not.be.checked').check().should('be.checked').uncheck().should('not.be.checked');\n// Tanggal kunjungan\nconst selectedDate = '1999-02-12';\ncy.get('#txt_visit_date').type(selectedDate);\ncy.get('#txt_visit_date').should('have.value', selectedDate);\n// Pilih program\ncy.get('#radio_program_medicaid').click();\n// Komentar\nconst comment = 'hallo world';\ncy.get('#txt_comment').type(comment);\n// Booking appointment\ncy.get('#btn-book-appointment').click();\n// Verifikasi halaman konfirmasi\ncy.get('#summary > .container > .row').should('exist');\ncy.get('.col-xs-12.text-center h2').should('have.text', 'Appointment Confirmation');\ncy.get('.col-xs-12.text-center p.lead').should('have.text', 'Please be informed that your appointment has been booked as following:');\ncy.get('.col-xs-12.text-center hr.small').should('exist');\ncy.get('.text-center > .btn').click();\ncy.get('.form-horizontal').should('exist');",
              "err": {},
              "uuid": "cc3927ae-b362-465f-bfbb-62fc07802415",
              "parentUUID": "42dc4064-dd98-4a20-8cf8-06a55fecff66",
              "isHook": false,
              "skipped": false
            }
          ],
          "suites": [],
          "passes": [
            "cc3927ae-b362-465f-bfbb-62fc07802415"
          ],
          "failures": [],
          "pending": [],
          "skipped": [],
          "duration": 6495,
          "root": false,
          "rootEmpty": false,
          "_timeout": 2000
        }
      ],
      "passes": [],
      "failures": [],
      "pending": [],
      "skipped": [],
      "duration": 0,
      "root": true,
      "rootEmpty": true,
      "_timeout": 2000
    },
    {
      "uuid": "c06a6b2b-4822-4c04-acf6-20467e1cc91c",
      "title": "",
      "fullFile": "cypress/e2e/3-demo/example2.cy.js",
      "file": "cypress/e2e/3-demo/example2.cy.js",
      "beforeHooks": [],
      "afterHooks": [],
      "tests": [],
      "suites": [
        {
          "uuid": "31d0d6eb-847d-4880-b7a0-02eb16e5cd7c",
          "title": "google",
          "fullFile": "",
          "file": "",
          "beforeHooks": [],
          "afterHooks": [],
          "tests": [
            {
              "title": "tests google",
              "fullTitle": "google tests google",
              "timedOut": null,
              "duration": 4959,
              "state": "passed",
              "speed": "fast",
              "pass": true,
              "fail": false,
              "pending": false,
              "context": null,
              "code": "cy.visit(\"https://www.google.com/\");\ncy.get(\"#APjFqb\").click();\ncy.get(\"#APjFqb\").type(\"instagram\");\ncy.get(\"#APjFqb\").type(\"{enter}\");\ncy.get('#APjFqb').should('have.value', 'instagram');\ncy.contains('Instagram').click();",
              "err": {},
              "uuid": "1a7e6402-a33c-405b-8e45-d813cf1dde0c",
              "parentUUID": "31d0d6eb-847d-4880-b7a0-02eb16e5cd7c",
              "isHook": false,
              "skipped": false
            }
          ],
          "suites": [],
          "passes": [
            "1a7e6402-a33c-405b-8e45-d813cf1dde0c"
          ],
          "failures": [],
          "pending": [],
          "skipped": [],
          "duration": 4959,
          "root": false,
          "rootEmpty": false,
          "_timeout": 2000
        }
      ],
      "passes": [],
      "failures": [],
      "pending": [],
      "skipped": [],
      "duration": 0,
      "root": true,
      "rootEmpty": true,
      "_timeout": 2000
    },
    {
      "uuid": "73dd6b34-84a0-4452-8ee7-f21278c2a235",
      "title": "",
      "fullFile": "cypress/e2e/3-demo/booking_app.cy.js",
      "file": "cypress/e2e/3-demo/booking_app.cy.js",
      "beforeHooks": [],
      "afterHooks": [],
      "tests": [],
      "suites": [
        {
          "uuid": "ce32a908-90a8-4a97-a23c-08c4d5234313",
          "title": "Test 01",
          "fullFile": "",
          "file": "",
          "beforeHooks": [],
          "afterHooks": [],
          "tests": [
            {
              "title": "logs in, books an appointment, and verifies confirmation",
              "fullTitle": "Test 01 logs in, books an appointment, and verifies confirmation",
              "timedOut": null,
              "duration": 6453,
              "state": "passed",
              "speed": "medium",
              "pass": true,
              "fail": false,
              "pending": false,
              "context": null,
              "code": "// Login\nconst username = 'John Doe';\nconst password = 'ThisIsNotAPassword';\ncy.get('#txt-username').type(username);\ncy.get('#txt-password').type(password);\ncy.get('#btn-login').click();\ncy.wait(1000);\n// Pilih fasilitas\nconst selectedOption = 'Seoul CURA Healthcare Center';\ncy.get('#combo_facility').should('be.visible');\ncy.get('#combo_facility').select(selectedOption);\ncy.get('#combo_facility').should('have.value', selectedOption);\n// Checkbox\ncy.get('#chk_hospotal_readmission').should('not.be.checked').check().should('be.checked').uncheck().should('not.be.checked');\n// Tanggal kunjungan\nconst selectedDate = '1999-02-12';\ncy.get('#txt_visit_date').type(selectedDate);\ncy.get('#txt_visit_date').should('have.value', selectedDate);\n// Pilih program\ncy.get('#radio_program_medicaid').click();\n// Komentar\nconst comment = 'hallo world';\ncy.get('#txt_comment').type(comment);\n// Booking appointment\ncy.get('#btn-book-appointment').click();\n// Verifikasi halaman konfirmasi\ncy.get('#summary > .container > .row').should('exist');\ncy.get('.col-xs-12.text-center h2').should('have.text', 'Appointment Confirmation');\ncy.get('.col-xs-12.text-center p.lead').should('have.text', 'Please be informed that your appointment has been booked as following:');\ncy.get('.col-xs-12.text-center hr.small').should('exist');\ncy.get('.text-center > .btn').click();\ncy.get('.form-horizontal').should('exist');",
              "err": {},
              "uuid": "ae8dab13-458a-4709-bfd5-81bed112f441",
              "parentUUID": "ce32a908-90a8-4a97-a23c-08c4d5234313",
              "isHook": false,
              "skipped": false
            }
          ],
          "suites": [],
          "passes": [
            "ae8dab13-458a-4709-bfd5-81bed112f441"
          ],
          "failures": [],
          "pending": [],
          "skipped": [],
          "duration": 6453,
          "root": false,
          "rootEmpty": false,
          "_timeout": 2000
        }
      ],
      "passes": [],
      "failures": [],
      "pending": [],
      "skipped": [],
      "duration": 0,
      "root": true,
      "rootEmpty": true,
      "_timeout": 2000
    },
    {
      "uuid": "9300fbad-c7b0-4f39-8d88-15cca496f4d4",
      "title": "",
      "fullFile": "cypress/e2e/3-demo/example2.cy.js",
      "file": "cypress/e2e/3-demo/example2.cy.js",
      "beforeHooks": [],
      "afterHooks": [],
      "tests": [],
      "suites": [
        {
          "uuid": "f3d5924e-e650-4409-bac8-84240d678527",
          "title": "google",
          "fullFile": "",
          "file": "",
          "beforeHooks": [],
          "afterHooks": [],
          "tests": [
            {
              "title": "tests google",
              "fullTitle": "google tests google",
              "timedOut": null,
              "duration": 5137,
              "state": "passed",
              "speed": "medium",
              "pass": true,
              "fail": false,
              "pending": false,
              "context": null,
              "code": "cy.visit(\"https://www.google.com/\");\ncy.get(\"#APjFqb\").click();\ncy.get(\"#APjFqb\").type(\"instagram\");\ncy.get(\"#APjFqb\").type(\"{enter}\");\ncy.get('#APjFqb').should('have.value', 'instagram');\ncy.contains('Instagram').click();",
              "err": {},
              "uuid": "d7ecee5e-a4b7-4884-9e78-bffb61665722",
              "parentUUID": "f3d5924e-e650-4409-bac8-84240d678527",
              "isHook": false,
              "skipped": false
            }
          ],
          "suites": [],
          "passes": [
            "d7ecee5e-a4b7-4884-9e78-bffb61665722"
          ],
          "failures": [],
          "pending": [],
          "skipped": [],
          "duration": 5137,
          "root": false,
          "rootEmpty": false,
          "_timeout": 2000
        }
      ],
      "passes": [],
      "failures": [],
      "pending": [],
      "skipped": [],
      "duration": 0,
      "root": true,
      "rootEmpty": true,
      "_timeout": 2000
    },
    {
      "uuid": "18ca219e-fe03-4f4b-8d89-90f87b073679",
      "title": "",
      "fullFile": "cypress/e2e/3-demo/booking_app.cy.js",
      "file": "cypress/e2e/3-demo/booking_app.cy.js",
      "beforeHooks": [],
      "afterHooks": [],
      "tests": [],
      "suites": [
        {
          "uuid": "dcb7eae2-4680-4f35-bbcd-5c6dd6ca1c71",
          "title": "Test 01",
          "fullFile": "",
          "file": "",
          "beforeHooks": [],
          "afterHooks": [],
          "tests": [
            {
              "title": "logs in, books an appointment, and verifies confirmation",
              "fullTitle": "Test 01 logs in, books an appointment, and verifies confirmation",
              "timedOut": null,
              "duration": 5995,
              "state": "passed",
              "speed": "medium",
              "pass": true,
              "fail": false,
              "pending": false,
              "context": null,
              "code": "// Login\nconst username = 'John Doe';\nconst password = 'ThisIsNotAPassword';\ncy.get('#txt-username').type(username);\ncy.get('#txt-password').type(password);\ncy.get('#btn-login').click();\ncy.wait(1000);\n// Pilih fasilitas\nconst selectedOption = 'Seoul CURA Healthcare Center';\ncy.get('#combo_facility').should('be.visible');\ncy.get('#combo_facility').select(selectedOption);\ncy.get('#combo_facility').should('have.value', selectedOption);\n// Checkbox\ncy.get('#chk_hospotal_readmission').should('not.be.checked').check().should('be.checked').uncheck().should('not.be.checked');\n// Tanggal kunjungan\nconst selectedDate = '1999-02-12';\ncy.get('#txt_visit_date').type(selectedDate);\ncy.get('#txt_visit_date').should('have.value', selectedDate);\n// Pilih program\ncy.get('#radio_program_medicaid').click();\n// Komentar\nconst comment = 'hallo world';\ncy.get('#txt_comment').type(comment);\n// Booking appointment\ncy.get('#btn-book-appointment').click();\n// Verifikasi halaman konfirmasi\ncy.get('#summary > .container > .row').should('exist');\ncy.get('.col-xs-12.text-center h2').should('have.text', 'Appointment Confirmation');\ncy.get('.col-xs-12.text-center p.lead').should('have.text', 'Please be informed that your appointment has been booked as following:');\ncy.get('.col-xs-12.text-center hr.small').should('exist');\ncy.get('.text-center > .btn').click();\ncy.get('.form-horizontal').should('exist');",
              "err": {},
              "uuid": "de3f0681-43b0-4bdb-89db-6ab35cb45bf1",
              "parentUUID": "dcb7eae2-4680-4f35-bbcd-5c6dd6ca1c71",
              "isHook": false,
              "skipped": false
            }
          ],
          "suites": [],
          "passes": [
            "de3f0681-43b0-4bdb-89db-6ab35cb45bf1"
          ],
          "failures": [],
          "pending": [],
          "skipped": [],
          "duration": 5995,
          "root": false,
          "rootEmpty": false,
          "_timeout": 2000
        }
      ],
      "passes": [],
      "failures": [],
      "pending": [],
      "skipped": [],
      "duration": 0,
      "root": true,
      "rootEmpty": true,
      "_timeout": 2000
    },
    {
      "uuid": "b31774e9-96a4-42d1-85b2-25043766abec",
      "title": "",
      "fullFile": "cypress/e2e/3-demo/example2.cy.js",
      "file": "cypress/e2e/3-demo/example2.cy.js",
      "beforeHooks": [],
      "afterHooks": [],
      "tests": [],
      "suites": [
        {
          "uuid": "d958a18b-aeca-4272-b22a-8321ee0938c4",
          "title": "google",
          "fullFile": "",
          "file": "",
          "beforeHooks": [],
          "afterHooks": [],
          "tests": [
            {
              "title": "tests google",
              "fullTitle": "google tests google",
              "timedOut": null,
              "duration": 5546,
              "state": "passed",
              "speed": "medium",
              "pass": true,
              "fail": false,
              "pending": false,
              "context": null,
              "code": "cy.visit(\"https://www.google.com/\");\ncy.get(\"#APjFqb\").click();\ncy.get(\"#APjFqb\").type(\"instagram\");\ncy.get(\"#APjFqb\").type(\"{enter}\");\ncy.get('#APjFqb').should('have.value', 'instagram');\ncy.contains('Instagram').click();",
              "err": {},
              "uuid": "e3fd067a-e8c9-4964-bdeb-b1cb523cd97d",
              "parentUUID": "d958a18b-aeca-4272-b22a-8321ee0938c4",
              "isHook": false,
              "skipped": false
            }
          ],
          "suites": [],
          "passes": [
            "e3fd067a-e8c9-4964-bdeb-b1cb523cd97d"
          ],
          "failures": [],
          "pending": [],
          "skipped": [],
          "duration": 5546,
          "root": false,
          "rootEmpty": false,
          "_timeout": 2000
        }
      ],
      "passes": [],
      "failures": [],
      "pending": [],
      "skipped": [],
      "duration": 0,
      "root": true,
      "rootEmpty": true,
      "_timeout": 2000
    },
    {
      "uuid": "3924eb9d-9a5f-4e21-9022-24a088d45cbc",
      "title": "",
      "fullFile": "cypress/e2e/3-demo/booking_app.cy.js",
      "file": "cypress/e2e/3-demo/booking_app.cy.js",
      "beforeHooks": [],
      "afterHooks": [],
      "tests": [],
      "suites": [
        {
          "uuid": "605d32d1-89d7-4836-b93a-1319b0c8612a",
          "title": "Test 01",
          "fullFile": "",
          "file": "",
          "beforeHooks": [],
          "afterHooks": [],
          "tests": [
            {
              "title": "logs in, books an appointment, and verifies confirmation",
              "fullTitle": "Test 01 logs in, books an appointment, and verifies confirmation",
              "timedOut": null,
              "duration": 6873,
              "state": "passed",
              "speed": "medium",
              "pass": true,
              "fail": false,
              "pending": false,
              "context": null,
              "code": "// Login\nconst username = 'John Doe';\nconst password = 'ThisIsNotAPassword';\ncy.get('#txt-username').type(username);\ncy.get('#txt-password').type(password);\ncy.get('#btn-login').click();\ncy.wait(1000);\n// Pilih fasilitas\nconst selectedOption = 'Seoul CURA Healthcare Center';\ncy.get('#combo_facility').should('be.visible');\ncy.get('#combo_facility').select(selectedOption);\ncy.get('#combo_facility').should('have.value', selectedOption);\n// Checkbox\ncy.get('#chk_hospotal_readmission').should('not.be.checked').check().should('be.checked').uncheck().should('not.be.checked');\n// Tanggal kunjungan\nconst selectedDate = '1999-02-12';\ncy.get('#txt_visit_date').type(selectedDate);\ncy.get('#txt_visit_date').should('have.value', selectedDate);\n// Pilih program\ncy.get('#radio_program_medicaid').click();\n// Komentar\nconst comment = 'hallo world';\ncy.get('#txt_comment').type(comment);\n// Booking appointment\ncy.get('#btn-book-appointment').click();\n// Verifikasi halaman konfirmasi\ncy.get('#summary > .container > .row').should('exist');\ncy.get('.col-xs-12.text-center h2').should('have.text', 'Appointment Confirmation');\ncy.get('.col-xs-12.text-center p.lead').should('have.text', 'Please be informed that your appointment has been booked as following:');\ncy.get('.col-xs-12.text-center hr.small').should('exist');\ncy.get('.text-center > .btn').click();\ncy.get('.form-horizontal').should('exist');",
              "err": {},
              "uuid": "c423d886-0c71-45ad-922b-8fd7b5657e98",
              "parentUUID": "605d32d1-89d7-4836-b93a-1319b0c8612a",
              "isHook": false,
              "skipped": false
            }
          ],
          "suites": [],
          "passes": [
            "c423d886-0c71-45ad-922b-8fd7b5657e98"
          ],
          "failures": [],
          "pending": [],
          "skipped": [],
          "duration": 6873,
          "root": false,
          "rootEmpty": false,
          "_timeout": 2000
        }
      ],
      "passes": [],
      "failures": [],
      "pending": [],
      "skipped": [],
      "duration": 0,
      "root": true,
      "rootEmpty": true,
      "_timeout": 2000
    },
    {
      "uuid": "b73248da-6df8-4b12-87f7-0cead99a1773",
      "title": "",
      "fullFile": "cypress/e2e/3-demo/booking_app.cy.js",
      "file": "cypress/e2e/3-demo/booking_app.cy.js",
      "beforeHooks": [],
      "afterHooks": [],
      "tests": [],
      "suites": [
        {
          "uuid": "8f00df97-7131-4a36-8ec6-ab0a82599734",
          "title": "Test 01",
          "fullFile": "",
          "file": "",
          "beforeHooks": [],
          "afterHooks": [],
          "tests": [
            {
              "title": "logs in, books an appointment, and verifies confirmation",
              "fullTitle": "Test 01 logs in, books an appointment, and verifies confirmation",
              "timedOut": null,
              "duration": 6010,
              "state": "passed",
              "speed": "medium",
              "pass": true,
              "fail": false,
              "pending": false,
              "context": null,
              "code": "// Login\nconst username = 'John Doe';\nconst password = 'ThisIsNotAPassword';\ncy.get('#txt-username').type(username);\ncy.get('#txt-password').type(password);\ncy.get('#btn-login').click();\ncy.wait(1000);\n// Pilih fasilitas\nconst selectedOption = 'Seoul CURA Healthcare Center';\ncy.get('#combo_facility').should('be.visible');\ncy.get('#combo_facility').select(selectedOption);\ncy.get('#combo_facility').should('have.value', selectedOption);\n// Checkbox\ncy.get('#chk_hospotal_readmission').should('not.be.checked').check().should('be.checked').uncheck().should('not.be.checked');\n// Tanggal kunjungan\nconst selectedDate = '1999-02-12';\ncy.get('#txt_visit_date').type(selectedDate);\ncy.get('#txt_visit_date').should('have.value', selectedDate);\n// Pilih program\ncy.get('#radio_program_medicaid').click();\n// Komentar\nconst comment = 'hallo world';\ncy.get('#txt_comment').type(comment);\n// Booking appointment\ncy.get('#btn-book-appointment').click();\n// Verifikasi halaman konfirmasi\ncy.get('#summary > .container > .row').should('exist');\ncy.get('.col-xs-12.text-center h2').should('have.text', 'Appointment Confirmation');\ncy.get('.col-xs-12.text-center p.lead').should('have.text', 'Please be informed that your appointment has been booked as following:');\ncy.get('.col-xs-12.text-center hr.small').should('exist');\ncy.get('.text-center > .btn').click();\ncy.get('.form-horizontal').should('exist');",
              "err": {},
              "uuid": "6cb408a0-257e-4e56-bcbe-cb5b18ee632d",
              "parentUUID": "8f00df97-7131-4a36-8ec6-ab0a82599734",
              "isHook": false,
              "skipped": false
            }
          ],
          "suites": [],
          "passes": [
            "6cb408a0-257e-4e56-bcbe-cb5b18ee632d"
          ],
          "failures": [],
          "pending": [],
          "skipped": [],
          "duration": 6010,
          "root": false,
          "rootEmpty": false,
          "_timeout": 2000
        }
      ],
      "passes": [],
      "failures": [],
      "pending": [],
      "skipped": [],
      "duration": 0,
      "root": true,
      "rootEmpty": true,
      "_timeout": 2000
    },
    {
      "uuid": "c56557fb-45b2-4943-9723-50a3ac1a0a1e",
      "title": "",
      "fullFile": "cypress/e2e/3-demo/booking_app.cy.js",
      "file": "cypress/e2e/3-demo/booking_app.cy.js",
      "beforeHooks": [],
      "afterHooks": [],
      "tests": [],
      "suites": [
        {
          "uuid": "d5f9e290-b9d8-487f-9875-0eaa925f13c0",
          "title": "Test 01",
          "fullFile": "",
          "file": "",
          "beforeHooks": [],
          "afterHooks": [],
          "tests": [
            {
              "title": "logs in, books an appointment, and verifies confirmation",
              "fullTitle": "Test 01 logs in, books an appointment, and verifies confirmation",
              "timedOut": null,
              "duration": 5813,
              "state": "passed",
              "speed": "medium",
              "pass": true,
              "fail": false,
              "pending": false,
              "context": null,
              "code": "// Login\nconst username = 'John Doe';\nconst password = 'ThisIsNotAPassword';\ncy.get('#txt-username').type(username);\ncy.get('#txt-password').type(password);\ncy.get('#btn-login').click();\ncy.wait(1000);\n// Pilih fasilitas\nconst selectedOption = 'Seoul CURA Healthcare Center';\ncy.get('#combo_facility').should('be.visible');\ncy.get('#combo_facility').select(selectedOption);\ncy.get('#combo_facility').should('have.value', selectedOption);\n// Checkbox\ncy.get('#chk_hospotal_readmission').should('not.be.checked').check().should('be.checked').uncheck().should('not.be.checked');\n// Tanggal kunjungan\nconst selectedDate = '1999-02-12';\ncy.get('#txt_visit_date').type(selectedDate);\ncy.get('#txt_visit_date').should('have.value', selectedDate);\n// Pilih program\ncy.get('#radio_program_medicaid').click();\n// Komentar\nconst comment = 'hallo world';\ncy.get('#txt_comment').type(comment);\n// Booking appointment\ncy.get('#btn-book-appointment').click();\n// Verifikasi halaman konfirmasi\ncy.get('#summary > .container > .row').should('exist');\ncy.get('.col-xs-12.text-center h2').should('have.text', 'Appointment Confirmation');\ncy.get('.col-xs-12.text-center p.lead').should('have.text', 'Please be informed that your appointment has been booked as following:');\ncy.get('.col-xs-12.text-center hr.small').should('exist');\ncy.get('.text-center > .btn').click();\ncy.get('.form-horizontal').should('exist');",
              "err": {},
              "uuid": "a7de16fb-7b17-47dd-987a-6eba1abab50c",
              "parentUUID": "d5f9e290-b9d8-487f-9875-0eaa925f13c0",
              "isHook": false,
              "skipped": false
            }
          ],
          "suites": [],
          "passes": [
            "a7de16fb-7b17-47dd-987a-6eba1abab50c"
          ],
          "failures": [],
          "pending": [],
          "skipped": [],
          "duration": 5813,
          "root": false,
          "rootEmpty": false,
          "_timeout": 2000
        }
      ],
      "passes": [],
      "failures": [],
      "pending": [],
      "skipped": [],
      "duration": 0,
      "root": true,
      "rootEmpty": true,
      "_timeout": 2000
    },
    {
      "uuid": "a4e5f4c1-e331-4a92-9c5b-75ce3442e8d1",
      "title": "",
      "fullFile": "cypress/e2e/3-demo/booking_app.cy.js",
      "file": "cypress/e2e/3-demo/booking_app.cy.js",
      "beforeHooks": [],
      "afterHooks": [],
      "tests": [],
      "suites": [
        {
          "uuid": "5f9cd500-c8b3-4557-976b-b712d645e3a2",
          "title": "Test 01",
          "fullFile": "",
          "file": "",
          "beforeHooks": [],
          "afterHooks": [],
          "tests": [
            {
              "title": "logs in, books an appointment, and verifies confirmation",
              "fullTitle": "Test 01 logs in, books an appointment, and verifies confirmation",
              "timedOut": null,
              "duration": 5966,
              "state": "passed",
              "speed": "medium",
              "pass": true,
              "fail": false,
              "pending": false,
              "context": null,
              "code": "// Login\nconst username = 'John Doe';\nconst password = 'ThisIsNotAPassword';\ncy.get('#txt-username').type(username);\ncy.get('#txt-password').type(password);\ncy.get('#btn-login').click();\ncy.wait(1000);\n// Pilih fasilitas\nconst selectedOption = 'Seoul CURA Healthcare Center';\ncy.get('#combo_facility').should('be.visible');\ncy.get('#combo_facility').select(selectedOption);\ncy.get('#combo_facility').should('have.value', selectedOption);\n// Checkbox\ncy.get('#chk_hospotal_readmission').should('not.be.checked').check().should('be.checked').uncheck().should('not.be.checked');\n// Tanggal kunjungan\nconst selectedDate = '1999-02-12';\ncy.get('#txt_visit_date').type(selectedDate);\ncy.get('#txt_visit_date').should('have.value', selectedDate);\n// Pilih program\ncy.get('#radio_program_medicaid').click();\n// Komentar\nconst comment = 'hallo world';\ncy.get('#txt_comment').type(comment);\n// Booking appointment\ncy.get('#btn-book-appointment').click();\n// Verifikasi halaman konfirmasi\ncy.get('#summary > .container > .row').should('exist');\ncy.get('.col-xs-12.text-center h2').should('have.text', 'Appointment Confirmation');\ncy.get('.col-xs-12.text-center p.lead').should('have.text', 'Please be informed that your appointment has been booked as following:');\ncy.get('.col-xs-12.text-center hr.small').should('exist');\ncy.get('.text-center > .btn').click();\ncy.get('.form-horizontal').should('exist');",
              "err": {},
              "uuid": "88e37c65-afff-4935-802c-1b25bdd9a181",
              "parentUUID": "5f9cd500-c8b3-4557-976b-b712d645e3a2",
              "isHook": false,
              "skipped": false
            }
          ],
          "suites": [],
          "passes": [
            "88e37c65-afff-4935-802c-1b25bdd9a181"
          ],
          "failures": [],
          "pending": [],
          "skipped": [],
          "duration": 5966,
          "root": false,
          "rootEmpty": false,
          "_timeout": 2000
        }
      ],
      "passes": [],
      "failures": [],
      "pending": [],
      "skipped": [],
      "duration": 0,
      "root": true,
      "rootEmpty": true,
      "_timeout": 2000
    },
    {
      "uuid": "4009cebf-5d13-4428-81ce-ac3bfdb432c3",
      "title": "",
      "fullFile": "cypress/e2e/3-demo/example2.cy.js",
      "file": "cypress/e2e/3-demo/example2.cy.js",
      "beforeHooks": [],
      "afterHooks": [],
      "tests": [],
      "suites": [
        {
          "uuid": "3cae9517-d8f9-412e-8da3-6f2737897e80",
          "title": "google",
          "fullFile": "",
          "file": "",
          "beforeHooks": [],
          "afterHooks": [],
          "tests": [
            {
              "title": "tests google",
              "fullTitle": "google tests google",
              "timedOut": null,
              "duration": 14817,
              "state": "passed",
              "speed": "slow",
              "pass": true,
              "fail": false,
              "pending": false,
              "context": null,
              "code": "cy.visit(\"https://www.google.com/\");\ncy.get(\"#APjFqb\").click();\ncy.get(\"#APjFqb\").type(\"instagram\");\ncy.get(\"#APjFqb\").type(\"{enter}\");\ncy.get('#APjFqb').should('have.value', 'instagram');\ncy.contains('Instagram').click();",
              "err": {},
              "uuid": "c6a11c57-279b-4dab-a4bc-26494ee1de93",
              "parentUUID": "3cae9517-d8f9-412e-8da3-6f2737897e80",
              "isHook": false,
              "skipped": false
            }
          ],
          "suites": [],
          "passes": [
            "c6a11c57-279b-4dab-a4bc-26494ee1de93"
          ],
          "failures": [],
          "pending": [],
          "skipped": [],
          "duration": 14817,
          "root": false,
          "rootEmpty": false,
          "_timeout": 2000
        }
      ],
      "passes": [],
      "failures": [],
      "pending": [],
      "skipped": [],
      "duration": 0,
      "root": true,
      "rootEmpty": true,
      "_timeout": 2000
    },
    {
      "uuid": "acf8e0a2-e736-46dd-ac9a-13a9afbc617f",
      "title": "",
      "fullFile": "cypress/e2e/3-demo/booking_app.cy.js",
      "file": "cypress/e2e/3-demo/booking_app.cy.js",
      "beforeHooks": [],
      "afterHooks": [],
      "tests": [],
      "suites": [
        {
          "uuid": "ebb0ee65-f028-428e-8d84-6bf1642037c3",
          "title": "Test 01",
          "fullFile": "",
          "file": "",
          "beforeHooks": [],
          "afterHooks": [],
          "tests": [
            {
              "title": "logs in, books an appointment, and verifies confirmation",
              "fullTitle": "Test 01 logs in, books an appointment, and verifies confirmation",
              "timedOut": null,
              "duration": 6577,
              "state": "passed",
              "speed": "medium",
              "pass": true,
              "fail": false,
              "pending": false,
              "context": null,
              "code": "// Login\nconst username = 'John Doe';\nconst password = 'ThisIsNotAPassword';\ncy.get('#txt-username').type(username);\ncy.get('#txt-password').type(password);\ncy.get('#btn-login').click();\ncy.wait(1000);\n// Pilih fasilitas\nconst selectedOption = 'Seoul CURA Healthcare Center';\ncy.get('#combo_facility').should('be.visible');\ncy.get('#combo_facility').select(selectedOption);\ncy.get('#combo_facility').should('have.value', selectedOption);\n// Checkbox\ncy.get('#chk_hospotal_readmission').should('not.be.checked').check().should('be.checked').uncheck().should('not.be.checked');\n// Tanggal kunjungan\nconst selectedDate = '1999-02-12';\ncy.get('#txt_visit_date').type(selectedDate);\ncy.get('#txt_visit_date').should('have.value', selectedDate);\n// Pilih program\ncy.get('#radio_program_medicaid').click();\n// Komentar\nconst comment = 'hallo world';\ncy.get('#txt_comment').type(comment);\n// Booking appointment\ncy.get('#btn-book-appointment').click();\n// Verifikasi halaman konfirmasi\ncy.get('#summary > .container > .row').should('exist');\ncy.get('.col-xs-12.text-center h2').should('have.text', 'Appointment Confirmation');\ncy.get('.col-xs-12.text-center p.lead').should('have.text', 'Please be informed that your appointment has been booked as following:');\ncy.get('.col-xs-12.text-center hr.small').should('exist');\ncy.get('.text-center > .btn').click();\ncy.get('.form-horizontal').should('exist');",
              "err": {},
              "uuid": "1a3347b2-8d52-42f1-a9fb-e95a54fe6bf3",
              "parentUUID": "ebb0ee65-f028-428e-8d84-6bf1642037c3",
              "isHook": false,
              "skipped": false
            }
          ],
          "suites": [],
          "passes": [
            "1a3347b2-8d52-42f1-a9fb-e95a54fe6bf3"
          ],
          "failures": [],
          "pending": [],
          "skipped": [],
          "duration": 6577,
          "root": false,
          "rootEmpty": false,
          "_timeout": 2000
        }
      ],
      "passes": [],
      "failures": [],
      "pending": [],
      "skipped": [],
      "duration": 0,
      "root": true,
      "rootEmpty": true,
      "_timeout": 2000
    },
    {
      "uuid": "065a3886-66fb-4af1-a09f-40d83e961c98",
      "title": "",
      "fullFile": "cypress/e2e/3-demo/example2.cy.js",
      "file": "cypress/e2e/3-demo/example2.cy.js",
      "beforeHooks": [],
      "afterHooks": [],
      "tests": [],
      "suites": [
        {
          "uuid": "af6f5506-47c4-4aea-aee2-1e2f10ee204d",
          "title": "google",
          "fullFile": "",
          "file": "",
          "beforeHooks": [],
          "afterHooks": [],
          "tests": [
            {
              "title": "tests google",
              "fullTitle": "google tests google",
              "timedOut": null,
              "duration": 5101,
              "state": "passed",
              "speed": "medium",
              "pass": true,
              "fail": false,
              "pending": false,
              "context": null,
              "code": "cy.visit(\"https://www.google.com/\");\ncy.get(\"#APjFqb\").click();\ncy.get(\"#APjFqb\").type(\"instagram\");\ncy.get(\"#APjFqb\").type(\"{enter}\");\ncy.get('#APjFqb').should('have.value', 'instagram');\ncy.contains('Instagram').click();",
              "err": {},
              "uuid": "daa8e9e7-4cc9-4b49-8bc0-7eda2d0152ac",
              "parentUUID": "af6f5506-47c4-4aea-aee2-1e2f10ee204d",
              "isHook": false,
              "skipped": false
            }
          ],
          "suites": [],
          "passes": [
            "daa8e9e7-4cc9-4b49-8bc0-7eda2d0152ac"
          ],
          "failures": [],
          "pending": [],
          "skipped": [],
          "duration": 5101,
          "root": false,
          "rootEmpty": false,
          "_timeout": 2000
        }
      ],
      "passes": [],
      "failures": [],
      "pending": [],
      "skipped": [],
      "duration": 0,
      "root": true,
      "rootEmpty": true,
      "_timeout": 2000
    },
    {
      "uuid": "fcc22c46-3e39-4a42-9c53-89d90fdf29dc",
      "title": "",
      "fullFile": "cypress/e2e/3-demo/booking_app.cy.js",
      "file": "cypress/e2e/3-demo/booking_app.cy.js",
      "beforeHooks": [],
      "afterHooks": [],
      "tests": [],
      "suites": [
        {
          "uuid": "1f464751-4d98-4f75-a637-85812049f2c8",
          "title": "Test 01",
          "fullFile": "",
          "file": "",
          "beforeHooks": [],
          "afterHooks": [],
          "tests": [
            {
              "title": "logs in, books an appointment, and verifies confirmation",
              "fullTitle": "Test 01 logs in, books an appointment, and verifies confirmation",
              "timedOut": null,
              "duration": 6109,
              "state": "passed",
              "speed": "medium",
              "pass": true,
              "fail": false,
              "pending": false,
              "context": null,
              "code": "// Login\nconst username = 'John Doe';\nconst password = 'ThisIsNotAPassword';\ncy.get('#txt-username').type(username);\ncy.get('#txt-password').type(password);\ncy.get('#btn-login').click();\ncy.wait(1000);\n// Pilih fasilitas\nconst selectedOption = 'Seoul CURA Healthcare Center';\ncy.get('#combo_facility').should('be.visible');\ncy.get('#combo_facility').select(selectedOption);\ncy.get('#combo_facility').should('have.value', selectedOption);\n// Checkbox\ncy.get('#chk_hospotal_readmission').should('not.be.checked').check().should('be.checked').uncheck().should('not.be.checked');\n// Tanggal kunjungan\nconst selectedDate = '1999-02-12';\ncy.get('#txt_visit_date').type(selectedDate);\ncy.get('#txt_visit_date').should('have.value', selectedDate);\n// Pilih program\ncy.get('#radio_program_medicaid').click();\n// Komentar\nconst comment = 'hallo world';\ncy.get('#txt_comment').type(comment);\n// Booking appointment\ncy.get('#btn-book-appointment').click();\n// Verifikasi halaman konfirmasi\ncy.get('#summary > .container > .row').should('exist');\ncy.get('.col-xs-12.text-center h2').should('have.text', 'Appointment Confirmation');\ncy.get('.col-xs-12.text-center p.lead').should('have.text', 'Please be informed that your appointment has been booked as following:');\ncy.get('.col-xs-12.text-center hr.small').should('exist');\ncy.get('.text-center > .btn').click();\ncy.get('.form-horizontal').should('exist');",
              "err": {},
              "uuid": "876b1d40-19f4-4215-a4ce-43e98260a484",
              "parentUUID": "1f464751-4d98-4f75-a637-85812049f2c8",
              "isHook": false,
              "skipped": false
            }
          ],
          "suites": [],
          "passes": [
            "876b1d40-19f4-4215-a4ce-43e98260a484"
          ],
          "failures": [],
          "pending": [],
          "skipped": [],
          "duration": 6109,
          "root": false,
          "rootEmpty": false,
          "_timeout": 2000
        }
      ],
      "passes": [],
      "failures": [],
      "pending": [],
      "skipped": [],
      "duration": 0,
      "root": true,
      "rootEmpty": true,
      "_timeout": 2000
    },
    {
      "uuid": "3e6e1a73-1fc2-4203-8b16-f82b732e7bfd",
      "title": "",
      "fullFile": "cypress/e2e/3-demo/example2.cy.js",
      "file": "cypress/e2e/3-demo/example2.cy.js",
      "beforeHooks": [],
      "afterHooks": [],
      "tests": [],
      "suites": [
        {
          "uuid": "f715465c-a05f-4ab1-8b34-9dd0ff82adbf",
          "title": "google",
          "fullFile": "",
          "file": "",
          "beforeHooks": [],
          "afterHooks": [],
          "tests": [
            {
              "title": "tests google",
              "fullTitle": "google tests google",
              "timedOut": null,
              "duration": 4696,
              "state": "passed",
              "speed": "fast",
              "pass": true,
              "fail": false,
              "pending": false,
              "context": null,
              "code": "cy.visit(\"https://www.google.com/\");\ncy.get(\"#APjFqb\").click();\ncy.get(\"#APjFqb\").type(\"instagram\");\ncy.get(\"#APjFqb\").type(\"{enter}\");\ncy.get('#APjFqb').should('have.value', 'instagram');\ncy.contains('Instagram').click();",
              "err": {},
              "uuid": "dd8ac9b7-357e-4da3-ac86-bc817731f486",
              "parentUUID": "f715465c-a05f-4ab1-8b34-9dd0ff82adbf",
              "isHook": false,
              "skipped": false
            }
          ],
          "suites": [],
          "passes": [
            "dd8ac9b7-357e-4da3-ac86-bc817731f486"
          ],
          "failures": [],
          "pending": [],
          "skipped": [],
          "duration": 4696,
          "root": false,
          "rootEmpty": false,
          "_timeout": 2000
        }
      ],
      "passes": [],
      "failures": [],
      "pending": [],
      "skipped": [],
      "duration": 0,
      "root": true,
      "rootEmpty": true,
      "_timeout": 2000
    },
    {
      "uuid": "57506c8d-08b2-4233-8c50-9eba84f80c0e",
      "title": "",
      "fullFile": "cypress/e2e/3-demo/booking_app.cy.js",
      "file": "cypress/e2e/3-demo/booking_app.cy.js",
      "beforeHooks": [],
      "afterHooks": [],
      "tests": [],
      "suites": [
        {
          "uuid": "c9671d37-3146-49c6-84dd-04190b370e57",
          "title": "Test 01",
          "fullFile": "",
          "file": "",
          "beforeHooks": [],
          "afterHooks": [],
          "tests": [
            {
              "title": "logs in, books an appointment, and verifies confirmation",
              "fullTitle": "Test 01 logs in, books an appointment, and verifies confirmation",
              "timedOut": null,
              "duration": 5902,
              "state": "passed",
              "speed": "medium",
              "pass": true,
              "fail": false,
              "pending": false,
              "context": null,
              "code": "// Login\nconst username = 'John Doe';\nconst password = 'ThisIsNotAPassword';\ncy.get('#txt-username').type(username);\ncy.get('#txt-password').type(password);\ncy.get('#btn-login').click();\ncy.wait(1000);\n// Pilih fasilitas\nconst selectedOption = 'Seoul CURA Healthcare Center';\ncy.get('#combo_facility').should('be.visible');\ncy.get('#combo_facility').select(selectedOption);\ncy.get('#combo_facility').should('have.value', selectedOption);\n// Checkbox\ncy.get('#chk_hospotal_readmission').should('not.be.checked').check().should('be.checked').uncheck().should('not.be.checked');\n// Tanggal kunjungan\nconst selectedDate = '1999-02-12';\ncy.get('#txt_visit_date').type(selectedDate);\ncy.get('#txt_visit_date').should('have.value', selectedDate);\n// Pilih program\ncy.get('#radio_program_medicaid').click();\n// Komentar\nconst comment = 'hallo world';\ncy.get('#txt_comment').type(comment);\n// Booking appointment\ncy.get('#btn-book-appointment').click();\n// Verifikasi halaman konfirmasi\ncy.get('#summary > .container > .row').should('exist');\ncy.get('.col-xs-12.text-center h2').should('have.text', 'Appointment Confirmation');\ncy.get('.col-xs-12.text-center p.lead').should('have.text', 'Please be informed that your appointment has been booked as following:');\ncy.get('.col-xs-12.text-center hr.small').should('exist');\ncy.get('.text-center > .btn').click();\ncy.get('.form-horizontal').should('exist');",
              "err": {},
              "uuid": "8e02fc63-7dd5-496e-8ae1-51572b22b662",
              "parentUUID": "c9671d37-3146-49c6-84dd-04190b370e57",
              "isHook": false,
              "skipped": false
            }
          ],
          "suites": [],
          "passes": [
            "8e02fc63-7dd5-496e-8ae1-51572b22b662"
          ],
          "failures": [],
          "pending": [],
          "skipped": [],
          "duration": 5902,
          "root": false,
          "rootEmpty": false,
          "_timeout": 2000
        }
      ],
      "passes": [],
      "failures": [],
      "pending": [],
      "skipped": [],
      "duration": 0,
      "root": true,
      "rootEmpty": true,
      "_timeout": 2000
    },
    {
      "uuid": "2bf6a388-dd74-4aac-8293-9544ea9bc114",
      "title": "",
      "fullFile": "cypress/e2e/3-demo/example2.cy.js",
      "file": "cypress/e2e/3-demo/example2.cy.js",
      "beforeHooks": [],
      "afterHooks": [],
      "tests": [],
      "suites": [
        {
          "uuid": "e11d8891-c44d-43f5-9c0e-633d054111d2",
          "title": "google",
          "fullFile": "",
          "file": "",
          "beforeHooks": [],
          "afterHooks": [],
          "tests": [
            {
              "title": "tests google",
              "fullTitle": "google tests google",
              "timedOut": null,
              "duration": 5315,
              "state": "passed",
              "speed": "medium",
              "pass": true,
              "fail": false,
              "pending": false,
              "context": null,
              "code": "cy.visit(\"https://www.google.com/\");\ncy.get(\"#APjFqb\").click();\ncy.get(\"#APjFqb\").type(\"instagram\");\ncy.get(\"#APjFqb\").type(\"{enter}\");\ncy.get('#APjFqb').should('have.value', 'instagram');\ncy.contains('Instagram').click();",
              "err": {},
              "uuid": "14129f22-48e7-4fd4-9abf-a0c4d8cdb659",
              "parentUUID": "e11d8891-c44d-43f5-9c0e-633d054111d2",
              "isHook": false,
              "skipped": false
            }
          ],
          "suites": [],
          "passes": [
            "14129f22-48e7-4fd4-9abf-a0c4d8cdb659"
          ],
          "failures": [],
          "pending": [],
          "skipped": [],
          "duration": 5315,
          "root": false,
          "rootEmpty": false,
          "_timeout": 2000
        }
      ],
      "passes": [],
      "failures": [],
      "pending": [],
      "skipped": [],
      "duration": 0,
      "root": true,
      "rootEmpty": true,
      "_timeout": 2000
    },
    {
      "uuid": "f13e292e-c79a-4b1a-bbc4-40981d90cde3",
      "title": "",
      "fullFile": "cypress/e2e/3-demo/booking_app.cy.js",
      "file": "cypress/e2e/3-demo/booking_app.cy.js",
      "beforeHooks": [],
      "afterHooks": [],
      "tests": [],
      "suites": [
        {
          "uuid": "927284a0-3f50-41ca-9f11-cb28bb159c49",
          "title": "Test 01",
          "fullFile": "",
          "file": "",
          "beforeHooks": [],
          "afterHooks": [],
          "tests": [
            {
              "title": "logs in, books an appointment, and verifies confirmation",
              "fullTitle": "Test 01 logs in, books an appointment, and verifies confirmation",
              "timedOut": null,
              "duration": 6032,
              "state": "passed",
              "speed": "medium",
              "pass": true,
              "fail": false,
              "pending": false,
              "context": null,
              "code": "// Login\nconst username = 'John Doe';\nconst password = 'ThisIsNotAPassword';\ncy.get('#txt-username').type(username);\ncy.get('#txt-password').type(password);\ncy.get('#btn-login').click();\ncy.wait(1000);\n// Pilih fasilitas\nconst selectedOption = 'Seoul CURA Healthcare Center';\ncy.get('#combo_facility').should('be.visible');\ncy.get('#combo_facility').select(selectedOption);\ncy.get('#combo_facility').should('have.value', selectedOption);\n// Checkbox\ncy.get('#chk_hospotal_readmission').should('not.be.checked').check().should('be.checked').uncheck().should('not.be.checked');\n// Tanggal kunjungan\nconst selectedDate = '1999-02-12';\ncy.get('#txt_visit_date').type(selectedDate);\ncy.get('#txt_visit_date').should('have.value', selectedDate);\n// Pilih program\ncy.get('#radio_program_medicaid').click();\n// Komentar\nconst comment = 'hallo world';\ncy.get('#txt_comment').type(comment);\n// Booking appointment\ncy.get('#btn-book-appointment').click();\n// Verifikasi halaman konfirmasi\ncy.get('#summary > .container > .row').should('exist');\ncy.get('.col-xs-12.text-center h2').should('have.text', 'Appointment Confirmation');\ncy.get('.col-xs-12.text-center p.lead').should('have.text', 'Please be informed that your appointment has been booked as following:');\ncy.get('.col-xs-12.text-center hr.small').should('exist');\ncy.get('.text-center > .btn').click();\ncy.get('.form-horizontal').should('exist');",
              "err": {},
              "uuid": "1ffc65ba-8f97-4ac7-ad47-ac25bc286401",
              "parentUUID": "927284a0-3f50-41ca-9f11-cb28bb159c49",
              "isHook": false,
              "skipped": false
            }
          ],
          "suites": [],
          "passes": [
            "1ffc65ba-8f97-4ac7-ad47-ac25bc286401"
          ],
          "failures": [],
          "pending": [],
          "skipped": [],
          "duration": 6032,
          "root": false,
          "rootEmpty": false,
          "_timeout": 2000
        }
      ],
      "passes": [],
      "failures": [],
      "pending": [],
      "skipped": [],
      "duration": 0,
      "root": true,
      "rootEmpty": true,
      "_timeout": 2000
    },
    {
      "uuid": "a2cf5b6a-a7f2-47bf-8ab6-1b517640669b",
      "title": "",
      "fullFile": "cypress/e2e/3-demo/example2.cy.js",
      "file": "cypress/e2e/3-demo/example2.cy.js",
      "beforeHooks": [],
      "afterHooks": [],
      "tests": [],
      "suites": [
        {
          "uuid": "c5ca17dc-526e-4052-b373-43046e6be74d",
          "title": "google",
          "fullFile": "",
          "file": "",
          "beforeHooks": [],
          "afterHooks": [],
          "tests": [
            {
              "title": "tests google",
              "fullTitle": "google tests google",
              "timedOut": null,
              "duration": 5592,
              "state": "passed",
              "speed": "medium",
              "pass": true,
              "fail": false,
              "pending": false,
              "context": null,
              "code": "cy.visit(\"https://www.google.com/\");\ncy.get(\"#APjFqb\").click();\ncy.get(\"#APjFqb\").type(\"instagram\");\ncy.get(\"#APjFqb\").type(\"{enter}\");\ncy.get('#APjFqb').should('have.value', 'instagram');\ncy.contains('Instagram').click();",
              "err": {},
              "uuid": "a556791b-fccc-4596-b3f1-f706118aa2d3",
              "parentUUID": "c5ca17dc-526e-4052-b373-43046e6be74d",
              "isHook": false,
              "skipped": false
            }
          ],
          "suites": [],
          "passes": [
            "a556791b-fccc-4596-b3f1-f706118aa2d3"
          ],
          "failures": [],
          "pending": [],
          "skipped": [],
          "duration": 5592,
          "root": false,
          "rootEmpty": false,
          "_timeout": 2000
        }
      ],
      "passes": [],
      "failures": [],
      "pending": [],
      "skipped": [],
      "duration": 0,
      "root": true,
      "rootEmpty": true,
      "_timeout": 2000
    },
    {
      "uuid": "06b781d9-a7d4-4d8f-b763-a0bc2416f8e8",
      "title": "",
      "fullFile": "cypress/e2e/3-demo/booking_app.cy.js",
      "file": "cypress/e2e/3-demo/booking_app.cy.js",
      "beforeHooks": [],
      "afterHooks": [],
      "tests": [],
      "suites": [
        {
          "uuid": "51c8ba7b-865d-4d5e-aa34-73e9b4f3d060",
          "title": "Test 01",
          "fullFile": "",
          "file": "",
          "beforeHooks": [],
          "afterHooks": [],
          "tests": [
            {
              "title": "logs in, books an appointment, and verifies confirmation",
              "fullTitle": "Test 01 logs in, books an appointment, and verifies confirmation",
              "timedOut": null,
              "duration": 6815,
              "state": "passed",
              "speed": "medium",
              "pass": true,
              "fail": false,
              "pending": false,
              "context": null,
              "code": "// Login\nconst username = 'John Doe';\nconst password = 'ThisIsNotAPassword';\ncy.get('#txt-username').type(username);\ncy.get('#txt-password').type(password);\ncy.get('#btn-login').click();\ncy.wait(1000);\n// Pilih fasilitas\nconst selectedOption = 'Seoul CURA Healthcare Center';\ncy.get('#combo_facility').should('be.visible');\ncy.get('#combo_facility').select(selectedOption);\ncy.get('#combo_facility').should('have.value', selectedOption);\n// Checkbox\ncy.get('#chk_hospotal_readmission').should('not.be.checked').check().should('be.checked').uncheck().should('not.be.checked');\n// Tanggal kunjungan\nconst selectedDate = '1999-02-12';\ncy.get('#txt_visit_date').type(selectedDate);\ncy.get('#txt_visit_date').should('have.value', selectedDate);\n// Pilih program\ncy.get('#radio_program_medicaid').click();\n// Komentar\nconst comment = 'hallo world';\ncy.get('#txt_comment').type(comment);\n// Booking appointment\ncy.get('#btn-book-appointment').click();\n// Verifikasi halaman konfirmasi\ncy.get('#summary > .container > .row').should('exist');\ncy.get('.col-xs-12.text-center h2').should('have.text', 'Appointment Confirmation');\ncy.get('.col-xs-12.text-center p.lead').should('have.text', 'Please be informed that your appointment has been booked as following:');\ncy.get('.col-xs-12.text-center hr.small').should('exist');\ncy.get('.text-center > .btn').click();\ncy.get('.form-horizontal').should('exist');",
              "err": {},
              "uuid": "7cda9f53-4a1c-4698-a19b-c3c3d4f85d7f",
              "parentUUID": "51c8ba7b-865d-4d5e-aa34-73e9b4f3d060",
              "isHook": false,
              "skipped": false
            }
          ],
          "suites": [],
          "passes": [
            "7cda9f53-4a1c-4698-a19b-c3c3d4f85d7f"
          ],
          "failures": [],
          "pending": [],
          "skipped": [],
          "duration": 6815,
          "root": false,
          "rootEmpty": false,
          "_timeout": 2000
        }
      ],
      "passes": [],
      "failures": [],
      "pending": [],
      "skipped": [],
      "duration": 0,
      "root": true,
      "rootEmpty": true,
      "_timeout": 2000
    },
    {
      "uuid": "db03ba55-0692-410d-8f45-86a7c43b4108",
      "title": "",
      "fullFile": "cypress/e2e/3-demo/booking_app.cy.js",
      "file": "cypress/e2e/3-demo/booking_app.cy.js",
      "beforeHooks": [],
      "afterHooks": [],
      "tests": [],
      "suites": [
        {
          "uuid": "2ae5904d-fd71-4f8b-b0af-c0f331298298",
          "title": "Test 01",
          "fullFile": "",
          "file": "",
          "beforeHooks": [],
          "afterHooks": [],
          "tests": [
            {
              "title": "logs in, books an appointment, and verifies confirmation",
              "fullTitle": "Test 01 logs in, books an appointment, and verifies confirmation",
              "timedOut": null,
              "duration": 6048,
              "state": "passed",
              "speed": "medium",
              "pass": true,
              "fail": false,
              "pending": false,
              "context": null,
[...]
              "fullTitle": "google tests google",
              "timedOut": null,
              "duration": 5841,
              "state": "passed",
              "speed": "medium",
              "pass": true,
              "fail": false,
              "pending": false,
              "context": null,
              "code": "cy.visit(\"https://www.google.com/\");\ncy.get(\"#APjFqb\").click();\ncy.get(\"#APjFqb\").type(\"instagram\");\ncy.get(\"#APjFqb\").type(\"{enter}\");\ncy.get('#APjFqb').should('have.value', 'instagram');\ncy.contains('Instagram').click();",
              "err": {},
              "uuid": "8deef845-43db-4799-9ae8-bf99384b9612",
              "parentUUID": "f8ffb337-5d22-496d-b3e1-76a8e493af09",
              "isHook": false,
              "skipped": false
            }
          ],
          "suites": [],
          "passes": [
            "8deef845-43db-4799-9ae8-bf99384b9612"
          ],
          "failures": [],
          "pending": [],
          "skipped": [],
          "duration": 5841,
          "root": false,
          "rootEmpty": false,
          "_timeout": 2000
        }
      ],
      "passes": [],
      "failures": [],
      "pending": [],
      "skipped": [],
      "duration": 0,
      "root": true,
      "rootEmpty": true,
      "_timeout": 2000
    },
    {
      "uuid": "b91fa8d9-6824-4696-bbc3-2d6307a7f4bc",
      "title": "",
      "fullFile": "cypress/e2e/3-demo/booking_app.cy.js",
      "file": "cypress/e2e/3-demo/booking_app.cy.js",
      "beforeHooks": [],
      "afterHooks": [],
      "tests": [],
      "suites": [
        {
          "uuid": "02cf56c2-8a79-4f5c-90af-ab8c366cf4d6",
          "title": "Test 01",
          "fullFile": "",
          "file": "",
          "beforeHooks": [],
          "afterHooks": [],
          "tests": [
            {
              "title": "logs in, books an appointment, and verifies confirmation",
              "fullTitle": "Test 01 logs in, books an appointment, and verifies confirmation",
              "timedOut": null,
              "duration": 7649,
              "state": "passed",
              "speed": "medium",
              "pass": true,
              "fail": false,
              "pending": false,
              "context": null,
              "code": "// Login\nconst username = 'John Doe';\nconst password = 'ThisIsNotAPassword';\ncy.get('#txt-username').type(username);\ncy.get('#txt-password').type(password);\ncy.get('#btn-login').click();\ncy.wait(1000);\n// Pilih fasilitas\nconst selectedOption = 'Seoul CURA Healthcare Center';\ncy.get('#combo_facility').should('be.visible');\ncy.get('#combo_facility').select(selectedOption);\ncy.get('#combo_facility').should('have.value', selectedOption);\n// Checkbox\ncy.get('#chk_hospotal_readmission').should('not.be.checked').check().should('be.checked').uncheck().should('not.be.checked');\n// Tanggal kunjungan\nconst selectedDate = '1999-02-12';\ncy.get('#txt_visit_date').type(selectedDate);\ncy.get('#txt_visit_date').should('have.value', selectedDate);\n// Pilih program\ncy.get('#radio_program_medicaid').click();\n// Komentar\nconst comment = 'hallo world';\ncy.get('#txt_comment').type(comment);\n// Booking appointment\ncy.get('#btn-book-appointment').click();\n// Verifikasi halaman konfirmasi\ncy.get('#summary > .container > .row').should('exist');\ncy.get('.col-xs-12.text-center h2').should('have.text', 'Appointment Confirmation');\ncy.get('.col-xs-12.text-center p.lead').should('have.text', 'Please be informed that your appointment has been booked as following:');\ncy.get('.col-xs-12.text-center hr.small').should('exist');\ncy.get('.text-center > .btn').click();\ncy.get('.form-horizontal').should('exist');",
              "err": {},
              "uuid": "d9b00f31-26b1-4e4d-82db-3767fbfeb469",
              "parentUUID": "02cf56c2-8a79-4f5c-90af-ab8c366cf4d6",
              "isHook": false,
              "skipped": false
            }
          ],
          "suites": [],
          "passes": [
            "d9b00f31-26b1-4e4d-82db-3767fbfeb469"
          ],
          "failures": [],
          "pending": [],
          "skipped": [],
          "duration": 7649,
          "root": false,
          "rootEmpty": false,
          "_timeout": 2000
        }
      ],
      "passes": [],
      "failures": [],
      "pending": [],
      "skipped": [],
      "duration": 0,
      "root": true,
      "rootEmpty": true,
      "_timeout": 2000
    },
    {
      "uuid": "06b80ed4-9825-47e8-8fda-a9f8a81f6845",
      "title": "",
      "fullFile": "cypress/e2e/3-demo/example2.cy.js",
      "file": "cypress/e2e/3-demo/example2.cy.js",
      "beforeHooks": [],
      "afterHooks": [],
      "tests": [],
      "suites": [
        {
          "uuid": "0ad0008a-a729-4b55-ab04-7b42cc5aa819",
          "title": "google",
          "fullFile": "",
          "file": "",
          "beforeHooks": [],
          "afterHooks": [],
          "tests": [
            {
              "title": "tests google",
              "fullTitle": "google tests google",
              "timedOut": null,
              "duration": 5723,
              "state": "passed",
              "speed": "medium",
              "pass": true,
              "fail": false,
              "pending": false,
              "context": null,
              "code": "cy.visit(\"https://www.google.com/\");\ncy.get(\"#APjFqb\").click();\ncy.get(\"#APjFqb\").type(\"instagram\");\ncy.get(\"#APjFqb\").type(\"{enter}\");\ncy.get('#APjFqb').should('have.value', 'instagram');\ncy.contains('Instagram').click();",
              "err": {},
              "uuid": "a60db875-6f66-44ee-865e-67872ea39b25",
              "parentUUID": "0ad0008a-a729-4b55-ab04-7b42cc5aa819",
              "isHook": false,
              "skipped": false
            }
          ],
          "suites": [],
          "passes": [
            "a60db875-6f66-44ee-865e-67872ea39b25"
          ],
          "failures": [],
          "pending": [],
          "skipped": [],
          "duration": 5723,
          "root": false,
          "rootEmpty": false,
          "_timeout": 2000
        }
      ],
      "passes": [],
      "failures": [],
      "pending": [],
      "skipped": [],
      "duration": 0,
      "root": true,
      "rootEmpty": true,
      "_timeout": 2000
    },
    {
      "uuid": "18b04744-8603-4a04-86d5-504244071b7b",
      "title": "",
      "fullFile": "cypress/e2e/3-demo/booking_app.cy.js",
      "file": "cypress/e2e/3-demo/booking_app.cy.js",
      "beforeHooks": [],
      "afterHooks": [],
      "tests": [],
      "suites": [
        {
          "uuid": "60f21af1-4469-46c5-a5b5-2aebe4dea4c6",
          "title": "Test 01",
          "fullFile": "",
          "file": "",
          "beforeHooks": [],
          "afterHooks": [],
          "tests": [
            {
              "title": "logs in, books an appointment, and verifies confirmation",
              "fullTitle": "Test 01 logs in, books an appointment, and verifies confirmation",
              "timedOut": null,
              "duration": 6021,
              "state": "passed",
              "speed": "medium",
              "pass": true,
              "fail": false,
              "pending": false,
              "context": null,
              "code": "// Login\nconst username = 'John Doe';\nconst password = 'ThisIsNotAPassword';\ncy.get('#txt-username').type(username);\ncy.get('#txt-password').type(password);\ncy.get('#btn-login').click();\ncy.wait(1000);\n// Pilih fasilitas\nconst selectedOption = 'Seoul CURA Healthcare Center';\ncy.get('#combo_facility').should('be.visible');\ncy.get('#combo_facility').select(selectedOption);\ncy.get('#combo_facility').should('have.value', selectedOption);\n// Checkbox\ncy.get('#chk_hospotal_readmission').should('not.be.checked').check().should('be.checked').uncheck().should('not.be.checked');\n// Tanggal kunjungan\nconst selectedDate = '1999-02-12';\ncy.get('#txt_visit_date').type(selectedDate);\ncy.get('#txt_visit_date').should('have.value', selectedDate);\n// Pilih program\ncy.get('#radio_program_medicaid').click();\n// Komentar\nconst comment = 'hallo world';\ncy.get('#txt_comment').type(comment);\n// Booking appointment\ncy.get('#btn-book-appointment').click();\n// Verifikasi halaman konfirmasi\ncy.get('#summary > .container > .row').should('exist');\ncy.get('.col-xs-12.text-center h2').should('have.text', 'Appointment Confirmation');\ncy.get('.col-xs-12.text-center p.lead').should('have.text', 'Please be informed that your appointment has been booked as following:');\ncy.get('.col-xs-12.text-center hr.small').should('exist');\ncy.get('.text-center > .btn').click();\ncy.get('.form-horizontal').should('exist');",
              "err": {},
              "uuid": "9868afed-f3a4-44e1-a61b-d4ce8db354c1",
              "parentUUID": "60f21af1-4469-46c5-a5b5-2aebe4dea4c6",
              "isHook": false,
              "skipped": false
            }
          ],
          "suites": [],
          "passes": [
            "9868afed-f3a4-44e1-a61b-d4ce8db354c1"
          ],
          "failures": [],
          "pending": [],
          "skipped": [],
          "duration": 6021,
          "root": false,
          "rootEmpty": false,
          "_timeout": 2000
        }
      ],
      "passes": [],
      "failures": [],
      "pending": [],
      "skipped": [],
      "duration": 0,
      "root": true,
      "rootEmpty": true,
      "_timeout": 2000
    },
    {
      "uuid": "98fa2d64-3fa0-447c-afbe-5863d3e98158",
      "title": "",
      "fullFile": "cypress/e2e/3-demo/example2.cy.js",
      "file": "cypress/e2e/3-demo/example2.cy.js",
      "beforeHooks": [],
      "afterHooks": [],
      "tests": [],
      "suites": [
        {
          "uuid": "5adddb2c-85f3-420d-847a-17f54302f646",
          "title": "google",
          "fullFile": "",
          "file": "",
          "beforeHooks": [],
          "afterHooks": [],
          "tests": [
            {
              "title": "tests google",
              "fullTitle": "google tests google",
              "timedOut": null,
              "duration": 6690,
              "state": "passed",
              "speed": "medium",
              "pass": true,
              "fail": false,
              "pending": false,
              "context": null,
              "code": "cy.visit(\"https://www.google.com/\");\ncy.get(\"#APjFqb\").click();\ncy.get(\"#APjFqb\").type(\"instagram\");\ncy.get(\"#APjFqb\").type(\"{enter}\");\ncy.get('#APjFqb').should('have.value', 'instagram');\ncy.contains('Instagram').click();",
              "err": {},
              "uuid": "27b5948b-515f-4ae0-99af-e7412a0292b9",
              "parentUUID": "5adddb2c-85f3-420d-847a-17f54302f646",
              "isHook": false,
              "skipped": false
            }
          ],
          "suites": [],
          "passes": [
            "27b5948b-515f-4ae0-99af-e7412a0292b9"
          ],
          "failures": [],
          "pending": [],
          "skipped": [],
          "duration": 6690,
          "root": false,
          "rootEmpty": false,
          "_timeout": 2000
        }
      ],
      "passes": [],
      "failures": [],
      "pending": [],
      "skipped": [],
      "duration": 0,
      "root": true,
      "rootEmpty": true,
      "_timeout": 2000
    },
    {
      "uuid": "0b533877-6bbb-4548-965b-1ebcfd56f22f",
      "title": "",
      "fullFile": "cypress/e2e/3-demo/booking_app.cy.js",
      "file": "cypress/e2e/3-demo/booking_app.cy.js",
      "beforeHooks": [],
      "afterHooks": [],
      "tests": [],
      "suites": [
        {
          "uuid": "f7faa41c-9995-4ac0-9b1c-040d90a665b9",
          "title": "Test 01",
          "fullFile": "",
          "file": "",
          "beforeHooks": [],
          "afterHooks": [],
          "tests": [
            {
              "title": "logs in, books an appointment, and verifies confirmation",
              "fullTitle": "Test 01 logs in, books an appointment, and verifies confirmation",
              "timedOut": null,
              "duration": 5791,
              "state": "passed",
              "speed": "medium",
              "pass": true,
              "fail": false,
              "pending": false,
              "context": null,
              "code": "// Login\nconst username = 'John Doe';\nconst password = 'ThisIsNotAPassword';\ncy.get('#txt-username').type(username);\ncy.get('#txt-password').type(password);\ncy.get('#btn-login').click();\ncy.wait(1000);\n// Pilih fasilitas\nconst selectedOption = 'Seoul CURA Healthcare Center';\ncy.get('#combo_facility').should('be.visible');\ncy.get('#combo_facility').select(selectedOption);\ncy.get('#combo_facility').should('have.value', selectedOption);\n// Checkbox\ncy.get('#chk_hospotal_readmission').should('not.be.checked').check().should('be.checked').uncheck().should('not.be.checked');\n// Tanggal kunjungan\nconst selectedDate = '1999-02-12';\ncy.get('#txt_visit_date').type(selectedDate);\ncy.get('#txt_visit_date').should('have.value', selectedDate);\n// Pilih program\ncy.get('#radio_program_medicaid').click();\n// Komentar\nconst comment = 'hallo world';\ncy.get('#txt_comment').type(comment);\n// Booking appointment\ncy.get('#btn-book-appointment').click();\n// Verifikasi halaman konfirmasi\ncy.get('#summary > .container > .row').should('exist');\ncy.get('.col-xs-12.text-center h2').should('have.text', 'Appointment Confirmation');\ncy.get('.col-xs-12.text-center p.lead').should('have.text', 'Please be informed that your appointment has been booked as following:');\ncy.get('.col-xs-12.text-center hr.small').should('exist');\ncy.get('.text-center > .btn').click();\ncy.get('.form-horizontal').should('exist');",
              "err": {},
              "uuid": "a8c0c621-074f-4f59-888e-6be815fb86ba",
              "parentUUID": "f7faa41c-9995-4ac0-9b1c-040d90a665b9",
              "isHook": false,
              "skipped": false
            }
          ],
          "suites": [],
          "passes": [
            "a8c0c621-074f-4f59-888e-6be815fb86ba"
          ],
          "failures": [],
          "pending": [],
          "skipped": [],
          "duration": 5791,
          "root": false,
          "rootEmpty": false,
          "_timeout": 2000
        }
      ],
      "passes": [],
      "failures": [],
      "pending": [],
      "skipped": [],
      "duration": 0,
      "root": true,
      "rootEmpty": true,
      "_timeout": 2000
    },
    {
      "uuid": "4e8f1c78-0eea-41b3-b180-f1436ce1ff27",
      "title": "",
      "fullFile": "cypress/e2e/3-demo/booking_app.cy.js",
      "file": "cypress/e2e/3-demo/booking_app.cy.js",
      "beforeHooks": [],
      "afterHooks": [],
      "tests": [],
      "suites": [
        {
          "uuid": "f313d07a-994c-4d8a-9f9f-856706ed5707",
          "title": "Test 01",
          "fullFile": "",
          "file": "",
          "beforeHooks": [],
          "afterHooks": [],
          "tests": [
            {
              "title": "logs in, books an appointment, and verifies confirmation",
              "fullTitle": "Test 01 logs in, books an appointment, and verifies confirmation",
              "timedOut": null,
              "duration": 7988,
              "state": "passed",
              "speed": "medium",
              "pass": true,
              "fail": false,
              "pending": false,
              "context": null,
              "code": "// Login\nconst username = 'John Doe';\nconst password = 'ThisIsNotAPassword';\ncy.get('#txt-username').type(username);\ncy.get('#txt-password').type(password);\ncy.get('#btn-login').click();\ncy.wait(1000);\n// Pilih fasilitas\nconst selectedOption = 'Seoul CURA Healthcare Center';\ncy.get('#combo_facility').should('be.visible');\ncy.get('#combo_facility').select(selectedOption);\ncy.get('#combo_facility').should('have.value', selectedOption);\n// Checkbox\ncy.get('#chk_hospotal_readmission').should('not.be.checked').check().should('be.checked').uncheck().should('not.be.checked');\n// Tanggal kunjungan\nconst selectedDate = '1999-02-12';\ncy.get('#txt_visit_date').type(selectedDate);\ncy.get('#txt_visit_date').should('have.value', selectedDate);\n// Pilih program\ncy.get('#radio_program_medicaid').click();\n// Komentar\nconst comment = 'hallo world';\ncy.get('#txt_comment').type(comment);\n// Booking appointment\ncy.get('#btn-book-appointment').click();\n// Verifikasi halaman konfirmasi\ncy.get('#summary > .container > .row').should('exist');\ncy.get('.col-xs-12.text-center h2').should('have.text', 'Appointment Confirmation');\ncy.get('.col-xs-12.text-center p.lead').should('have.text', 'Please be informed that your appointment has been booked as following:');\ncy.get('.col-xs-12.text-center hr.small').should('exist');\ncy.get('.text-center > .btn').click();\ncy.get('.form-horizontal').should('exist');",
              "err": {},
              "uuid": "bedea86b-2bfb-43a5-9630-e7ddf43d45fa",
              "parentUUID": "f313d07a-994c-4d8a-9f9f-856706ed5707",
              "isHook": false,
              "skipped": false
            }
          ],
          "suites": [],
          "passes": [
            "bedea86b-2bfb-43a5-9630-e7ddf43d45fa"
          ],
          "failures": [],
          "pending": [],
          "skipped": [],
          "duration": 7988,
          "root": false,
          "rootEmpty": false,
          "_timeout": 2000
        }
      ],
      "passes": [],
      "failures": [],
      "pending": [],
      "skipped": [],
      "duration": 0,
      "root": true,
      "rootEmpty": true,
      "_timeout": 2000
    },
    {
      "uuid": "a6b945c1-2d39-4a50-8e8b-ee7c4987d911",
      "title": "",
      "fullFile": "cypress/e2e/3-demo/example2.cy.js",
      "file": "cypress/e2e/3-demo/example2.cy.js",
      "beforeHooks": [],
      "afterHooks": [],
      "tests": [],
      "suites": [
        {
          "uuid": "7d13c2cb-a8c5-476c-b19f-e91e26ebd641",
          "title": "google",
          "fullFile": "",
          "file": "",
          "beforeHooks": [],
          "afterHooks": [],
          "tests": [
            {
              "title": "tests google",
              "fullTitle": "google tests google",
              "timedOut": null,
              "duration": 6521,
              "state": "passed",
              "speed": "medium",
              "pass": true,
              "fail": false,
              "pending": false,
              "context": null,
              "code": "cy.visit(\"https://www.google.com/\");\ncy.get(\"#APjFqb\").click();\ncy.get(\"#APjFqb\").type(\"instagram\");\ncy.get(\"#APjFqb\").type(\"{enter}\");\ncy.get('#APjFqb').should('have.value', 'instagram');\ncy.contains('Instagram').click();",
              "err": {},
              "uuid": "4f7c819a-146f-4a93-8886-f9a3eae1c277",
              "parentUUID": "7d13c2cb-a8c5-476c-b19f-e91e26ebd641",
              "isHook": false,
              "skipped": false
            }
          ],
          "suites": [],
          "passes": [
            "4f7c819a-146f-4a93-8886-f9a3eae1c277"
          ],
          "failures": [],
          "pending": [],
          "skipped": [],
          "duration": 6521,
          "root": false,
          "rootEmpty": false,
          "_timeout": 2000
        }
      ],
      "passes": [],
      "failures": [],
      "pending": [],
      "skipped": [],
      "duration": 0,
      "root": true,
      "rootEmpty": true,
      "_timeout": 2000
    }
  ],
  "meta": {
    "mocha": {
      "version": "7.0.1"
    },
    "mochawesome": {
      "options": {
        "quiet": false,
        "reportFilename": "mochawesome",
        "saveHtml": false,
        "saveJson": true,
        "consoleReporter": "spec",
        "useInlineDiffs": false,
        "code": true
      },
      "version": "7.1.3"
    },
    "marge": {
      "options": {
        "charts": true,
        "overwrite": false,
        "html": false,
        "json": true,
        "reportDir": "cypress/reports/mocha"
      },
      "version": "6.2.0"
    }
  }
}